mode: set
github.com/pbrown12303/activeCRL/core/FunctionCall.go:24.157,25.19 1 0
github.com/pbrown12303/activeCRL/core/FunctionCall.go:28.2,33.27 6 0
github.com/pbrown12303/activeCRL/core/FunctionCall.go:25.19,27.3 1 0
github.com/pbrown12303/activeCRL/core/FunctionCall.go:40.55,45.89 1 0
github.com/pbrown12303/activeCRL/core/FunctionCall.go:48.2,48.14 1 0
github.com/pbrown12303/activeCRL/core/FunctionCall.go:45.89,47.3 1 0
github.com/pbrown12303/activeCRL/core/Reference.go:34.41,35.12 1 1
github.com/pbrown12303/activeCRL/core/Reference.go:53.2,53.20 1 0
github.com/pbrown12303/activeCRL/core/Reference.go:36.19,37.23 1 1
github.com/pbrown12303/activeCRL/core/Reference.go:38.23,39.27 1 1
github.com/pbrown12303/activeCRL/core/Reference.go:40.27,41.31 1 1
github.com/pbrown12303/activeCRL/core/Reference.go:42.25,43.29 1 0
github.com/pbrown12303/activeCRL/core/Reference.go:44.24,45.28 1 0
github.com/pbrown12303/activeCRL/core/Reference.go:46.20,47.24 1 0
github.com/pbrown12303/activeCRL/core/Reference.go:48.13,49.17 1 0
github.com/pbrown12303/activeCRL/core/Reference.go:50.18,51.22 1 0
github.com/pbrown12303/activeCRL/core/Reference.go:57.66,58.20 1 1
github.com/pbrown12303/activeCRL/core/Reference.go:72.2,72.94 1 1
github.com/pbrown12303/activeCRL/core/Reference.go:59.21,60.26 1 1
github.com/pbrown12303/activeCRL/core/Reference.go:61.25,62.30 1 1
github.com/pbrown12303/activeCRL/core/Reference.go:63.29,64.34 1 1
github.com/pbrown12303/activeCRL/core/Reference.go:65.27,66.32 1 1
github.com/pbrown12303/activeCRL/core/Reference.go:67.26,68.31 1 1
github.com/pbrown12303/activeCRL/core/Reference.go:69.22,70.27 1 0
github.com/pbrown12303/activeCRL/core/Reference.go:83.57,89.2 5 1
github.com/pbrown12303/activeCRL/core/Reference.go:91.76,95.2 3 1
github.com/pbrown12303/activeCRL/core/Reference.go:99.70,102.2 2 1
github.com/pbrown12303/activeCRL/core/Reference.go:104.61,106.2 1 1
github.com/pbrown12303/activeCRL/core/Reference.go:109.71,112.2 2 1
github.com/pbrown12303/activeCRL/core/Reference.go:115.82,118.2 2 1
github.com/pbrown12303/activeCRL/core/Reference.go:121.76,123.36 2 0
github.com/pbrown12303/activeCRL/core/Reference.go:148.2,148.11 1 0
github.com/pbrown12303/activeCRL/core/Reference.go:123.36,125.31 2 0
github.com/pbrown12303/activeCRL/core/Reference.go:125.31,126.55 1 0
github.com/pbrown12303/activeCRL/core/Reference.go:129.4,129.62 1 0
github.com/pbrown12303/activeCRL/core/Reference.go:126.55,128.5 1 0
github.com/pbrown12303/activeCRL/core/Reference.go:130.19,131.60 1 0
github.com/pbrown12303/activeCRL/core/Reference.go:134.20,135.58 1 0
github.com/pbrown12303/activeCRL/core/Reference.go:138.5,138.57 1 0
github.com/pbrown12303/activeCRL/core/Reference.go:141.17,142.53 1 0
github.com/pbrown12303/activeCRL/core/Reference.go:131.60,133.6 1 0
github.com/pbrown12303/activeCRL/core/Reference.go:135.58,137.6 1 0
github.com/pbrown12303/activeCRL/core/Reference.go:138.57,140.6 1 0
github.com/pbrown12303/activeCRL/core/Reference.go:142.53,144.6 1 0
github.com/pbrown12303/activeCRL/core/Reference.go:152.73,155.2 2 1
github.com/pbrown12303/activeCRL/core/Reference.go:157.74,159.2 1 1
github.com/pbrown12303/activeCRL/core/Reference.go:161.118,163.30 2 1
github.com/pbrown12303/activeCRL/core/Reference.go:166.2,168.56 3 1
github.com/pbrown12303/activeCRL/core/Reference.go:174.2,174.64 1 1
github.com/pbrown12303/activeCRL/core/Reference.go:180.2,180.66 1 1
github.com/pbrown12303/activeCRL/core/Reference.go:186.2,186.64 1 1
github.com/pbrown12303/activeCRL/core/Reference.go:163.30,165.3 1 1
github.com/pbrown12303/activeCRL/core/Reference.go:168.56,169.12 1 1
github.com/pbrown12303/activeCRL/core/Reference.go:172.3,172.15 1 1
github.com/pbrown12303/activeCRL/core/Reference.go:169.12,171.4 1 0
github.com/pbrown12303/activeCRL/core/Reference.go:174.64,175.12 1 1
github.com/pbrown12303/activeCRL/core/Reference.go:178.3,178.15 1 1
github.com/pbrown12303/activeCRL/core/Reference.go:175.12,177.4 1 0
github.com/pbrown12303/activeCRL/core/Reference.go:180.66,181.12 1 1
github.com/pbrown12303/activeCRL/core/Reference.go:184.3,184.15 1 1
github.com/pbrown12303/activeCRL/core/Reference.go:181.12,183.4 1 0
github.com/pbrown12303/activeCRL/core/Reference.go:190.54,197.2 6 1
github.com/pbrown12303/activeCRL/core/Reference.go:199.75,205.2 5 1
github.com/pbrown12303/activeCRL/core/Reference.go:210.115,212.16 2 1
github.com/pbrown12303/activeCRL/core/Reference.go:216.2,218.16 3 1
github.com/pbrown12303/activeCRL/core/Reference.go:222.2,226.16 4 1
github.com/pbrown12303/activeCRL/core/Reference.go:230.2,232.16 3 1
github.com/pbrown12303/activeCRL/core/Reference.go:236.2,240.16 4 1
github.com/pbrown12303/activeCRL/core/Reference.go:244.2,245.16 2 1
github.com/pbrown12303/activeCRL/core/Reference.go:249.2,249.12 1 1
github.com/pbrown12303/activeCRL/core/Reference.go:212.16,214.3 1 0
github.com/pbrown12303/activeCRL/core/Reference.go:218.16,221.3 2 0
github.com/pbrown12303/activeCRL/core/Reference.go:226.16,229.3 2 0
github.com/pbrown12303/activeCRL/core/Reference.go:232.16,235.3 2 0
github.com/pbrown12303/activeCRL/core/Reference.go:240.16,243.3 2 0
github.com/pbrown12303/activeCRL/core/Reference.go:245.16,248.3 2 0
github.com/pbrown12303/activeCRL/core/Reference.go:254.109,255.22 1 1
github.com/pbrown12303/activeCRL/core/Reference.go:258.2,260.15 3 1
github.com/pbrown12303/activeCRL/core/Reference.go:263.2,263.59 1 1
github.com/pbrown12303/activeCRL/core/Reference.go:255.22,257.3 1 0
github.com/pbrown12303/activeCRL/core/Reference.go:260.15,262.3 1 1
github.com/pbrown12303/activeCRL/core/Reference.go:267.112,268.22 1 1
github.com/pbrown12303/activeCRL/core/Reference.go:271.2,272.26 2 1
github.com/pbrown12303/activeCRL/core/Reference.go:275.2,277.87 3 1
github.com/pbrown12303/activeCRL/core/Reference.go:337.2,337.12 1 1
github.com/pbrown12303/activeCRL/core/Reference.go:268.22,270.3 1 0
github.com/pbrown12303/activeCRL/core/Reference.go:272.26,274.3 1 1
github.com/pbrown12303/activeCRL/core/Reference.go:277.87,278.17 1 1
github.com/pbrown12303/activeCRL/core/Reference.go:298.3,299.17 2 1
github.com/pbrown12303/activeCRL/core/Reference.go:302.3,304.37 3 1
github.com/pbrown12303/activeCRL/core/Reference.go:313.3,313.17 1 1
github.com/pbrown12303/activeCRL/core/Reference.go:318.3,320.34 3 1
github.com/pbrown12303/activeCRL/core/Reference.go:328.3,329.18 2 1
github.com/pbrown12303/activeCRL/core/Reference.go:332.3,333.17 2 1
github.com/pbrown12303/activeCRL/core/Reference.go:278.17,280.47 2 1
github.com/pbrown12303/activeCRL/core/Reference.go:294.4,294.35 1 1
github.com/pbrown12303/activeCRL/core/Reference.go:281.29,282.40 1 0
github.com/pbrown12303/activeCRL/core/Reference.go:287.45,288.40 1 0
github.com/pbrown12303/activeCRL/core/Reference.go:283.20,283.20 0 0
github.com/pbrown12303/activeCRL/core/Reference.go:284.13,285.162 1 0
github.com/pbrown12303/activeCRL/core/Reference.go:289.21,289.21 0 0
github.com/pbrown12303/activeCRL/core/Reference.go:290.13,291.181 1 0
github.com/pbrown12303/activeCRL/core/Reference.go:294.35,296.5 1 1
github.com/pbrown12303/activeCRL/core/Reference.go:299.17,301.4 1 0
github.com/pbrown12303/activeCRL/core/Reference.go:304.37,306.35 2 1
github.com/pbrown12303/activeCRL/core/Reference.go:306.35,308.19 2 1
github.com/pbrown12303/activeCRL/core/Reference.go:308.19,310.6 1 0
github.com/pbrown12303/activeCRL/core/Reference.go:313.17,314.35 1 1
github.com/pbrown12303/activeCRL/core/Reference.go:314.35,316.5 1 1
github.com/pbrown12303/activeCRL/core/Reference.go:320.34,322.4 1 1
github.com/pbrown12303/activeCRL/core/Reference.go:322.9,324.18 2 1
github.com/pbrown12303/activeCRL/core/Reference.go:324.18,326.5 1 0
github.com/pbrown12303/activeCRL/core/Reference.go:329.18,331.4 1 0
github.com/pbrown12303/activeCRL/core/Reference.go:333.17,335.4 1 0
github.com/pbrown12303/activeCRL/core/UndoStack.go:9.33,11.2 1 0
github.com/pbrown12303/activeCRL/core/UndoStack.go:13.47,15.2 1 0
github.com/pbrown12303/activeCRL/core/UndoStack.go:17.53,19.2 1 1
github.com/pbrown12303/activeCRL/core/UndoStack.go:21.47,25.2 3 1
github.com/pbrown12303/activeCRL/core/UofDManager.go:24.88,26.2 1 0
github.com/pbrown12303/activeCRL/core/UofDManager.go:30.92,32.2 1 0
github.com/pbrown12303/activeCRL/core/UofDManager.go:36.44,40.55 4 0
github.com/pbrown12303/activeCRL/core/UofDManager.go:46.2,46.59 1 0
github.com/pbrown12303/activeCRL/core/UofDManager.go:52.2,52.12 1 0
github.com/pbrown12303/activeCRL/core/UofDManager.go:40.55,42.17 2 0
github.com/pbrown12303/activeCRL/core/UofDManager.go:42.17,44.4 1 0
github.com/pbrown12303/activeCRL/core/UofDManager.go:46.59,48.17 2 0
github.com/pbrown12303/activeCRL/core/UofDManager.go:48.17,50.4 1 0
github.com/pbrown12303/activeCRL/core/StringStringMap.go:20.44,24.2 3 1
github.com/pbrown12303/activeCRL/core/StringStringMap.go:27.39,31.2 3 0
github.com/pbrown12303/activeCRL/core/StringStringMap.go:34.59,38.43 4 1
github.com/pbrown12303/activeCRL/core/StringStringMap.go:41.2,41.13 1 1
github.com/pbrown12303/activeCRL/core/StringStringMap.go:38.43,40.3 1 1
github.com/pbrown12303/activeCRL/core/StringStringMap.go:45.55,49.2 3 1
github.com/pbrown12303/activeCRL/core/StringStringMap.go:52.59,56.2 3 1
github.com/pbrown12303/activeCRL/core/StringStringMap.go:60.96,62.30 2 1
github.com/pbrown12303/activeCRL/core/StringStringMap.go:65.2,69.50 5 1
github.com/pbrown12303/activeCRL/core/StringStringMap.go:86.2,86.34 1 1
github.com/pbrown12303/activeCRL/core/StringStringMap.go:99.2,99.13 1 1
github.com/pbrown12303/activeCRL/core/StringStringMap.go:62.30,64.3 1 1
github.com/pbrown12303/activeCRL/core/StringStringMap.go:69.50,70.12 1 1
github.com/pbrown12303/activeCRL/core/StringStringMap.go:84.3,84.15 1 1
github.com/pbrown12303/activeCRL/core/StringStringMap.go:70.12,72.36 2 0
github.com/pbrown12303/activeCRL/core/StringStringMap.go:77.4,78.34 2 0
github.com/pbrown12303/activeCRL/core/StringStringMap.go:72.36,73.49 1 0
github.com/pbrown12303/activeCRL/core/StringStringMap.go:73.49,75.6 1 0
github.com/pbrown12303/activeCRL/core/StringStringMap.go:78.34,79.49 1 0
github.com/pbrown12303/activeCRL/core/StringStringMap.go:79.49,81.6 1 0
github.com/pbrown12303/activeCRL/core/StringStringMap.go:86.34,87.47 1 1
github.com/pbrown12303/activeCRL/core/StringStringMap.go:87.47,88.13 1 0
github.com/pbrown12303/activeCRL/core/StringStringMap.go:96.4,96.16 1 0
github.com/pbrown12303/activeCRL/core/StringStringMap.go:88.13,90.37 2 0
github.com/pbrown12303/activeCRL/core/StringStringMap.go:90.37,91.50 1 0
github.com/pbrown12303/activeCRL/core/StringStringMap.go:91.50,93.7 1 0
github.com/pbrown12303/activeCRL/core/StringStringMap.go:103.54,106.42 3 0
github.com/pbrown12303/activeCRL/core/StringStringMap.go:106.42,108.3 1 0
github.com/pbrown12303/activeCRL/core/StringStringMap.go:112.66,116.2 3 1
github.com/pbrown12303/activeCRL/core/StringStringMap.go:119.47,124.2 1 1
github.com/pbrown12303/activeCRL/core/StringStringMap.go:127.49,132.2 1 1
github.com/pbrown12303/activeCRL/core/BaseGraph.go:26.63,38.2 11 1
github.com/pbrown12303/activeCRL/core/BaseGraph.go:44.102,48.42 3 1
github.com/pbrown12303/activeCRL/core/BaseGraph.go:51.2,59.58 6 1
github.com/pbrown12303/activeCRL/core/BaseGraph.go:91.2,91.42 1 1
github.com/pbrown12303/activeCRL/core/BaseGraph.go:95.2,95.31 1 1
github.com/pbrown12303/activeCRL/core/BaseGraph.go:48.42,50.3 1 1
github.com/pbrown12303/activeCRL/core/BaseGraph.go:60.17,62.30 2 0
github.com/pbrown12303/activeCRL/core/BaseGraph.go:70.18,72.29 2 0
github.com/pbrown12303/activeCRL/core/BaseGraph.go:80.3,81.28 2 0
github.com/pbrown12303/activeCRL/core/BaseGraph.go:62.30,69.4 6 0
github.com/pbrown12303/activeCRL/core/BaseGraph.go:72.29,79.4 6 0
github.com/pbrown12303/activeCRL/core/BaseGraph.go:81.28,88.4 6 0
github.com/pbrown12303/activeCRL/core/BaseGraph.go:91.42,94.3 2 0
github.com/pbrown12303/activeCRL/core/BaseGraph.go:102.84,103.18 1 1
github.com/pbrown12303/activeCRL/core/BaseGraph.go:106.2,107.19 2 1
github.com/pbrown12303/activeCRL/core/BaseGraph.go:103.18,105.3 1 0
github.com/pbrown12303/activeCRL/core/BaseGraph.go:107.19,115.3 7 0
github.com/pbrown12303/activeCRL/core/BaseGraph.go:119.54,121.2 1 1
github.com/pbrown12303/activeCRL/core/BaseGraph.go:123.58,126.2 2 1
github.com/pbrown12303/activeCRL/core/BaseGraph.go:128.83,134.16 6 0
github.com/pbrown12303/activeCRL/core/BaseGraph.go:134.16,137.3 2 0
github.com/pbrown12303/activeCRL/core/BaseGraph.go:139.82,145.16 6 0
github.com/pbrown12303/activeCRL/core/BaseGraph.go:145.16,148.3 2 0
github.com/pbrown12303/activeCRL/core/BaseGraph.go:150.84,156.16 6 0
github.com/pbrown12303/activeCRL/core/BaseGraph.go:156.16,159.3 2 0
github.com/pbrown12303/activeCRL/core/BaseGraph.go:162.80,168.16 6 0
github.com/pbrown12303/activeCRL/core/BaseGraph.go:168.16,171.3 2 0
github.com/pbrown12303/activeCRL/core/BaseGraph.go:174.144,175.41 1 1
github.com/pbrown12303/activeCRL/core/BaseGraph.go:178.2,179.29 2 1
github.com/pbrown12303/activeCRL/core/BaseGraph.go:201.2,201.11 1 1
github.com/pbrown12303/activeCRL/core/BaseGraph.go:175.41,177.3 1 0
github.com/pbrown12303/activeCRL/core/BaseGraph.go:179.29,181.11 2 1
github.com/pbrown12303/activeCRL/core/BaseGraph.go:188.3,188.11 1 1
github.com/pbrown12303/activeCRL/core/BaseGraph.go:194.3,195.17 2 1
github.com/pbrown12303/activeCRL/core/BaseGraph.go:199.3,199.42 1 1
github.com/pbrown12303/activeCRL/core/BaseGraph.go:181.11,184.4 2 1
github.com/pbrown12303/activeCRL/core/BaseGraph.go:184.9,186.4 1 0
github.com/pbrown12303/activeCRL/core/BaseGraph.go:188.11,191.4 1 1
github.com/pbrown12303/activeCRL/core/BaseGraph.go:191.9,193.4 1 0
github.com/pbrown12303/activeCRL/core/BaseGraph.go:195.17,198.4 2 0
github.com/pbrown12303/activeCRL/core/BaseGraph.go:204.97,208.22 4 1
github.com/pbrown12303/activeCRL/core/BaseGraph.go:213.2,213.14 1 1
github.com/pbrown12303/activeCRL/core/BaseGraph.go:208.22,210.3 1 0
github.com/pbrown12303/activeCRL/core/BaseGraph.go:210.8,212.3 1 1
github.com/pbrown12303/activeCRL/core/BaseGraph.go:216.72,222.16 6 0
github.com/pbrown12303/activeCRL/core/BaseGraph.go:222.16,225.3 2 0
github.com/pbrown12303/activeCRL/core/Core.go:35.13,39.2 2 1
github.com/pbrown12303/activeCRL/core/Core.go:41.74,68.2 17 1
github.com/pbrown12303/activeCRL/core/Element.go:36.78,38.80 2 1
github.com/pbrown12303/activeCRL/core/Element.go:38.80,42.3 3 1
github.com/pbrown12303/activeCRL/core/Element.go:50.87,52.80 2 0
github.com/pbrown12303/activeCRL/core/Element.go:52.80,55.3 2 0
github.com/pbrown12303/activeCRL/core/Element.go:60.78,62.85 2 1
github.com/pbrown12303/activeCRL/core/Element.go:62.85,65.3 2 1
github.com/pbrown12303/activeCRL/core/Element.go:71.54,78.2 5 1
github.com/pbrown12303/activeCRL/core/Element.go:81.72,91.2 9 1
github.com/pbrown12303/activeCRL/core/Element.go:106.59,109.2 2 1
github.com/pbrown12303/activeCRL/core/Element.go:117.50,119.2 1 1
github.com/pbrown12303/activeCRL/core/Element.go:122.60,125.2 2 1
github.com/pbrown12303/activeCRL/core/Element.go:130.100,133.23 3 1
github.com/pbrown12303/activeCRL/core/Element.go:140.2,140.12 1 1
github.com/pbrown12303/activeCRL/core/Element.go:133.23,135.46 2 1
github.com/pbrown12303/activeCRL/core/Element.go:135.46,138.4 2 1
github.com/pbrown12303/activeCRL/core/Element.go:146.105,149.24 3 1
github.com/pbrown12303/activeCRL/core/Element.go:152.2,152.12 1 0
github.com/pbrown12303/activeCRL/core/Element.go:149.24,151.3 1 1
github.com/pbrown12303/activeCRL/core/Element.go:157.101,160.23 3 1
github.com/pbrown12303/activeCRL/core/Element.go:170.2,170.12 1 0
github.com/pbrown12303/activeCRL/core/Element.go:160.23,162.41 2 1
github.com/pbrown12303/activeCRL/core/Element.go:163.16,164.47 1 1
github.com/pbrown12303/activeCRL/core/Element.go:164.47,167.5 2 1
github.com/pbrown12303/activeCRL/core/Element.go:176.106,179.24 3 1
github.com/pbrown12303/activeCRL/core/Element.go:182.2,182.12 1 0
github.com/pbrown12303/activeCRL/core/Element.go:179.24,181.3 1 1
github.com/pbrown12303/activeCRL/core/Element.go:187.104,191.23 4 1
github.com/pbrown12303/activeCRL/core/Element.go:201.2,201.12 1 0
github.com/pbrown12303/activeCRL/core/Element.go:191.23,193.41 2 1
github.com/pbrown12303/activeCRL/core/Element.go:194.18,195.59 1 1
github.com/pbrown12303/activeCRL/core/Element.go:195.59,198.5 2 1
github.com/pbrown12303/activeCRL/core/Element.go:207.109,210.17 3 1
github.com/pbrown12303/activeCRL/core/Element.go:213.2,214.24 2 1
github.com/pbrown12303/activeCRL/core/Element.go:217.2,217.12 1 0
github.com/pbrown12303/activeCRL/core/Element.go:210.17,212.3 1 0
github.com/pbrown12303/activeCRL/core/Element.go:214.24,216.3 1 1
github.com/pbrown12303/activeCRL/core/Element.go:222.106,225.23 3 1
github.com/pbrown12303/activeCRL/core/Element.go:235.2,235.12 1 0
github.com/pbrown12303/activeCRL/core/Element.go:225.23,227.41 2 1
github.com/pbrown12303/activeCRL/core/Element.go:228.19,229.47 1 1
github.com/pbrown12303/activeCRL/core/Element.go:229.47,232.5 2 1
github.com/pbrown12303/activeCRL/core/Element.go:241.111,244.24 3 1
github.com/pbrown12303/activeCRL/core/Element.go:247.2,247.12 1 0
github.com/pbrown12303/activeCRL/core/Element.go:244.24,246.3 1 1
github.com/pbrown12303/activeCRL/core/Element.go:251.87,254.23 3 1
github.com/pbrown12303/activeCRL/core/Element.go:261.2,261.12 1 0
github.com/pbrown12303/activeCRL/core/Element.go:254.23,256.32 2 1
github.com/pbrown12303/activeCRL/core/Element.go:256.32,259.4 2 1
github.com/pbrown12303/activeCRL/core/Element.go:264.100,267.23 3 0
github.com/pbrown12303/activeCRL/core/Element.go:277.2,277.12 1 0
github.com/pbrown12303/activeCRL/core/Element.go:267.23,269.41 2 0
github.com/pbrown12303/activeCRL/core/Element.go:270.16,271.47 1 0
github.com/pbrown12303/activeCRL/core/Element.go:271.47,274.5 2 0
github.com/pbrown12303/activeCRL/core/Element.go:280.94,283.24 3 0
github.com/pbrown12303/activeCRL/core/Element.go:286.2,286.12 1 0
github.com/pbrown12303/activeCRL/core/Element.go:283.24,285.3 1 0
github.com/pbrown12303/activeCRL/core/Element.go:289.87,292.23 3 1
github.com/pbrown12303/activeCRL/core/Element.go:302.2,302.12 1 0
github.com/pbrown12303/activeCRL/core/Element.go:292.23,294.41 2 1
github.com/pbrown12303/activeCRL/core/Element.go:295.17,296.33 1 1
github.com/pbrown12303/activeCRL/core/Element.go:296.33,299.5 2 1
github.com/pbrown12303/activeCRL/core/Element.go:305.91,308.23 3 1
github.com/pbrown12303/activeCRL/core/Element.go:318.2,318.12 1 0
github.com/pbrown12303/activeCRL/core/Element.go:308.23,310.41 2 1
github.com/pbrown12303/activeCRL/core/Element.go:311.19,312.33 1 1
github.com/pbrown12303/activeCRL/core/Element.go:312.33,315.5 2 1
github.com/pbrown12303/activeCRL/core/Element.go:321.93,324.23 3 1
github.com/pbrown12303/activeCRL/core/Element.go:334.2,334.12 1 0
github.com/pbrown12303/activeCRL/core/Element.go:324.23,326.41 2 1
github.com/pbrown12303/activeCRL/core/Element.go:327.20,328.33 1 1
github.com/pbrown12303/activeCRL/core/Element.go:328.33,331.5 2 1
github.com/pbrown12303/activeCRL/core/Element.go:338.58,341.2 2 0
github.com/pbrown12303/activeCRL/core/Element.go:344.89,346.23 2 1
github.com/pbrown12303/activeCRL/core/Element.go:346.23,348.42 2 1
github.com/pbrown12303/activeCRL/core/Element.go:349.20,351.91 2 1
github.com/pbrown12303/activeCRL/core/Element.go:351.91,354.5 2 1
github.com/pbrown12303/activeCRL/core/Element.go:360.98,362.22 1 0
github.com/pbrown12303/activeCRL/core/Element.go:365.2,366.23 2 0
github.com/pbrown12303/activeCRL/core/Element.go:362.22,364.3 1 0
github.com/pbrown12303/activeCRL/core/Element.go:366.23,368.42 2 0
github.com/pbrown12303/activeCRL/core/Element.go:369.20,371.91 2 0
github.com/pbrown12303/activeCRL/core/Element.go:371.91,373.5 1 0
github.com/pbrown12303/activeCRL/core/Element.go:381.54,384.2 2 1
github.com/pbrown12303/activeCRL/core/Element.go:387.55,390.2 2 1
github.com/pbrown12303/activeCRL/core/Element.go:392.46,394.2 1 1
github.com/pbrown12303/activeCRL/core/Element.go:397.65,400.2 2 1
github.com/pbrown12303/activeCRL/core/Element.go:404.69,405.22 1 1
github.com/pbrown12303/activeCRL/core/Element.go:408.2,408.62 1 1
github.com/pbrown12303/activeCRL/core/Element.go:405.22,407.3 1 0
github.com/pbrown12303/activeCRL/core/Element.go:412.75,414.22 2 1
github.com/pbrown12303/activeCRL/core/Element.go:417.2,418.23 2 1
github.com/pbrown12303/activeCRL/core/Element.go:424.2,424.22 1 1
github.com/pbrown12303/activeCRL/core/Element.go:414.22,416.3 1 0
github.com/pbrown12303/activeCRL/core/Element.go:418.23,420.21 2 1
github.com/pbrown12303/activeCRL/core/Element.go:420.21,422.4 1 1
github.com/pbrown12303/activeCRL/core/Element.go:429.107,433.23 4 1
github.com/pbrown12303/activeCRL/core/Element.go:439.2,439.16 1 1
github.com/pbrown12303/activeCRL/core/Element.go:433.23,435.46 2 1
github.com/pbrown12303/activeCRL/core/Element.go:435.46,437.4 1 1
github.com/pbrown12303/activeCRL/core/Element.go:444.112,448.24 4 1
github.com/pbrown12303/activeCRL/core/Element.go:457.2,457.16 1 1
github.com/pbrown12303/activeCRL/core/Element.go:448.24,450.24 2 1
github.com/pbrown12303/activeCRL/core/Element.go:450.24,452.47 2 1
github.com/pbrown12303/activeCRL/core/Element.go:452.47,454.5 1 1
github.com/pbrown12303/activeCRL/core/Element.go:462.110,465.24 3 0
github.com/pbrown12303/activeCRL/core/Element.go:477.2,477.16 1 0
github.com/pbrown12303/activeCRL/core/Element.go:465.24,470.24 4 0
github.com/pbrown12303/activeCRL/core/Element.go:470.24,472.47 2 0
github.com/pbrown12303/activeCRL/core/Element.go:472.47,474.5 1 0
github.com/pbrown12303/activeCRL/core/Element.go:482.115,486.24 4 1
github.com/pbrown12303/activeCRL/core/Element.go:498.2,498.16 1 1
github.com/pbrown12303/activeCRL/core/Element.go:486.24,491.24 4 1
github.com/pbrown12303/activeCRL/core/Element.go:491.24,493.47 2 1
github.com/pbrown12303/activeCRL/core/Element.go:493.47,495.5 1 1
github.com/pbrown12303/activeCRL/core/Element.go:503.107,507.23 4 1
github.com/pbrown12303/activeCRL/core/Element.go:516.2,516.16 1 1
github.com/pbrown12303/activeCRL/core/Element.go:507.23,509.41 2 1
github.com/pbrown12303/activeCRL/core/Element.go:510.16,511.47 1 1
github.com/pbrown12303/activeCRL/core/Element.go:511.47,513.5 1 1
github.com/pbrown12303/activeCRL/core/Element.go:521.112,525.24 4 1
github.com/pbrown12303/activeCRL/core/Element.go:537.2,537.16 1 1
github.com/pbrown12303/activeCRL/core/Element.go:525.24,527.24 2 1
github.com/pbrown12303/activeCRL/core/Element.go:527.24,529.42 2 1
github.com/pbrown12303/activeCRL/core/Element.go:530.17,531.48 1 1
github.com/pbrown12303/activeCRL/core/Element.go:531.48,533.6 1 1
github.com/pbrown12303/activeCRL/core/Element.go:542.111,546.23 4 1
github.com/pbrown12303/activeCRL/core/Element.go:555.2,555.16 1 1
github.com/pbrown12303/activeCRL/core/Element.go:546.23,548.41 2 1
github.com/pbrown12303/activeCRL/core/Element.go:549.18,550.47 1 1
github.com/pbrown12303/activeCRL/core/Element.go:550.47,552.5 1 1
github.com/pbrown12303/activeCRL/core/Element.go:560.116,564.24 4 1
github.com/pbrown12303/activeCRL/core/Element.go:577.2,577.16 1 1
github.com/pbrown12303/activeCRL/core/Element.go:564.24,567.24 3 1
github.com/pbrown12303/activeCRL/core/Element.go:567.24,569.42 2 1
github.com/pbrown12303/activeCRL/core/Element.go:570.19,571.48 1 1
github.com/pbrown12303/activeCRL/core/Element.go:571.48,573.6 1 1
github.com/pbrown12303/activeCRL/core/Element.go:582.113,587.23 5 1
github.com/pbrown12303/activeCRL/core/Element.go:596.2,596.16 1 1
github.com/pbrown12303/activeCRL/core/Element.go:587.23,589.41 2 1
github.com/pbrown12303/activeCRL/core/Element.go:590.19,591.47 1 1
github.com/pbrown12303/activeCRL/core/Element.go:591.47,593.5 1 1
github.com/pbrown12303/activeCRL/core/Element.go:601.118,605.24 4 1
github.com/pbrown12303/activeCRL/core/Element.go:618.2,618.16 1 1
github.com/pbrown12303/activeCRL/core/Element.go:605.24,608.24 3 1
github.com/pbrown12303/activeCRL/core/Element.go:608.24,610.42 2 1
github.com/pbrown12303/activeCRL/core/Element.go:611.20,612.48 1 1
github.com/pbrown12303/activeCRL/core/Element.go:612.48,614.6 1 1
github.com/pbrown12303/activeCRL/core/Element.go:622.64,624.22 2 1
github.com/pbrown12303/activeCRL/core/Element.go:627.2,627.12 1 0
github.com/pbrown12303/activeCRL/core/Element.go:624.22,626.3 1 1
github.com/pbrown12303/activeCRL/core/Element.go:631.55,632.22 1 1
github.com/pbrown12303/activeCRL/core/Element.go:635.2,635.12 1 0
github.com/pbrown12303/activeCRL/core/Element.go:632.22,634.3 1 1
github.com/pbrown12303/activeCRL/core/Element.go:639.83,642.2 2 1
github.com/pbrown12303/activeCRL/core/Element.go:645.74,647.2 1 0
github.com/pbrown12303/activeCRL/core/Element.go:650.53,653.2 2 1
github.com/pbrown12303/activeCRL/core/Element.go:656.54,659.2 2 1
github.com/pbrown12303/activeCRL/core/Element.go:663.80,669.24 4 1
github.com/pbrown12303/activeCRL/core/Element.go:688.2,690.23 3 1
github.com/pbrown12303/activeCRL/core/Element.go:712.2,712.14 1 1
github.com/pbrown12303/activeCRL/core/Element.go:670.18,671.14 1 1
github.com/pbrown12303/activeCRL/core/Element.go:672.18,673.29 1 1
github.com/pbrown12303/activeCRL/core/Element.go:677.20,678.29 1 1
github.com/pbrown12303/activeCRL/core/Element.go:682.21,683.29 1 1
github.com/pbrown12303/activeCRL/core/Element.go:674.16,675.15 1 1
github.com/pbrown12303/activeCRL/core/Element.go:679.18,680.15 1 1
github.com/pbrown12303/activeCRL/core/Element.go:684.19,685.15 1 1
github.com/pbrown12303/activeCRL/core/Element.go:690.23,692.42 2 1
github.com/pbrown12303/activeCRL/core/Element.go:693.19,695.31 2 1
github.com/pbrown12303/activeCRL/core/Element.go:698.4,698.63 1 1
github.com/pbrown12303/activeCRL/core/Element.go:701.4,701.39 1 1
github.com/pbrown12303/activeCRL/core/Element.go:704.4,704.31 1 1
github.com/pbrown12303/activeCRL/core/Element.go:695.31,696.13 1 0
github.com/pbrown12303/activeCRL/core/Element.go:698.63,699.13 1 1
github.com/pbrown12303/activeCRL/core/Element.go:701.39,703.5 1 1
github.com/pbrown12303/activeCRL/core/Element.go:704.31,706.25 2 1
github.com/pbrown12303/activeCRL/core/Element.go:706.25,708.6 1 1
github.com/pbrown12303/activeCRL/core/Element.go:715.74,717.22 2 1
github.com/pbrown12303/activeCRL/core/Element.go:720.2,721.24 2 1
github.com/pbrown12303/activeCRL/core/Element.go:724.2,724.45 1 1
github.com/pbrown12303/activeCRL/core/Element.go:717.22,719.3 1 0
github.com/pbrown12303/activeCRL/core/Element.go:721.24,723.3 1 0
github.com/pbrown12303/activeCRL/core/Element.go:727.56,729.22 2 1
github.com/pbrown12303/activeCRL/core/Element.go:729.22,733.33 3 1
github.com/pbrown12303/activeCRL/core/Element.go:733.33,736.28 2 1
github.com/pbrown12303/activeCRL/core/Element.go:736.28,738.5 1 1
github.com/pbrown12303/activeCRL/core/Element.go:747.71,752.2 4 1
github.com/pbrown12303/activeCRL/core/Element.go:755.55,758.2 2 1
github.com/pbrown12303/activeCRL/core/Element.go:762.55,763.47 1 1
github.com/pbrown12303/activeCRL/core/Element.go:766.2,766.13 1 1
github.com/pbrown12303/activeCRL/core/Element.go:763.47,765.3 1 1
github.com/pbrown12303/activeCRL/core/Element.go:770.114,772.30 2 1
github.com/pbrown12303/activeCRL/core/Element.go:775.2,777.36 3 1
github.com/pbrown12303/activeCRL/core/Element.go:783.2,783.38 1 1
github.com/pbrown12303/activeCRL/core/Element.go:789.2,789.30 1 1
github.com/pbrown12303/activeCRL/core/Element.go:795.2,795.28 1 1
github.com/pbrown12303/activeCRL/core/Element.go:801.2,801.48 1 1
github.com/pbrown12303/activeCRL/core/Element.go:807.2,807.34 1 1
github.com/pbrown12303/activeCRL/core/Element.go:813.2,813.58 1 1
github.com/pbrown12303/activeCRL/core/Element.go:819.2,819.24 1 1
github.com/pbrown12303/activeCRL/core/Element.go:825.2,825.13 1 1
github.com/pbrown12303/activeCRL/core/Element.go:772.30,774.3 1 1
github.com/pbrown12303/activeCRL/core/Element.go:777.36,778.12 1 1
github.com/pbrown12303/activeCRL/core/Element.go:781.3,781.15 1 1
github.com/pbrown12303/activeCRL/core/Element.go:778.12,780.4 1 0
github.com/pbrown12303/activeCRL/core/Element.go:783.38,784.12 1 1
github.com/pbrown12303/activeCRL/core/Element.go:787.3,787.15 1 1
github.com/pbrown12303/activeCRL/core/Element.go:784.12,786.4 1 0
github.com/pbrown12303/activeCRL/core/Element.go:789.30,790.12 1 1
github.com/pbrown12303/activeCRL/core/Element.go:793.3,793.15 1 1
github.com/pbrown12303/activeCRL/core/Element.go:790.12,792.4 1 0
github.com/pbrown12303/activeCRL/core/Element.go:795.28,796.12 1 1
github.com/pbrown12303/activeCRL/core/Element.go:799.3,799.15 1 1
github.com/pbrown12303/activeCRL/core/Element.go:796.12,798.4 1 0
github.com/pbrown12303/activeCRL/core/Element.go:801.48,802.12 1 1
github.com/pbrown12303/activeCRL/core/Element.go:805.3,805.15 1 1
github.com/pbrown12303/activeCRL/core/Element.go:802.12,804.4 1 0
github.com/pbrown12303/activeCRL/core/Element.go:807.34,808.12 1 1
github.com/pbrown12303/activeCRL/core/Element.go:811.3,811.15 1 1
github.com/pbrown12303/activeCRL/core/Element.go:808.12,810.4 1 0
github.com/pbrown12303/activeCRL/core/Element.go:813.58,814.12 1 1
github.com/pbrown12303/activeCRL/core/Element.go:817.3,817.15 1 1
github.com/pbrown12303/activeCRL/core/Element.go:814.12,816.4 1 0
github.com/pbrown12303/activeCRL/core/Element.go:819.24,820.12 1 0
github.com/pbrown12303/activeCRL/core/Element.go:823.3,823.15 1 0
github.com/pbrown12303/activeCRL/core/Element.go:820.12,822.4 1 0
github.com/pbrown12303/activeCRL/core/Element.go:833.71,837.23 4 1
github.com/pbrown12303/activeCRL/core/Element.go:843.2,843.14 1 1
github.com/pbrown12303/activeCRL/core/Element.go:837.23,839.52 2 1
github.com/pbrown12303/activeCRL/core/Element.go:839.52,841.4 1 1
github.com/pbrown12303/activeCRL/core/Element.go:847.52,854.2 6 1
github.com/pbrown12303/activeCRL/core/Element.go:856.71,866.2 9 1
github.com/pbrown12303/activeCRL/core/Element.go:869.95,872.52 1 1
github.com/pbrown12303/activeCRL/core/Element.go:878.2,878.12 1 1
github.com/pbrown12303/activeCRL/core/Element.go:872.52,874.17 2 1
github.com/pbrown12303/activeCRL/core/Element.go:874.17,876.4 1 0
github.com/pbrown12303/activeCRL/core/Element.go:881.99,883.22 2 1
github.com/pbrown12303/activeCRL/core/Element.go:910.2,910.12 1 1
github.com/pbrown12303/activeCRL/core/Element.go:883.22,885.17 2 1
github.com/pbrown12303/activeCRL/core/Element.go:888.3,889.24 2 1
github.com/pbrown12303/activeCRL/core/Element.go:885.17,887.4 1 0
github.com/pbrown12303/activeCRL/core/Element.go:889.24,891.23 2 0
github.com/pbrown12303/activeCRL/core/Element.go:891.23,893.19 2 0
github.com/pbrown12303/activeCRL/core/Element.go:897.5,898.19 2 0
github.com/pbrown12303/activeCRL/core/Element.go:902.5,903.19 2 0
github.com/pbrown12303/activeCRL/core/Element.go:893.19,896.6 2 0
github.com/pbrown12303/activeCRL/core/Element.go:898.19,901.6 2 0
github.com/pbrown12303/activeCRL/core/Element.go:903.19,906.6 2 0
github.com/pbrown12303/activeCRL/core/Element.go:914.105,916.48 2 1
github.com/pbrown12303/activeCRL/core/Element.go:971.2,971.12 1 1
github.com/pbrown12303/activeCRL/core/Element.go:917.28,920.23 3 1
github.com/pbrown12303/activeCRL/core/Element.go:937.3,937.23 1 1
github.com/pbrown12303/activeCRL/core/Element.go:954.120,956.19 2 1
github.com/pbrown12303/activeCRL/core/Element.go:920.23,922.23 2 1
github.com/pbrown12303/activeCRL/core/Element.go:922.23,924.19 2 1
github.com/pbrown12303/activeCRL/core/Element.go:927.5,928.19 2 1
github.com/pbrown12303/activeCRL/core/Element.go:931.5,932.19 2 1
github.com/pbrown12303/activeCRL/core/Element.go:924.19,926.6 1 0
github.com/pbrown12303/activeCRL/core/Element.go:928.19,930.6 1 0
github.com/pbrown12303/activeCRL/core/Element.go:932.19,934.6 1 0
github.com/pbrown12303/activeCRL/core/Element.go:937.23,939.23 2 1
github.com/pbrown12303/activeCRL/core/Element.go:939.23,941.19 2 1
github.com/pbrown12303/activeCRL/core/Element.go:944.5,945.19 2 1
github.com/pbrown12303/activeCRL/core/Element.go:948.5,949.19 2 1
github.com/pbrown12303/activeCRL/core/Element.go:941.19,943.6 1 0
github.com/pbrown12303/activeCRL/core/Element.go:945.19,947.6 1 0
github.com/pbrown12303/activeCRL/core/Element.go:949.19,951.6 1 0
github.com/pbrown12303/activeCRL/core/Element.go:956.19,958.18 2 1
github.com/pbrown12303/activeCRL/core/Element.go:961.4,962.18 2 1
github.com/pbrown12303/activeCRL/core/Element.go:965.4,966.18 2 1
github.com/pbrown12303/activeCRL/core/Element.go:958.18,960.5 1 0
github.com/pbrown12303/activeCRL/core/Element.go:962.18,964.5 1 0
github.com/pbrown12303/activeCRL/core/Element.go:966.18,968.5 1 0
github.com/pbrown12303/activeCRL/core/Element.go:975.109,977.48 2 1
github.com/pbrown12303/activeCRL/core/Element.go:1005.2,1005.12 1 1
github.com/pbrown12303/activeCRL/core/Element.go:978.117,980.17 2 1
github.com/pbrown12303/activeCRL/core/Element.go:983.3,984.17 2 1
github.com/pbrown12303/activeCRL/core/Element.go:987.3,988.17 2 1
github.com/pbrown12303/activeCRL/core/Element.go:991.3,992.17 2 1
github.com/pbrown12303/activeCRL/core/Element.go:995.3,996.17 2 1
github.com/pbrown12303/activeCRL/core/Element.go:999.36,1001.17 2 0
github.com/pbrown12303/activeCRL/core/Element.go:980.17,982.4 1 0
github.com/pbrown12303/activeCRL/core/Element.go:984.17,986.4 1 0
github.com/pbrown12303/activeCRL/core/Element.go:988.17,990.4 1 0
github.com/pbrown12303/activeCRL/core/Element.go:992.17,994.4 1 0
github.com/pbrown12303/activeCRL/core/Element.go:996.17,998.4 1 0
github.com/pbrown12303/activeCRL/core/Element.go:1001.17,1003.4 1 0
github.com/pbrown12303/activeCRL/core/Element.go:1011.111,1015.16 3 1
github.com/pbrown12303/activeCRL/core/Element.go:1019.2,1023.16 4 1
github.com/pbrown12303/activeCRL/core/Element.go:1027.2,1031.16 4 1
github.com/pbrown12303/activeCRL/core/Element.go:1035.2,1039.16 4 1
github.com/pbrown12303/activeCRL/core/Element.go:1043.2,1044.16 2 1
github.com/pbrown12303/activeCRL/core/Element.go:1049.2,1051.16 3 1
github.com/pbrown12303/activeCRL/core/Element.go:1055.2,1059.16 4 1
github.com/pbrown12303/activeCRL/core/Element.go:1063.2,1064.16 2 1
github.com/pbrown12303/activeCRL/core/Element.go:1069.2,1071.16 3 1
github.com/pbrown12303/activeCRL/core/Element.go:1075.2,1076.16 2 1
github.com/pbrown12303/activeCRL/core/Element.go:1081.2,1083.16 3 1
github.com/pbrown12303/activeCRL/core/Element.go:1087.2,1088.12 2 1
github.com/pbrown12303/activeCRL/core/Element.go:1015.16,1018.3 2 0
github.com/pbrown12303/activeCRL/core/Element.go:1023.16,1026.3 2 0
github.com/pbrown12303/activeCRL/core/Element.go:1031.16,1034.3 2 0
github.com/pbrown12303/activeCRL/core/Element.go:1039.16,1042.3 2 0
github.com/pbrown12303/activeCRL/core/Element.go:1044.16,1047.3 2 0
github.com/pbrown12303/activeCRL/core/Element.go:1051.16,1054.3 2 0
github.com/pbrown12303/activeCRL/core/Element.go:1059.16,1062.3 2 0
github.com/pbrown12303/activeCRL/core/Element.go:1064.16,1067.3 2 0
github.com/pbrown12303/activeCRL/core/Element.go:1071.16,1074.3 2 0
github.com/pbrown12303/activeCRL/core/Element.go:1076.16,1079.3 2 0
github.com/pbrown12303/activeCRL/core/Element.go:1083.16,1086.3 2 0
github.com/pbrown12303/activeCRL/core/Element.go:1092.81,1096.2 3 1
github.com/pbrown12303/activeCRL/core/Element.go:1099.56,1102.2 2 1
github.com/pbrown12303/activeCRL/core/Element.go:1105.87,1107.25 2 1
github.com/pbrown12303/activeCRL/core/Element.go:1110.2,1113.12 4 1
github.com/pbrown12303/activeCRL/core/Element.go:1107.25,1109.3 1 0
github.com/pbrown12303/activeCRL/core/Element.go:1117.71,1118.22 1 1
github.com/pbrown12303/activeCRL/core/Element.go:1121.2,1122.26 2 1
github.com/pbrown12303/activeCRL/core/Element.go:1125.2,1125.28 1 1
github.com/pbrown12303/activeCRL/core/Element.go:1142.2,1142.12 1 1
github.com/pbrown12303/activeCRL/core/Element.go:1118.22,1120.3 1 0
github.com/pbrown12303/activeCRL/core/Element.go:1122.26,1124.3 1 0
github.com/pbrown12303/activeCRL/core/Element.go:1125.28,1128.17 3 1
github.com/pbrown12303/activeCRL/core/Element.go:1131.3,1134.18 4 1
github.com/pbrown12303/activeCRL/core/Element.go:1137.3,1138.17 2 1
github.com/pbrown12303/activeCRL/core/Element.go:1128.17,1130.4 1 0
github.com/pbrown12303/activeCRL/core/Element.go:1134.18,1136.4 1 0
github.com/pbrown12303/activeCRL/core/Element.go:1138.17,1140.4 1 0
github.com/pbrown12303/activeCRL/core/Element.go:1146.55,1147.22 1 1
github.com/pbrown12303/activeCRL/core/Element.go:1150.2,1151.18 2 1
github.com/pbrown12303/activeCRL/core/Element.go:1168.2,1168.12 1 1
github.com/pbrown12303/activeCRL/core/Element.go:1147.22,1149.3 1 0
github.com/pbrown12303/activeCRL/core/Element.go:1151.18,1154.17 3 1
github.com/pbrown12303/activeCRL/core/Element.go:1157.3,1160.18 4 1
github.com/pbrown12303/activeCRL/core/Element.go:1163.3,1164.17 2 1
github.com/pbrown12303/activeCRL/core/Element.go:1154.17,1156.4 1 0
github.com/pbrown12303/activeCRL/core/Element.go:1160.18,1162.4 1 0
github.com/pbrown12303/activeCRL/core/Element.go:1164.17,1166.4 1 0
github.com/pbrown12303/activeCRL/core/Element.go:1172.66,1173.22 1 1
github.com/pbrown12303/activeCRL/core/Element.go:1176.2,1178.16 3 1
github.com/pbrown12303/activeCRL/core/Element.go:1181.2,1182.23 2 1
github.com/pbrown12303/activeCRL/core/Element.go:1190.2,1190.12 1 1
github.com/pbrown12303/activeCRL/core/Element.go:1173.22,1175.3 1 0
github.com/pbrown12303/activeCRL/core/Element.go:1178.16,1180.3 1 0
github.com/pbrown12303/activeCRL/core/Element.go:1182.23,1185.17 3 1
github.com/pbrown12303/activeCRL/core/Element.go:1185.17,1188.4 2 0
github.com/pbrown12303/activeCRL/core/Element.go:1194.68,1195.22 1 1
github.com/pbrown12303/activeCRL/core/Element.go:1198.2,1199.26 2 1
github.com/pbrown12303/activeCRL/core/Element.go:1202.2,1202.25 1 1
github.com/pbrown12303/activeCRL/core/Element.go:1219.2,1219.12 1 1
github.com/pbrown12303/activeCRL/core/Element.go:1195.22,1197.3 1 0
github.com/pbrown12303/activeCRL/core/Element.go:1199.26,1201.3 1 0
github.com/pbrown12303/activeCRL/core/Element.go:1202.25,1205.17 3 1
github.com/pbrown12303/activeCRL/core/Element.go:1208.3,1211.18 4 1
github.com/pbrown12303/activeCRL/core/Element.go:1214.3,1215.17 2 1
github.com/pbrown12303/activeCRL/core/Element.go:1205.17,1207.4 1 0
github.com/pbrown12303/activeCRL/core/Element.go:1211.18,1213.4 1 0
github.com/pbrown12303/activeCRL/core/Element.go:1215.17,1217.4 1 0
github.com/pbrown12303/activeCRL/core/Element.go:1224.74,1225.22 1 1
github.com/pbrown12303/activeCRL/core/Element.go:1228.2,1230.15 3 1
github.com/pbrown12303/activeCRL/core/Element.go:1236.2,1237.16 2 1
github.com/pbrown12303/activeCRL/core/Element.go:1240.2,1240.12 1 1
github.com/pbrown12303/activeCRL/core/Element.go:1225.22,1227.3 1 0
github.com/pbrown12303/activeCRL/core/Element.go:1230.15,1231.25 1 1
github.com/pbrown12303/activeCRL/core/Element.go:1234.3,1234.31 1 1
github.com/pbrown12303/activeCRL/core/Element.go:1231.25,1233.4 1 0
github.com/pbrown12303/activeCRL/core/Element.go:1237.16,1239.3 1 0
github.com/pbrown12303/activeCRL/core/Element.go:1246.77,1247.22 1 1
github.com/pbrown12303/activeCRL/core/Element.go:1250.2,1251.26 2 1
github.com/pbrown12303/activeCRL/core/Element.go:1254.2,1254.28 1 1
github.com/pbrown12303/activeCRL/core/Element.go:1257.2,1258.49 2 1
github.com/pbrown12303/activeCRL/core/Element.go:1261.2,1262.49 2 1
github.com/pbrown12303/activeCRL/core/Element.go:1266.2,1266.34 1 1
github.com/pbrown12303/activeCRL/core/Element.go:1295.2,1295.12 1 1
github.com/pbrown12303/activeCRL/core/Element.go:1247.22,1249.3 1 0
github.com/pbrown12303/activeCRL/core/Element.go:1251.26,1253.3 1 1
github.com/pbrown12303/activeCRL/core/Element.go:1254.28,1256.3 1 0
github.com/pbrown12303/activeCRL/core/Element.go:1258.49,1260.3 1 0
github.com/pbrown12303/activeCRL/core/Element.go:1262.49,1264.3 1 0
github.com/pbrown12303/activeCRL/core/Element.go:1266.34,1269.17 3 1
github.com/pbrown12303/activeCRL/core/Element.go:1272.3,1272.22 1 1
github.com/pbrown12303/activeCRL/core/Element.go:1278.3,1279.22 2 1
github.com/pbrown12303/activeCRL/core/Element.go:1285.3,1287.18 3 1
github.com/pbrown12303/activeCRL/core/Element.go:1290.3,1291.17 2 1
github.com/pbrown12303/activeCRL/core/Element.go:1269.17,1271.4 1 0
github.com/pbrown12303/activeCRL/core/Element.go:1272.22,1274.18 2 1
github.com/pbrown12303/activeCRL/core/Element.go:1274.18,1276.5 1 0
github.com/pbrown12303/activeCRL/core/Element.go:1279.22,1281.18 2 1
github.com/pbrown12303/activeCRL/core/Element.go:1281.18,1283.5 1 0
github.com/pbrown12303/activeCRL/core/Element.go:1287.18,1289.4 1 0
github.com/pbrown12303/activeCRL/core/Element.go:1291.17,1293.4 1 0
github.com/pbrown12303/activeCRL/core/Element.go:1301.69,1302.22 1 1
github.com/pbrown12303/activeCRL/core/Element.go:1305.2,1306.24 2 1
github.com/pbrown12303/activeCRL/core/Element.go:1309.2,1309.38 1 1
github.com/pbrown12303/activeCRL/core/Element.go:1314.2,1314.28 1 1
github.com/pbrown12303/activeCRL/core/Element.go:1331.2,1331.12 1 1
github.com/pbrown12303/activeCRL/core/Element.go:1302.22,1304.3 1 0
github.com/pbrown12303/activeCRL/core/Element.go:1306.24,1308.3 1 1
github.com/pbrown12303/activeCRL/core/Element.go:1309.38,1310.57 1 1
github.com/pbrown12303/activeCRL/core/Element.go:1310.57,1312.4 1 1
github.com/pbrown12303/activeCRL/core/Element.go:1314.28,1317.17 3 1
github.com/pbrown12303/activeCRL/core/Element.go:1320.3,1323.18 4 1
github.com/pbrown12303/activeCRL/core/Element.go:1326.3,1327.17 2 1
github.com/pbrown12303/activeCRL/core/Element.go:1317.17,1319.4 1 0
github.com/pbrown12303/activeCRL/core/Element.go:1323.18,1325.4 1 0
github.com/pbrown12303/activeCRL/core/Element.go:1327.17,1329.4 1 0
github.com/pbrown12303/activeCRL/core/Element.go:1334.80,1335.22 1 0
github.com/pbrown12303/activeCRL/core/Element.go:1338.2,1339.16 2 0
github.com/pbrown12303/activeCRL/core/Element.go:1342.2,1343.23 2 0
github.com/pbrown12303/activeCRL/core/Element.go:1351.2,1351.12 1 0
github.com/pbrown12303/activeCRL/core/Element.go:1335.22,1337.3 1 0
github.com/pbrown12303/activeCRL/core/Element.go:1339.16,1341.3 1 0
github.com/pbrown12303/activeCRL/core/Element.go:1343.23,1346.17 3 0
github.com/pbrown12303/activeCRL/core/Element.go:1346.17,1349.4 2 0
github.com/pbrown12303/activeCRL/core/Element.go:1355.89,1358.2 2 1
github.com/pbrown12303/activeCRL/core/Element.go:1361.64,1362.22 1 1
github.com/pbrown12303/activeCRL/core/Element.go:1365.2,1366.26 2 1
github.com/pbrown12303/activeCRL/core/Element.go:1369.2,1369.21 1 1
github.com/pbrown12303/activeCRL/core/Element.go:1391.2,1391.12 1 1
github.com/pbrown12303/activeCRL/core/Element.go:1362.22,1364.3 1 0
github.com/pbrown12303/activeCRL/core/Element.go:1366.26,1368.3 1 0
github.com/pbrown12303/activeCRL/core/Element.go:1369.21,1371.77 2 1
github.com/pbrown12303/activeCRL/core/Element.go:1374.3,1376.17 3 1
github.com/pbrown12303/activeCRL/core/Element.go:1379.3,1383.18 5 1
github.com/pbrown12303/activeCRL/core/Element.go:1386.3,1387.17 2 1
github.com/pbrown12303/activeCRL/core/Element.go:1371.77,1373.4 1 0
github.com/pbrown12303/activeCRL/core/Element.go:1376.17,1378.4 1 0
github.com/pbrown12303/activeCRL/core/Element.go:1383.18,1385.4 1 0
github.com/pbrown12303/activeCRL/core/Element.go:1387.17,1389.4 1 0
github.com/pbrown12303/activeCRL/core/Element.go:1394.57,1395.16 1 1
github.com/pbrown12303/activeCRL/core/Element.go:1398.2,1398.14 1 1
github.com/pbrown12303/activeCRL/core/Element.go:1395.16,1397.3 1 0
github.com/pbrown12303/activeCRL/core/Element.go:1401.58,1402.16 1 1
github.com/pbrown12303/activeCRL/core/Element.go:1405.2,1405.13 1 1
github.com/pbrown12303/activeCRL/core/Element.go:1402.16,1404.3 1 0
github.com/pbrown12303/activeCRL/core/Element.go:1408.59,1409.16 1 1
github.com/pbrown12303/activeCRL/core/Element.go:1412.2,1412.16 1 1
github.com/pbrown12303/activeCRL/core/Element.go:1409.16,1411.3 1 0
github.com/pbrown12303/activeCRL/core/Element.go:1415.60,1416.16 1 1
github.com/pbrown12303/activeCRL/core/Element.go:1419.2,1419.15 1 1
github.com/pbrown12303/activeCRL/core/Element.go:1416.16,1418.3 1 0
github.com/pbrown12303/activeCRL/core/OneToNStringMap.go:22.44,26.2 3 1
github.com/pbrown12303/activeCRL/core/OneToNStringMap.go:29.39,33.2 3 0
github.com/pbrown12303/activeCRL/core/OneToNStringMap.go:36.63,40.51 4 1
github.com/pbrown12303/activeCRL/core/OneToNStringMap.go:43.2,43.13 1 1
github.com/pbrown12303/activeCRL/core/OneToNStringMap.go:40.51,42.3 1 1
github.com/pbrown12303/activeCRL/core/OneToNStringMap.go:47.53,51.2 3 1
github.com/pbrown12303/activeCRL/core/OneToNStringMap.go:54.70,58.2 3 1
github.com/pbrown12303/activeCRL/core/OneToNStringMap.go:61.76,62.39 1 1
github.com/pbrown12303/activeCRL/core/OneToNStringMap.go:65.2,65.43 1 1
github.com/pbrown12303/activeCRL/core/OneToNStringMap.go:62.39,64.3 1 1
github.com/pbrown12303/activeCRL/core/OneToNStringMap.go:71.71,76.39 5 1
github.com/pbrown12303/activeCRL/core/OneToNStringMap.go:81.2,81.63 1 1
github.com/pbrown12303/activeCRL/core/OneToNStringMap.go:76.39,77.68 1 1
github.com/pbrown12303/activeCRL/core/OneToNStringMap.go:77.68,79.4 1 1
github.com/pbrown12303/activeCRL/core/OneToNStringMap.go:85.72,88.39 3 1
github.com/pbrown12303/activeCRL/core/OneToNStringMap.go:91.2,91.39 1 1
github.com/pbrown12303/activeCRL/core/OneToNStringMap.go:88.39,90.3 1 1
github.com/pbrown12303/activeCRL/core/OneToNStringMap.go:95.82,98.39 3 1
github.com/pbrown12303/activeCRL/core/OneToNStringMap.go:101.2,101.51 1 1
github.com/pbrown12303/activeCRL/core/OneToNStringMap.go:98.39,100.3 1 1
github.com/pbrown12303/activeCRL/core/OneToNStringMap.go:105.75,108.39 3 1
github.com/pbrown12303/activeCRL/core/OneToNStringMap.go:111.2,111.42 1 1
github.com/pbrown12303/activeCRL/core/OneToNStringMap.go:108.39,110.3 1 0
github.com/pbrown12303/activeCRL/core/OneToNStringMap.go:115.81,118.39 3 1
github.com/pbrown12303/activeCRL/core/OneToNStringMap.go:121.2,124.41 4 1
github.com/pbrown12303/activeCRL/core/OneToNStringMap.go:118.39,120.3 1 1
github.com/pbrown12303/activeCRL/core/OneToNStringMap.go:124.41,126.3 1 1
github.com/pbrown12303/activeCRL/core/OneToNStringMap.go:130.47,135.2 1 1
github.com/pbrown12303/activeCRL/core/OneToNStringMap.go:138.49,143.2 1 1
github.com/pbrown12303/activeCRL/core/StringElementMap.go:20.46,24.2 3 1
github.com/pbrown12303/activeCRL/core/StringElementMap.go:27.40,31.2 3 0
github.com/pbrown12303/activeCRL/core/StringElementMap.go:34.61,38.43 4 1
github.com/pbrown12303/activeCRL/core/StringElementMap.go:41.2,41.13 1 1
github.com/pbrown12303/activeCRL/core/StringElementMap.go:38.43,40.3 1 1
github.com/pbrown12303/activeCRL/core/StringElementMap.go:45.56,49.2 3 1
github.com/pbrown12303/activeCRL/core/StringElementMap.go:52.61,56.2 3 1
github.com/pbrown12303/activeCRL/core/StringElementMap.go:61.73,66.50 5 1
github.com/pbrown12303/activeCRL/core/StringElementMap.go:69.2,69.34 1 1
github.com/pbrown12303/activeCRL/core/StringElementMap.go:74.2,74.13 1 1
github.com/pbrown12303/activeCRL/core/StringElementMap.go:66.50,68.3 1 1
github.com/pbrown12303/activeCRL/core/StringElementMap.go:69.34,70.31 1 1
github.com/pbrown12303/activeCRL/core/StringElementMap.go:70.31,72.4 1 0
github.com/pbrown12303/activeCRL/core/StringElementMap.go:78.55,81.41 3 0
github.com/pbrown12303/activeCRL/core/StringElementMap.go:81.41,84.3 2 0
github.com/pbrown12303/activeCRL/core/StringElementMap.go:88.70,91.37 3 0
github.com/pbrown12303/activeCRL/core/StringElementMap.go:91.37,93.3 1 0
github.com/pbrown12303/activeCRL/core/StringElementMap.go:97.68,101.2 3 1
github.com/pbrown12303/activeCRL/core/StringElementMap.go:104.48,109.2 1 1
github.com/pbrown12303/activeCRL/core/StringElementMap.go:112.50,117.2 1 1
github.com/pbrown12303/activeCRL/core/Transaction.go:26.126,27.66 1 1
github.com/pbrown12303/activeCRL/core/Transaction.go:47.2,47.12 1 1
github.com/pbrown12303/activeCRL/core/Transaction.go:27.66,28.46 1 1
github.com/pbrown12303/activeCRL/core/Transaction.go:35.3,35.32 1 1
github.com/pbrown12303/activeCRL/core/Transaction.go:42.3,43.17 2 1
github.com/pbrown12303/activeCRL/core/Transaction.go:28.46,31.18 3 0
github.com/pbrown12303/activeCRL/core/Transaction.go:31.18,33.5 1 0
github.com/pbrown12303/activeCRL/core/Transaction.go:35.32,38.17 2 1
github.com/pbrown12303/activeCRL/core/Transaction.go:38.17,40.5 1 1
github.com/pbrown12303/activeCRL/core/Transaction.go:43.17,45.4 1 0
github.com/pbrown12303/activeCRL/core/Transaction.go:51.76,53.2 1 0
github.com/pbrown12303/activeCRL/core/Transaction.go:67.58,72.17 5 1
github.com/pbrown12303/activeCRL/core/Transaction.go:75.2,76.17 2 1
github.com/pbrown12303/activeCRL/core/Transaction.go:72.17,74.3 1 1
github.com/pbrown12303/activeCRL/core/Transaction.go:76.17,79.3 2 1
github.com/pbrown12303/activeCRL/core/Transaction.go:85.65,90.16 5 1
github.com/pbrown12303/activeCRL/core/Transaction.go:93.2,94.18 2 1
github.com/pbrown12303/activeCRL/core/Transaction.go:98.2,98.12 1 1
github.com/pbrown12303/activeCRL/core/Transaction.go:90.16,92.3 1 0
github.com/pbrown12303/activeCRL/core/Transaction.go:94.18,97.3 2 1
github.com/pbrown12303/activeCRL/core/Transaction.go:102.45,105.16 3 1
github.com/pbrown12303/activeCRL/core/Transaction.go:108.2,108.40 1 1
github.com/pbrown12303/activeCRL/core/Transaction.go:112.2,112.41 1 1
github.com/pbrown12303/activeCRL/core/Transaction.go:105.16,107.3 1 0
github.com/pbrown12303/activeCRL/core/Transaction.go:108.40,111.3 2 1
github.com/pbrown12303/activeCRL/core/Transaction.go:112.41,115.3 2 1
github.com/pbrown12303/activeCRL/core/UndoManager.go:24.61,30.2 5 1
github.com/pbrown12303/activeCRL/core/UndoManager.go:33.95,37.23 4 1
github.com/pbrown12303/activeCRL/core/UndoManager.go:40.2,43.27 4 1
github.com/pbrown12303/activeCRL/core/UndoManager.go:46.2,46.12 1 1
github.com/pbrown12303/activeCRL/core/UndoManager.go:37.23,39.3 1 0
github.com/pbrown12303/activeCRL/core/UndoManager.go:43.27,45.3 1 1
github.com/pbrown12303/activeCRL/core/UndoManager.go:50.79,53.15 3 1
github.com/pbrown12303/activeCRL/core/UndoManager.go:56.2,57.23 2 1
github.com/pbrown12303/activeCRL/core/UndoManager.go:60.2,60.27 1 1
github.com/pbrown12303/activeCRL/core/UndoManager.go:70.2,70.12 1 1
github.com/pbrown12303/activeCRL/core/UndoManager.go:53.15,55.3 1 0
github.com/pbrown12303/activeCRL/core/UndoManager.go:57.23,59.3 1 0
github.com/pbrown12303/activeCRL/core/UndoManager.go:60.27,65.24 5 1
github.com/pbrown12303/activeCRL/core/UndoManager.go:68.3,68.37 1 1
github.com/pbrown12303/activeCRL/core/UndoManager.go:65.24,67.4 1 0
github.com/pbrown12303/activeCRL/core/UndoManager.go:74.83,77.15 3 1
github.com/pbrown12303/activeCRL/core/UndoManager.go:80.2,81.23 2 1
github.com/pbrown12303/activeCRL/core/UndoManager.go:84.2,84.27 1 1
github.com/pbrown12303/activeCRL/core/UndoManager.go:90.2,90.12 1 1
github.com/pbrown12303/activeCRL/core/UndoManager.go:77.15,79.3 1 0
github.com/pbrown12303/activeCRL/core/UndoManager.go:81.23,83.3 1 0
github.com/pbrown12303/activeCRL/core/UndoManager.go:84.27,89.3 4 1
github.com/pbrown12303/activeCRL/core/UndoManager.go:94.45,97.27 3 0
github.com/pbrown12303/activeCRL/core/UndoManager.go:97.27,99.3 1 0
github.com/pbrown12303/activeCRL/core/UndoManager.go:103.79,107.26 4 0
github.com/pbrown12303/activeCRL/core/UndoManager.go:107.26,109.27 2 0
github.com/pbrown12303/activeCRL/core/UndoManager.go:127.3,131.44 5 0
github.com/pbrown12303/activeCRL/core/UndoManager.go:110.17,111.4 1 0
github.com/pbrown12303/activeCRL/core/UndoManager.go:114.17,115.4 1 0
github.com/pbrown12303/activeCRL/core/UndoManager.go:118.15,119.4 1 0
github.com/pbrown12303/activeCRL/core/UndoManager.go:122.15,123.4 1 0
github.com/pbrown12303/activeCRL/core/UndoManager.go:111.4,113.5 1 0
github.com/pbrown12303/activeCRL/core/UndoManager.go:115.4,117.5 1 0
github.com/pbrown12303/activeCRL/core/UndoManager.go:119.4,121.5 1 0
github.com/pbrown12303/activeCRL/core/UndoManager.go:123.4,125.5 1 0
github.com/pbrown12303/activeCRL/core/UndoManager.go:136.66,138.26 2 0
github.com/pbrown12303/activeCRL/core/UndoManager.go:156.2,160.43 5 0
github.com/pbrown12303/activeCRL/core/UndoManager.go:139.16,140.3 1 0
github.com/pbrown12303/activeCRL/core/UndoManager.go:143.16,144.3 1 0
github.com/pbrown12303/activeCRL/core/UndoManager.go:147.14,148.3 1 0
github.com/pbrown12303/activeCRL/core/UndoManager.go:151.14,152.3 1 0
github.com/pbrown12303/activeCRL/core/UndoManager.go:140.3,142.4 1 0
github.com/pbrown12303/activeCRL/core/UndoManager.go:144.3,146.4 1 0
github.com/pbrown12303/activeCRL/core/UndoManager.go:148.3,150.4 1 0
github.com/pbrown12303/activeCRL/core/UndoManager.go:152.3,154.4 1 0
github.com/pbrown12303/activeCRL/core/UndoManager.go:163.51,167.33 4 1
github.com/pbrown12303/activeCRL/core/UndoManager.go:167.33,170.41 3 1
github.com/pbrown12303/activeCRL/core/UndoManager.go:173.3,173.40 1 1
github.com/pbrown12303/activeCRL/core/UndoManager.go:170.41,172.4 1 1
github.com/pbrown12303/activeCRL/core/UndoManager.go:173.40,176.4 2 0
github.com/pbrown12303/activeCRL/core/UndoManager.go:176.9,176.49 1 1
github.com/pbrown12303/activeCRL/core/UndoManager.go:176.49,179.64 1 1
github.com/pbrown12303/activeCRL/core/UndoManager.go:183.4,183.46 1 1
github.com/pbrown12303/activeCRL/core/UndoManager.go:200.4,201.17 2 1
github.com/pbrown12303/activeCRL/core/UndoManager.go:204.4,209.77 5 1
github.com/pbrown12303/activeCRL/core/UndoManager.go:179.64,181.5 1 0
github.com/pbrown12303/activeCRL/core/UndoManager.go:184.20,186.34 2 1
github.com/pbrown12303/activeCRL/core/UndoManager.go:189.21,191.25 2 1
github.com/pbrown12303/activeCRL/core/UndoManager.go:194.5,195.24 2 1
github.com/pbrown12303/activeCRL/core/UndoManager.go:186.34,188.6 1 0
github.com/pbrown12303/activeCRL/core/UndoManager.go:191.25,193.6 1 0
github.com/pbrown12303/activeCRL/core/UndoManager.go:195.24,197.6 1 0
github.com/pbrown12303/activeCRL/core/UndoManager.go:201.17,203.5 1 1
github.com/pbrown12303/activeCRL/core/UndoManager.go:210.9,210.49 1 1
github.com/pbrown12303/activeCRL/core/UndoManager.go:210.49,213.60 1 1
github.com/pbrown12303/activeCRL/core/UndoManager.go:217.4,217.42 1 1
github.com/pbrown12303/activeCRL/core/UndoManager.go:234.4,235.17 2 1
github.com/pbrown12303/activeCRL/core/UndoManager.go:238.4,243.77 5 1
github.com/pbrown12303/activeCRL/core/UndoManager.go:213.60,215.5 1 1
github.com/pbrown12303/activeCRL/core/UndoManager.go:218.20,220.34 2 1
github.com/pbrown12303/activeCRL/core/UndoManager.go:223.21,225.25 2 1
github.com/pbrown12303/activeCRL/core/UndoManager.go:228.5,229.24 2 1
github.com/pbrown12303/activeCRL/core/UndoManager.go:220.34,222.6 1 1
github.com/pbrown12303/activeCRL/core/UndoManager.go:225.25,227.6 1 1
github.com/pbrown12303/activeCRL/core/UndoManager.go:229.24,231.6 1 1
github.com/pbrown12303/activeCRL/core/UndoManager.go:235.17,237.5 1 1
github.com/pbrown12303/activeCRL/core/UndoManager.go:244.9,244.47 1 1
github.com/pbrown12303/activeCRL/core/UndoManager.go:244.47,248.38 3 1
github.com/pbrown12303/activeCRL/core/UndoManager.go:257.4,257.46 1 1
github.com/pbrown12303/activeCRL/core/UndoManager.go:292.4,294.30 3 1
github.com/pbrown12303/activeCRL/core/UndoManager.go:302.4,309.37 8 1
github.com/pbrown12303/activeCRL/core/UndoManager.go:248.38,249.29 1 1
github.com/pbrown12303/activeCRL/core/UndoManager.go:252.5,252.27 1 1
github.com/pbrown12303/activeCRL/core/UndoManager.go:249.29,251.6 1 1
github.com/pbrown12303/activeCRL/core/UndoManager.go:252.27,254.6 1 1
github.com/pbrown12303/activeCRL/core/UndoManager.go:258.20,261.63 3 1
github.com/pbrown12303/activeCRL/core/UndoManager.go:269.21,272.45 3 1
github.com/pbrown12303/activeCRL/core/UndoManager.go:280.5,282.43 3 1
github.com/pbrown12303/activeCRL/core/UndoManager.go:261.63,262.42 1 1
github.com/pbrown12303/activeCRL/core/UndoManager.go:265.6,265.40 1 1
github.com/pbrown12303/activeCRL/core/UndoManager.go:262.42,264.7 1 1
github.com/pbrown12303/activeCRL/core/UndoManager.go:265.40,267.7 1 1
github.com/pbrown12303/activeCRL/core/UndoManager.go:272.45,273.33 1 1
github.com/pbrown12303/activeCRL/core/UndoManager.go:276.6,276.31 1 1
github.com/pbrown12303/activeCRL/core/UndoManager.go:273.33,275.7 1 1
github.com/pbrown12303/activeCRL/core/UndoManager.go:276.31,278.7 1 1
github.com/pbrown12303/activeCRL/core/UndoManager.go:282.43,283.32 1 1
github.com/pbrown12303/activeCRL/core/UndoManager.go:286.6,286.30 1 1
github.com/pbrown12303/activeCRL/core/UndoManager.go:283.32,285.7 1 1
github.com/pbrown12303/activeCRL/core/UndoManager.go:286.30,288.7 1 1
github.com/pbrown12303/activeCRL/core/UndoManager.go:294.30,295.25 1 1
github.com/pbrown12303/activeCRL/core/UndoManager.go:298.5,298.23 1 1
github.com/pbrown12303/activeCRL/core/UndoManager.go:295.25,297.6 1 1
github.com/pbrown12303/activeCRL/core/UndoManager.go:298.23,300.6 1 1
github.com/pbrown12303/activeCRL/core/UndoManager.go:316.101,317.23 1 1
github.com/pbrown12303/activeCRL/core/UndoManager.go:324.2,324.29 1 1
github.com/pbrown12303/activeCRL/core/UndoManager.go:317.23,323.3 5 0
github.com/pbrown12303/activeCRL/core/UndoManager.go:325.16,326.69 1 1
github.com/pbrown12303/activeCRL/core/UndoManager.go:327.18,328.73 1 1
github.com/pbrown12303/activeCRL/core/UndoManager.go:329.16,330.69 1 1
github.com/pbrown12303/activeCRL/core/UndoManager.go:331.19,332.75 1 1
github.com/pbrown12303/activeCRL/core/UndoManager.go:333.10,334.75 1 0
github.com/pbrown12303/activeCRL/core/UndoManager.go:344.63,348.2 3 1
github.com/pbrown12303/activeCRL/core/UndoManager.go:350.45,355.2 1 1
github.com/pbrown12303/activeCRL/core/UndoManager.go:357.47,362.2 1 1
github.com/pbrown12303/activeCRL/core/UndoManager.go:364.51,369.33 5 1
github.com/pbrown12303/activeCRL/core/UndoManager.go:369.33,372.41 3 1
github.com/pbrown12303/activeCRL/core/UndoManager.go:375.3,375.40 1 1
github.com/pbrown12303/activeCRL/core/UndoManager.go:515.3,515.21 1 1
github.com/pbrown12303/activeCRL/core/UndoManager.go:372.41,374.4 1 1
github.com/pbrown12303/activeCRL/core/UndoManager.go:375.40,376.18 1 0
github.com/pbrown12303/activeCRL/core/UndoManager.go:376.18,378.5 1 0
github.com/pbrown12303/activeCRL/core/UndoManager.go:378.10,382.5 2 0
github.com/pbrown12303/activeCRL/core/UndoManager.go:383.9,383.49 1 1
github.com/pbrown12303/activeCRL/core/UndoManager.go:383.49,386.64 1 1
github.com/pbrown12303/activeCRL/core/UndoManager.go:390.4,390.46 1 1
github.com/pbrown12303/activeCRL/core/UndoManager.go:407.4,408.17 2 1
github.com/pbrown12303/activeCRL/core/UndoManager.go:411.4,414.77 4 1
github.com/pbrown12303/activeCRL/core/UndoManager.go:386.64,388.5 1 0
github.com/pbrown12303/activeCRL/core/UndoManager.go:391.20,393.34 2 1
github.com/pbrown12303/activeCRL/core/UndoManager.go:396.21,398.25 2 1
github.com/pbrown12303/activeCRL/core/UndoManager.go:401.5,402.24 2 1
github.com/pbrown12303/activeCRL/core/UndoManager.go:393.34,395.6 1 0
github.com/pbrown12303/activeCRL/core/UndoManager.go:398.25,400.6 1 0
github.com/pbrown12303/activeCRL/core/UndoManager.go:402.24,404.6 1 0
github.com/pbrown12303/activeCRL/core/UndoManager.go:408.17,410.5 1 1
github.com/pbrown12303/activeCRL/core/UndoManager.go:415.9,415.49 1 1
github.com/pbrown12303/activeCRL/core/UndoManager.go:415.49,418.60 1 1
github.com/pbrown12303/activeCRL/core/UndoManager.go:422.4,422.42 1 1
github.com/pbrown12303/activeCRL/core/UndoManager.go:439.4,440.17 2 1
github.com/pbrown12303/activeCRL/core/UndoManager.go:443.4,447.77 5 1
github.com/pbrown12303/activeCRL/core/UndoManager.go:418.60,420.5 1 1
github.com/pbrown12303/activeCRL/core/UndoManager.go:423.20,425.34 2 1
github.com/pbrown12303/activeCRL/core/UndoManager.go:428.21,430.25 2 1
github.com/pbrown12303/activeCRL/core/UndoManager.go:433.5,434.24 2 1
github.com/pbrown12303/activeCRL/core/UndoManager.go:425.34,427.6 1 1
github.com/pbrown12303/activeCRL/core/UndoManager.go:430.25,432.6 1 1
github.com/pbrown12303/activeCRL/core/UndoManager.go:434.24,436.6 1 1
github.com/pbrown12303/activeCRL/core/UndoManager.go:440.17,442.5 1 1
github.com/pbrown12303/activeCRL/core/UndoManager.go:448.9,448.47 1 1
github.com/pbrown12303/activeCRL/core/UndoManager.go:448.47,452.38 3 1
github.com/pbrown12303/activeCRL/core/UndoManager.go:461.4,461.46 1 1
github.com/pbrown12303/activeCRL/core/UndoManager.go:496.4,498.30 3 1
github.com/pbrown12303/activeCRL/core/UndoManager.go:506.4,513.37 8 1
github.com/pbrown12303/activeCRL/core/UndoManager.go:452.38,453.29 1 1
github.com/pbrown12303/activeCRL/core/UndoManager.go:456.5,456.27 1 1
github.com/pbrown12303/activeCRL/core/UndoManager.go:453.29,455.6 1 1
github.com/pbrown12303/activeCRL/core/UndoManager.go:456.27,458.6 1 1
github.com/pbrown12303/activeCRL/core/UndoManager.go:462.20,465.63 3 1
github.com/pbrown12303/activeCRL/core/UndoManager.go:473.21,476.45 3 1
github.com/pbrown12303/activeCRL/core/UndoManager.go:484.5,486.43 3 1
github.com/pbrown12303/activeCRL/core/UndoManager.go:465.63,466.42 1 1
github.com/pbrown12303/activeCRL/core/UndoManager.go:469.6,469.40 1 1
github.com/pbrown12303/activeCRL/core/UndoManager.go:466.42,468.7 1 1
github.com/pbrown12303/activeCRL/core/UndoManager.go:469.40,471.7 1 1
github.com/pbrown12303/activeCRL/core/UndoManager.go:476.45,477.33 1 1
github.com/pbrown12303/activeCRL/core/UndoManager.go:480.6,480.31 1 1
github.com/pbrown12303/activeCRL/core/UndoManager.go:477.33,479.7 1 1
github.com/pbrown12303/activeCRL/core/UndoManager.go:480.31,482.7 1 1
github.com/pbrown12303/activeCRL/core/UndoManager.go:486.43,487.32 1 1
github.com/pbrown12303/activeCRL/core/UndoManager.go:490.6,490.30 1 1
github.com/pbrown12303/activeCRL/core/UndoManager.go:487.32,489.7 1 1
github.com/pbrown12303/activeCRL/core/UndoManager.go:490.30,492.7 1 1
github.com/pbrown12303/activeCRL/core/UndoManager.go:498.30,499.25 1 1
github.com/pbrown12303/activeCRL/core/UndoManager.go:502.5,502.23 1 1
github.com/pbrown12303/activeCRL/core/UndoManager.go:499.25,501.6 1 1
github.com/pbrown12303/activeCRL/core/UndoManager.go:502.23,504.6 1 1
github.com/pbrown12303/activeCRL/core/ChangeNotification.go:36.43,37.13 1 1
github.com/pbrown12303/activeCRL/core/ChangeNotification.go:57.2,57.20 1 0
github.com/pbrown12303/activeCRL/core/ChangeNotification.go:38.20,39.24 1 0
github.com/pbrown12303/activeCRL/core/ChangeNotification.go:40.22,41.26 1 1
github.com/pbrown12303/activeCRL/core/ChangeNotification.go:42.22,43.26 1 0
github.com/pbrown12303/activeCRL/core/ChangeNotification.go:44.28,45.32 1 0
github.com/pbrown12303/activeCRL/core/ChangeNotification.go:46.32,47.36 1 0
github.com/pbrown12303/activeCRL/core/ChangeNotification.go:48.30,49.34 1 0
github.com/pbrown12303/activeCRL/core/ChangeNotification.go:50.29,51.33 1 0
github.com/pbrown12303/activeCRL/core/ChangeNotification.go:52.27,53.31 1 0
github.com/pbrown12303/activeCRL/core/ChangeNotification.go:54.31,55.35 1 0
github.com/pbrown12303/activeCRL/core/ChangeNotification.go:86.57,87.15 1 1
github.com/pbrown12303/activeCRL/core/ChangeNotification.go:90.2,91.16 2 1
github.com/pbrown12303/activeCRL/core/ChangeNotification.go:94.2,96.16 3 1
github.com/pbrown12303/activeCRL/core/ChangeNotification.go:99.2,100.30 2 1
github.com/pbrown12303/activeCRL/core/ChangeNotification.go:87.15,89.3 1 0
github.com/pbrown12303/activeCRL/core/ChangeNotification.go:91.16,93.3 1 0
github.com/pbrown12303/activeCRL/core/ChangeNotification.go:96.16,98.3 1 0
github.com/pbrown12303/activeCRL/core/ChangeNotification.go:116.71,118.2 1 1
github.com/pbrown12303/activeCRL/core/ChangeNotification.go:121.72,123.2 1 1
github.com/pbrown12303/activeCRL/core/ChangeNotification.go:126.63,127.36 1 1
github.com/pbrown12303/activeCRL/core/ChangeNotification.go:132.2,132.11 1 0
github.com/pbrown12303/activeCRL/core/ChangeNotification.go:127.36,129.3 1 1
github.com/pbrown12303/activeCRL/core/ChangeNotification.go:129.8,129.44 1 0
github.com/pbrown12303/activeCRL/core/ChangeNotification.go:129.44,131.3 1 0
github.com/pbrown12303/activeCRL/core/ChangeNotification.go:136.66,137.36 1 0
github.com/pbrown12303/activeCRL/core/ChangeNotification.go:142.2,142.11 1 0
github.com/pbrown12303/activeCRL/core/ChangeNotification.go:137.36,139.3 1 0
github.com/pbrown12303/activeCRL/core/ChangeNotification.go:139.8,139.44 1 0
github.com/pbrown12303/activeCRL/core/ChangeNotification.go:139.44,141.3 1 0
github.com/pbrown12303/activeCRL/core/ChangeNotification.go:146.65,147.36 1 0
github.com/pbrown12303/activeCRL/core/ChangeNotification.go:152.2,152.11 1 0
github.com/pbrown12303/activeCRL/core/ChangeNotification.go:147.36,149.3 1 0
github.com/pbrown12303/activeCRL/core/ChangeNotification.go:149.8,149.44 1 0
github.com/pbrown12303/activeCRL/core/ChangeNotification.go:149.44,151.3 1 0
github.com/pbrown12303/activeCRL/core/ChangeNotification.go:156.49,158.2 1 0
github.com/pbrown12303/activeCRL/core/ChangeNotification.go:160.65,162.35 2 0
github.com/pbrown12303/activeCRL/core/ChangeNotification.go:165.2,165.17 1 0
github.com/pbrown12303/activeCRL/core/ChangeNotification.go:162.35,164.3 1 0
github.com/pbrown12303/activeCRL/core/ChangeNotification.go:169.69,171.2 1 1
github.com/pbrown12303/activeCRL/core/ChangeNotification.go:174.65,176.2 1 1
github.com/pbrown12303/activeCRL/core/ChangeNotification.go:179.68,181.2 1 1
github.com/pbrown12303/activeCRL/core/ChangeNotification.go:185.75,187.2 1 0
github.com/pbrown12303/activeCRL/core/ChangeNotification.go:190.67,192.2 1 1
github.com/pbrown12303/activeCRL/core/ChangeNotification.go:196.76,198.2 1 1
github.com/pbrown12303/activeCRL/core/ChangeNotification.go:200.64,202.82 2 0
github.com/pbrown12303/activeCRL/core/ChangeNotification.go:207.2,207.14 1 0
github.com/pbrown12303/activeCRL/core/ChangeNotification.go:202.82,204.3 1 0
github.com/pbrown12303/activeCRL/core/ChangeNotification.go:204.8,204.42 1 0
github.com/pbrown12303/activeCRL/core/ChangeNotification.go:204.42,206.3 1 0
github.com/pbrown12303/activeCRL/core/ChangeNotification.go:211.72,212.29 1 1
github.com/pbrown12303/activeCRL/core/ChangeNotification.go:212.29,215.3 2 0
github.com/pbrown12303/activeCRL/core/ChangeNotification.go:220.99,223.40 3 0
github.com/pbrown12303/activeCRL/core/ChangeNotification.go:226.2,226.36 1 0
github.com/pbrown12303/activeCRL/core/ChangeNotification.go:229.2,229.37 1 0
github.com/pbrown12303/activeCRL/core/ChangeNotification.go:232.2,232.35 1 0
github.com/pbrown12303/activeCRL/core/ChangeNotification.go:235.2,235.44 1 0
github.com/pbrown12303/activeCRL/core/ChangeNotification.go:223.40,225.3 1 0
github.com/pbrown12303/activeCRL/core/ChangeNotification.go:226.36,228.3 1 0
github.com/pbrown12303/activeCRL/core/ChangeNotification.go:229.37,231.3 1 0
github.com/pbrown12303/activeCRL/core/ChangeNotification.go:232.35,234.3 1 0
github.com/pbrown12303/activeCRL/core/Literal.go:18.53,24.2 5 1
github.com/pbrown12303/activeCRL/core/Literal.go:26.72,30.2 3 1
github.com/pbrown12303/activeCRL/core/Literal.go:32.62,35.2 2 1
github.com/pbrown12303/activeCRL/core/Literal.go:37.70,39.2 1 1
github.com/pbrown12303/activeCRL/core/Literal.go:41.115,43.30 2 1
github.com/pbrown12303/activeCRL/core/Literal.go:46.2,48.43 3 1
github.com/pbrown12303/activeCRL/core/Literal.go:54.2,54.65 1 1
github.com/pbrown12303/activeCRL/core/Literal.go:43.30,45.3 1 1
github.com/pbrown12303/activeCRL/core/Literal.go:48.43,49.12 1 1
github.com/pbrown12303/activeCRL/core/Literal.go:52.3,52.15 1 1
github.com/pbrown12303/activeCRL/core/Literal.go:49.12,51.4 1 0
github.com/pbrown12303/activeCRL/core/Literal.go:57.52,64.2 6 1
github.com/pbrown12303/activeCRL/core/Literal.go:66.71,70.2 3 1
github.com/pbrown12303/activeCRL/core/Literal.go:75.111,77.16 2 1
github.com/pbrown12303/activeCRL/core/Literal.go:81.2,83.16 3 1
github.com/pbrown12303/activeCRL/core/Literal.go:87.2,88.12 2 1
github.com/pbrown12303/activeCRL/core/Literal.go:77.16,79.3 1 0
github.com/pbrown12303/activeCRL/core/Literal.go:83.16,86.3 2 0
github.com/pbrown12303/activeCRL/core/Literal.go:91.75,92.22 1 1
github.com/pbrown12303/activeCRL/core/Literal.go:95.2,96.26 2 1
github.com/pbrown12303/activeCRL/core/Literal.go:99.2,99.32 1 1
github.com/pbrown12303/activeCRL/core/Literal.go:116.2,116.12 1 1
github.com/pbrown12303/activeCRL/core/Literal.go:92.22,94.3 1 0
github.com/pbrown12303/activeCRL/core/Literal.go:96.26,98.3 1 1
github.com/pbrown12303/activeCRL/core/Literal.go:99.32,102.17 3 1
github.com/pbrown12303/activeCRL/core/Literal.go:105.3,108.18 4 1
github.com/pbrown12303/activeCRL/core/Literal.go:111.3,112.17 2 1
github.com/pbrown12303/activeCRL/core/Literal.go:102.17,104.4 1 0
github.com/pbrown12303/activeCRL/core/Literal.go:108.18,110.4 1 0
github.com/pbrown12303/activeCRL/core/Literal.go:112.17,114.4 1 0
github.com/pbrown12303/activeCRL/core/Refinement.go:22.59,28.2 5 1
github.com/pbrown12303/activeCRL/core/Refinement.go:30.78,38.2 5 1
github.com/pbrown12303/activeCRL/core/Refinement.go:40.69,43.2 2 1
github.com/pbrown12303/activeCRL/core/Refinement.go:45.60,47.2 1 0
github.com/pbrown12303/activeCRL/core/Refinement.go:49.70,52.2 2 1
github.com/pbrown12303/activeCRL/core/Refinement.go:54.61,56.2 1 0
github.com/pbrown12303/activeCRL/core/Refinement.go:58.72,61.2 2 1
github.com/pbrown12303/activeCRL/core/Refinement.go:63.68,66.2 2 1
github.com/pbrown12303/activeCRL/core/Refinement.go:68.59,70.2 1 0
github.com/pbrown12303/activeCRL/core/Refinement.go:72.69,75.2 2 1
github.com/pbrown12303/activeCRL/core/Refinement.go:77.60,79.2 1 0
github.com/pbrown12303/activeCRL/core/Refinement.go:81.71,84.2 2 1
github.com/pbrown12303/activeCRL/core/Refinement.go:86.76,88.2 1 1
github.com/pbrown12303/activeCRL/core/Refinement.go:90.121,92.30 2 1
github.com/pbrown12303/activeCRL/core/Refinement.go:95.2,97.53 3 1
github.com/pbrown12303/activeCRL/core/Refinement.go:103.2,103.63 1 1
github.com/pbrown12303/activeCRL/core/Refinement.go:109.2,109.51 1 1
github.com/pbrown12303/activeCRL/core/Refinement.go:115.2,115.61 1 1
github.com/pbrown12303/activeCRL/core/Refinement.go:121.2,121.65 1 1
github.com/pbrown12303/activeCRL/core/Refinement.go:92.30,94.3 1 1
github.com/pbrown12303/activeCRL/core/Refinement.go:97.53,98.12 1 1
github.com/pbrown12303/activeCRL/core/Refinement.go:101.3,101.15 1 1
github.com/pbrown12303/activeCRL/core/Refinement.go:98.12,100.4 1 0
github.com/pbrown12303/activeCRL/core/Refinement.go:103.63,104.12 1 1
github.com/pbrown12303/activeCRL/core/Refinement.go:107.3,107.15 1 1
github.com/pbrown12303/activeCRL/core/Refinement.go:104.12,106.4 1 0
github.com/pbrown12303/activeCRL/core/Refinement.go:109.51,110.12 1 1
github.com/pbrown12303/activeCRL/core/Refinement.go:113.3,113.15 1 1
github.com/pbrown12303/activeCRL/core/Refinement.go:110.12,112.4 1 0
github.com/pbrown12303/activeCRL/core/Refinement.go:115.61,116.12 1 1
github.com/pbrown12303/activeCRL/core/Refinement.go:119.3,119.15 1 1
github.com/pbrown12303/activeCRL/core/Refinement.go:116.12,118.4 1 0
github.com/pbrown12303/activeCRL/core/Refinement.go:125.55,132.2 6 1
github.com/pbrown12303/activeCRL/core/Refinement.go:134.77,141.2 6 1
github.com/pbrown12303/activeCRL/core/Refinement.go:146.117,148.16 2 1
github.com/pbrown12303/activeCRL/core/Refinement.go:152.2,154.16 3 1
github.com/pbrown12303/activeCRL/core/Refinement.go:158.2,162.16 4 1
github.com/pbrown12303/activeCRL/core/Refinement.go:166.2,167.16 2 1
github.com/pbrown12303/activeCRL/core/Refinement.go:172.2,174.16 3 1
github.com/pbrown12303/activeCRL/core/Refinement.go:178.2,182.16 4 1
github.com/pbrown12303/activeCRL/core/Refinement.go:186.2,187.16 2 1
github.com/pbrown12303/activeCRL/core/Refinement.go:191.2,191.12 1 1
github.com/pbrown12303/activeCRL/core/Refinement.go:148.16,150.3 1 0
github.com/pbrown12303/activeCRL/core/Refinement.go:154.16,157.3 2 0
github.com/pbrown12303/activeCRL/core/Refinement.go:162.16,165.3 2 0
github.com/pbrown12303/activeCRL/core/Refinement.go:167.16,170.3 2 0
github.com/pbrown12303/activeCRL/core/Refinement.go:174.16,177.3 2 0
github.com/pbrown12303/activeCRL/core/Refinement.go:182.16,185.3 2 0
github.com/pbrown12303/activeCRL/core/Refinement.go:187.16,190.3 2 0
github.com/pbrown12303/activeCRL/core/Refinement.go:195.79,196.22 1 1
github.com/pbrown12303/activeCRL/core/Refinement.go:199.2,201.15 3 1
github.com/pbrown12303/activeCRL/core/Refinement.go:204.2,204.42 1 1
github.com/pbrown12303/activeCRL/core/Refinement.go:196.22,198.3 1 0
github.com/pbrown12303/activeCRL/core/Refinement.go:201.15,203.3 1 1
github.com/pbrown12303/activeCRL/core/Refinement.go:207.82,208.22 1 1
github.com/pbrown12303/activeCRL/core/Refinement.go:211.2,212.26 2 1
github.com/pbrown12303/activeCRL/core/Refinement.go:215.2,215.36 1 1
github.com/pbrown12303/activeCRL/core/Refinement.go:260.2,260.12 1 1
github.com/pbrown12303/activeCRL/core/Refinement.go:208.22,210.3 1 0
github.com/pbrown12303/activeCRL/core/Refinement.go:212.26,214.3 1 0
github.com/pbrown12303/activeCRL/core/Refinement.go:215.36,218.17 3 1
github.com/pbrown12303/activeCRL/core/Refinement.go:221.3,223.35 3 1
github.com/pbrown12303/activeCRL/core/Refinement.go:235.3,236.17 2 1
github.com/pbrown12303/activeCRL/core/Refinement.go:245.3,246.32 2 1
github.com/pbrown12303/activeCRL/core/Refinement.go:251.3,252.18 2 1
github.com/pbrown12303/activeCRL/core/Refinement.go:255.3,256.17 2 1
github.com/pbrown12303/activeCRL/core/Refinement.go:218.17,220.4 1 0
github.com/pbrown12303/activeCRL/core/Refinement.go:223.35,225.33 2 1
github.com/pbrown12303/activeCRL/core/Refinement.go:225.33,227.19 2 1
github.com/pbrown12303/activeCRL/core/Refinement.go:227.19,229.6 1 0
github.com/pbrown12303/activeCRL/core/Refinement.go:230.10,233.5 1 0
github.com/pbrown12303/activeCRL/core/Refinement.go:236.17,238.33 2 1
github.com/pbrown12303/activeCRL/core/Refinement.go:238.33,240.19 2 1
github.com/pbrown12303/activeCRL/core/Refinement.go:240.19,242.6 1 0
github.com/pbrown12303/activeCRL/core/Refinement.go:246.32,248.4 1 1
github.com/pbrown12303/activeCRL/core/Refinement.go:248.9,250.4 1 1
github.com/pbrown12303/activeCRL/core/Refinement.go:252.18,254.4 1 0
github.com/pbrown12303/activeCRL/core/Refinement.go:256.17,258.4 1 0
github.com/pbrown12303/activeCRL/core/Refinement.go:263.78,264.22 1 1
github.com/pbrown12303/activeCRL/core/Refinement.go:267.2,269.15 3 1
github.com/pbrown12303/activeCRL/core/Refinement.go:272.2,272.41 1 1
github.com/pbrown12303/activeCRL/core/Refinement.go:264.22,266.3 1 0
github.com/pbrown12303/activeCRL/core/Refinement.go:269.15,271.3 1 1
github.com/pbrown12303/activeCRL/core/Refinement.go:275.81,276.22 1 1
github.com/pbrown12303/activeCRL/core/Refinement.go:279.2,280.26 2 1
github.com/pbrown12303/activeCRL/core/Refinement.go:283.2,283.35 1 1
github.com/pbrown12303/activeCRL/core/Refinement.go:325.2,325.12 1 1
github.com/pbrown12303/activeCRL/core/Refinement.go:276.22,278.3 1 0
github.com/pbrown12303/activeCRL/core/Refinement.go:280.26,282.3 1 0
github.com/pbrown12303/activeCRL/core/Refinement.go:283.35,286.17 3 1
github.com/pbrown12303/activeCRL/core/Refinement.go:289.3,291.34 3 1
github.com/pbrown12303/activeCRL/core/Refinement.go:300.3,301.17 2 1
github.com/pbrown12303/activeCRL/core/Refinement.go:310.3,311.31 2 1
github.com/pbrown12303/activeCRL/core/Refinement.go:316.3,317.18 2 1
github.com/pbrown12303/activeCRL/core/Refinement.go:320.3,321.17 2 1
github.com/pbrown12303/activeCRL/core/Refinement.go:286.17,288.4 1 0
github.com/pbrown12303/activeCRL/core/Refinement.go:291.34,293.32 2 1
github.com/pbrown12303/activeCRL/core/Refinement.go:293.32,295.19 2 1
github.com/pbrown12303/activeCRL/core/Refinement.go:295.19,297.6 1 0
github.com/pbrown12303/activeCRL/core/Refinement.go:301.17,303.32 2 1
github.com/pbrown12303/activeCRL/core/Refinement.go:303.32,305.19 2 1
github.com/pbrown12303/activeCRL/core/Refinement.go:305.19,307.6 1 0
github.com/pbrown12303/activeCRL/core/Refinement.go:311.31,313.4 1 1
github.com/pbrown12303/activeCRL/core/Refinement.go:313.9,315.4 1 1
github.com/pbrown12303/activeCRL/core/Refinement.go:317.18,319.4 1 0
github.com/pbrown12303/activeCRL/core/Refinement.go:321.17,323.4 1 0
github.com/pbrown12303/activeCRL/core/UndoStackEntry.go:31.177,39.2 7 1
github.com/pbrown12303/activeCRL/core/UniverseOfDiscourse.go:32.52,46.2 13 1
github.com/pbrown12303/activeCRL/core/UniverseOfDiscourse.go:48.100,49.15 1 1
github.com/pbrown12303/activeCRL/core/UniverseOfDiscourse.go:52.2,55.16 4 1
github.com/pbrown12303/activeCRL/core/UniverseOfDiscourse.go:58.2,60.15 3 1
github.com/pbrown12303/activeCRL/core/UniverseOfDiscourse.go:63.2,64.19 2 1
github.com/pbrown12303/activeCRL/core/UniverseOfDiscourse.go:68.2,68.30 1 1
github.com/pbrown12303/activeCRL/core/UniverseOfDiscourse.go:86.2,86.12 1 1
github.com/pbrown12303/activeCRL/core/UniverseOfDiscourse.go:49.15,51.3 1 0
github.com/pbrown12303/activeCRL/core/UniverseOfDiscourse.go:55.16,57.3 1 0
github.com/pbrown12303/activeCRL/core/UniverseOfDiscourse.go:60.15,62.3 1 1
github.com/pbrown12303/activeCRL/core/UniverseOfDiscourse.go:64.19,66.3 1 1
github.com/pbrown12303/activeCRL/core/UniverseOfDiscourse.go:69.18,72.32 3 1
github.com/pbrown12303/activeCRL/core/UniverseOfDiscourse.go:75.19,78.30 3 1
github.com/pbrown12303/activeCRL/core/UniverseOfDiscourse.go:81.3,82.29 2 1
github.com/pbrown12303/activeCRL/core/UniverseOfDiscourse.go:72.32,74.4 1 1
github.com/pbrown12303/activeCRL/core/UniverseOfDiscourse.go:78.30,80.4 1 1
github.com/pbrown12303/activeCRL/core/UniverseOfDiscourse.go:82.29,84.4 1 1
github.com/pbrown12303/activeCRL/core/UniverseOfDiscourse.go:89.90,90.15 1 1
github.com/pbrown12303/activeCRL/core/UniverseOfDiscourse.go:93.2,94.35 2 1
github.com/pbrown12303/activeCRL/core/UniverseOfDiscourse.go:98.2,100.15 3 1
github.com/pbrown12303/activeCRL/core/UniverseOfDiscourse.go:103.2,103.12 1 1
github.com/pbrown12303/activeCRL/core/UniverseOfDiscourse.go:90.15,92.3 1 0
github.com/pbrown12303/activeCRL/core/UniverseOfDiscourse.go:94.35,97.3 2 0
github.com/pbrown12303/activeCRL/core/UniverseOfDiscourse.go:100.15,102.3 1 1
github.com/pbrown12303/activeCRL/core/UniverseOfDiscourse.go:107.92,109.2 1 1
github.com/pbrown12303/activeCRL/core/UniverseOfDiscourse.go:111.105,112.84 1 1
github.com/pbrown12303/activeCRL/core/UniverseOfDiscourse.go:115.2,115.18 1 1
github.com/pbrown12303/activeCRL/core/UniverseOfDiscourse.go:121.2,121.12 1 1
github.com/pbrown12303/activeCRL/core/UniverseOfDiscourse.go:112.84,114.3 1 1
github.com/pbrown12303/activeCRL/core/UniverseOfDiscourse.go:115.18,116.48 1 1
github.com/pbrown12303/activeCRL/core/UniverseOfDiscourse.go:119.3,119.63 1 1
github.com/pbrown12303/activeCRL/core/UniverseOfDiscourse.go:116.48,118.4 1 0
github.com/pbrown12303/activeCRL/core/UniverseOfDiscourse.go:126.81,132.58 4 1
github.com/pbrown12303/activeCRL/core/UniverseOfDiscourse.go:143.2,143.54 1 1
github.com/pbrown12303/activeCRL/core/UniverseOfDiscourse.go:148.2,148.55 1 1
github.com/pbrown12303/activeCRL/core/UniverseOfDiscourse.go:160.2,160.58 1 1
github.com/pbrown12303/activeCRL/core/UniverseOfDiscourse.go:165.2,165.59 1 1
github.com/pbrown12303/activeCRL/core/UniverseOfDiscourse.go:170.2,170.62 1 1
github.com/pbrown12303/activeCRL/core/UniverseOfDiscourse.go:174.2,174.16 1 1
github.com/pbrown12303/activeCRL/core/UniverseOfDiscourse.go:132.58,134.58 1 1
github.com/pbrown12303/activeCRL/core/UniverseOfDiscourse.go:134.58,136.4 1 1
github.com/pbrown12303/activeCRL/core/UniverseOfDiscourse.go:143.54,145.3 1 1
github.com/pbrown12303/activeCRL/core/UniverseOfDiscourse.go:148.55,149.20 1 1
github.com/pbrown12303/activeCRL/core/UniverseOfDiscourse.go:150.52,151.4 1 1
github.com/pbrown12303/activeCRL/core/UniverseOfDiscourse.go:151.4,154.5 2 1
github.com/pbrown12303/activeCRL/core/UniverseOfDiscourse.go:160.58,162.3 1 1
github.com/pbrown12303/activeCRL/core/UniverseOfDiscourse.go:165.59,167.3 1 1
github.com/pbrown12303/activeCRL/core/UniverseOfDiscourse.go:170.62,172.3 1 0
github.com/pbrown12303/activeCRL/core/UniverseOfDiscourse.go:181.135,183.21 2 1
github.com/pbrown12303/activeCRL/core/UniverseOfDiscourse.go:186.2,188.25 3 1
github.com/pbrown12303/activeCRL/core/UniverseOfDiscourse.go:198.2,198.16 1 1
github.com/pbrown12303/activeCRL/core/UniverseOfDiscourse.go:201.2,202.16 2 1
github.com/pbrown12303/activeCRL/core/UniverseOfDiscourse.go:205.2,205.23 1 1
github.com/pbrown12303/activeCRL/core/UniverseOfDiscourse.go:183.21,185.3 1 1
github.com/pbrown12303/activeCRL/core/UniverseOfDiscourse.go:189.15,190.47 1 1
github.com/pbrown12303/activeCRL/core/UniverseOfDiscourse.go:191.17,192.49 1 1
github.com/pbrown12303/activeCRL/core/UniverseOfDiscourse.go:193.18,194.50 1 1
github.com/pbrown12303/activeCRL/core/UniverseOfDiscourse.go:195.15,196.47 1 1
github.com/pbrown12303/activeCRL/core/UniverseOfDiscourse.go:198.16,200.3 1 0
[...]
github.com/pbrown12303/activeCRL/core/UniverseOfDiscourse.go:926.2,926.18 1 1
github.com/pbrown12303/activeCRL/core/UniverseOfDiscourse.go:912.16,914.3 1 0
github.com/pbrown12303/activeCRL/core/UniverseOfDiscourse.go:916.19,918.3 1 1
github.com/pbrown12303/activeCRL/core/UniverseOfDiscourse.go:923.21,925.3 1 1
github.com/pbrown12303/activeCRL/core/UniverseOfDiscourse.go:930.103,932.16 2 1
github.com/pbrown12303/activeCRL/core/UniverseOfDiscourse.go:935.2,936.19 2 1
github.com/pbrown12303/activeCRL/core/UniverseOfDiscourse.go:939.2,943.21 5 1
github.com/pbrown12303/activeCRL/core/UniverseOfDiscourse.go:946.2,946.18 1 1
github.com/pbrown12303/activeCRL/core/UniverseOfDiscourse.go:932.16,934.3 1 0
github.com/pbrown12303/activeCRL/core/UniverseOfDiscourse.go:936.19,938.3 1 1
github.com/pbrown12303/activeCRL/core/UniverseOfDiscourse.go:943.21,945.3 1 1
github.com/pbrown12303/activeCRL/core/UniverseOfDiscourse.go:962.114,964.29 2 1
github.com/pbrown12303/activeCRL/core/UniverseOfDiscourse.go:971.2,971.12 1 1
github.com/pbrown12303/activeCRL/core/UniverseOfDiscourse.go:964.29,966.17 2 1
github.com/pbrown12303/activeCRL/core/UniverseOfDiscourse.go:966.17,969.4 2 0
github.com/pbrown12303/activeCRL/core/UniverseOfDiscourse.go:974.76,975.44 1 1
github.com/pbrown12303/activeCRL/core/UniverseOfDiscourse.go:975.44,977.3 1 1
github.com/pbrown12303/activeCRL/core/UniverseOfDiscourse.go:980.130,981.15 1 1
github.com/pbrown12303/activeCRL/core/UniverseOfDiscourse.go:984.2,984.42 1 1
github.com/pbrown12303/activeCRL/core/UniverseOfDiscourse.go:988.2,988.43 1 1
github.com/pbrown12303/activeCRL/core/UniverseOfDiscourse.go:991.2,992.57 2 1
github.com/pbrown12303/activeCRL/core/UniverseOfDiscourse.go:1007.2,1007.12 1 1
github.com/pbrown12303/activeCRL/core/UniverseOfDiscourse.go:981.15,983.3 1 0
github.com/pbrown12303/activeCRL/core/UniverseOfDiscourse.go:984.42,987.3 1 0
github.com/pbrown12303/activeCRL/core/UniverseOfDiscourse.go:988.43,990.3 1 0
github.com/pbrown12303/activeCRL/core/UniverseOfDiscourse.go:992.57,993.32 1 1
github.com/pbrown12303/activeCRL/core/UniverseOfDiscourse.go:1002.3,1003.17 2 1
github.com/pbrown12303/activeCRL/core/UniverseOfDiscourse.go:993.32,996.18 2 1
github.com/pbrown12303/activeCRL/core/UniverseOfDiscourse.go:996.18,1000.5 3 1
github.com/pbrown12303/activeCRL/core/UniverseOfDiscourse.go:1003.17,1005.4 1 0
github.com/pbrown12303/activeCRL/core/UniverseOfDiscourse.go:1011.59,1013.2 1 1
github.com/pbrown12303/activeCRL/core/UniverseOfDiscourse.go:1015.87,1016.15 1 1
github.com/pbrown12303/activeCRL/core/UniverseOfDiscourse.go:1016.15,1019.36 3 1
github.com/pbrown12303/activeCRL/core/UniverseOfDiscourse.go:1023.3,1023.43 1 1
github.com/pbrown12303/activeCRL/core/UniverseOfDiscourse.go:1019.36,1022.4 2 0
github.com/pbrown12303/activeCRL/core/UniverseOfDiscourse.go:1028.98,1032.16 4 0
github.com/pbrown12303/activeCRL/core/UniverseOfDiscourse.go:1035.2,1035.39 1 0
github.com/pbrown12303/activeCRL/core/UniverseOfDiscourse.go:1049.2,1049.26 1 0
github.com/pbrown12303/activeCRL/core/UniverseOfDiscourse.go:1032.16,1034.3 1 0
github.com/pbrown12303/activeCRL/core/UniverseOfDiscourse.go:1035.39,1038.17 3 0
github.com/pbrown12303/activeCRL/core/UniverseOfDiscourse.go:1041.3,1041.38 1 0
github.com/pbrown12303/activeCRL/core/UniverseOfDiscourse.go:1038.17,1040.4 1 0
github.com/pbrown12303/activeCRL/core/UniverseOfDiscourse.go:1041.38,1042.27 1 0
github.com/pbrown12303/activeCRL/core/UniverseOfDiscourse.go:1042.27,1044.5 1 0
github.com/pbrown12303/activeCRL/core/UniverseOfDiscourse.go:1044.10,1046.5 1 0
github.com/pbrown12303/activeCRL/core/UniverseOfDiscourse.go:1053.99,1054.20 1 1
github.com/pbrown12303/activeCRL/core/UniverseOfDiscourse.go:1058.2,1060.16 3 1
github.com/pbrown12303/activeCRL/core/UniverseOfDiscourse.go:1064.2,1065.30 2 1
github.com/pbrown12303/activeCRL/core/UniverseOfDiscourse.go:1054.20,1057.3 2 0
github.com/pbrown12303/activeCRL/core/UniverseOfDiscourse.go:1060.16,1063.3 2 0
github.com/pbrown12303/activeCRL/core/UniverseOfDiscourse.go:1075.134,1081.16 4 1
github.com/pbrown12303/activeCRL/core/UniverseOfDiscourse.go:1084.2,1084.41 1 1
github.com/pbrown12303/activeCRL/core/UniverseOfDiscourse.go:1093.2,1093.45 1 1
github.com/pbrown12303/activeCRL/core/UniverseOfDiscourse.go:1109.2,1113.23 5 1
github.com/pbrown12303/activeCRL/core/UniverseOfDiscourse.go:1168.2,1168.12 1 1
github.com/pbrown12303/activeCRL/core/UniverseOfDiscourse.go:1081.16,1083.3 1 0
github.com/pbrown12303/activeCRL/core/UniverseOfDiscourse.go:1085.17,1086.44 1 1
github.com/pbrown12303/activeCRL/core/UniverseOfDiscourse.go:1087.18,1088.92 1 1
github.com/pbrown12303/activeCRL/core/UniverseOfDiscourse.go:1093.45,1095.36 2 1
github.com/pbrown12303/activeCRL/core/UniverseOfDiscourse.go:1098.3,1099.17 2 1
github.com/pbrown12303/activeCRL/core/UniverseOfDiscourse.go:1102.3,1105.60 4 1
github.com/pbrown12303/activeCRL/core/UniverseOfDiscourse.go:1095.36,1097.4 1 1
github.com/pbrown12303/activeCRL/core/UniverseOfDiscourse.go:1099.17,1101.4 1 0
github.com/pbrown12303/activeCRL/core/UniverseOfDiscourse.go:1113.23,1116.31 3 1
github.com/pbrown12303/activeCRL/core/UniverseOfDiscourse.go:1120.3,1124.25 3 1
github.com/pbrown12303/activeCRL/core/UniverseOfDiscourse.go:1140.3,1140.28 1 1
github.com/pbrown12303/activeCRL/core/UniverseOfDiscourse.go:1117.19,1118.12 1 0
github.com/pbrown12303/activeCRL/core/UniverseOfDiscourse.go:1124.25,1126.31 2 1
github.com/pbrown12303/activeCRL/core/UniverseOfDiscourse.go:1130.4,1132.69 3 1
github.com/pbrown12303/activeCRL/core/UniverseOfDiscourse.go:1127.20,1128.13 1 1
github.com/pbrown12303/activeCRL/core/UniverseOfDiscourse.go:1132.69,1133.49 1 1
github.com/pbrown12303/activeCRL/core/UniverseOfDiscourse.go:1133.49,1135.6 1 1
github.com/pbrown12303/activeCRL/core/UniverseOfDiscourse.go:1140.28,1142.34 2 1
github.com/pbrown12303/activeCRL/core/UniverseOfDiscourse.go:1147.4,1148.32 2 1
github.com/pbrown12303/activeCRL/core/UniverseOfDiscourse.go:1156.4,1156.29 1 1
github.com/pbrown12303/activeCRL/core/UniverseOfDiscourse.go:1159.4,1159.29 1 1
github.com/pbrown12303/activeCRL/core/UniverseOfDiscourse.go:1142.34,1144.5 1 1
github.com/pbrown12303/activeCRL/core/UniverseOfDiscourse.go:1144.10,1146.5 1 0
github.com/pbrown12303/activeCRL/core/UniverseOfDiscourse.go:1149.19,1150.75 1 1
github.com/pbrown12303/activeCRL/core/UniverseOfDiscourse.go:1151.17,1152.73 1 1
github.com/pbrown12303/activeCRL/core/UniverseOfDiscourse.go:1153.17,1154.73 1 1
github.com/pbrown12303/activeCRL/core/UniverseOfDiscourse.go:1156.29,1158.5 1 0
github.com/pbrown12303/activeCRL/core/UniverseOfDiscourse.go:1159.29,1162.19 3 1
github.com/pbrown12303/activeCRL/core/UniverseOfDiscourse.go:1162.19,1164.6 1 0
github.com/pbrown12303/activeCRL/core/UniverseOfDiscourse.go:1172.71,1175.2 2 1
github.com/pbrown12303/activeCRL/core/UniverseOfDiscourse.go:1178.71,1180.2 1 1
github.com/pbrown12303/activeCRL/core/UniverseOfDiscourse.go:1186.95,1189.28 3 1
github.com/pbrown12303/activeCRL/core/UniverseOfDiscourse.go:1209.2,1209.12 1 1
github.com/pbrown12303/activeCRL/core/UniverseOfDiscourse.go:1189.28,1190.23 1 1
github.com/pbrown12303/activeCRL/core/UniverseOfDiscourse.go:1193.3,1193.25 1 1
github.com/pbrown12303/activeCRL/core/UniverseOfDiscourse.go:1196.3,1196.24 1 1
github.com/pbrown12303/activeCRL/core/UniverseOfDiscourse.go:1199.3,1201.17 3 1
github.com/pbrown12303/activeCRL/core/UniverseOfDiscourse.go:1204.3,1207.60 4 1
github.com/pbrown12303/activeCRL/core/UniverseOfDiscourse.go:1190.23,1192.4 1 0
github.com/pbrown12303/activeCRL/core/UniverseOfDiscourse.go:1193.25,1195.4 1 1
github.com/pbrown12303/activeCRL/core/UniverseOfDiscourse.go:1196.24,1198.4 1 0
github.com/pbrown12303/activeCRL/core/UniverseOfDiscourse.go:1201.17,1203.4 1 0
github.com/pbrown12303/activeCRL/core/UniverseOfDiscourse.go:1213.59,1215.2 1 1
github.com/pbrown12303/activeCRL/core/UniverseOfDiscourse.go:1217.118,1220.16 3 1
github.com/pbrown12303/activeCRL/core/UniverseOfDiscourse.go:1223.2,1225.16 3 1
github.com/pbrown12303/activeCRL/core/UniverseOfDiscourse.go:1228.2,1228.21 1 1
github.com/pbrown12303/activeCRL/core/UniverseOfDiscourse.go:1271.2,1271.12 1 1
github.com/pbrown12303/activeCRL/core/UniverseOfDiscourse.go:1220.16,1222.3 1 0
github.com/pbrown12303/activeCRL/core/UniverseOfDiscourse.go:1225.16,1227.3 1 0
github.com/pbrown12303/activeCRL/core/UniverseOfDiscourse.go:1229.23,1236.17 6 1
github.com/pbrown12303/activeCRL/core/UniverseOfDiscourse.go:1239.25,1246.17 6 1
github.com/pbrown12303/activeCRL/core/UniverseOfDiscourse.go:1249.23,1256.17 6 1
github.com/pbrown12303/activeCRL/core/UniverseOfDiscourse.go:1259.26,1265.17 6 1
github.com/pbrown12303/activeCRL/core/UniverseOfDiscourse.go:1268.10,1269.82 1 0
github.com/pbrown12303/activeCRL/core/UniverseOfDiscourse.go:1236.17,1238.4 1 0
github.com/pbrown12303/activeCRL/core/UniverseOfDiscourse.go:1246.17,1248.4 1 0
github.com/pbrown12303/activeCRL/core/UniverseOfDiscourse.go:1256.17,1258.4 1 0
github.com/pbrown12303/activeCRL/core/UniverseOfDiscourse.go:1265.17,1267.4 1 0
github.com/pbrown12303/activeCRL/core/UniverseOfDiscourse.go:1274.79,1275.19 1 0
github.com/pbrown12303/activeCRL/core/UniverseOfDiscourse.go:1278.2,1278.19 1 0
github.com/pbrown12303/activeCRL/core/UniverseOfDiscourse.go:1288.2,1288.18 1 0
github.com/pbrown12303/activeCRL/core/UniverseOfDiscourse.go:1291.2,1291.12 1 0
github.com/pbrown12303/activeCRL/core/UniverseOfDiscourse.go:1275.19,1277.3 1 0
github.com/pbrown12303/activeCRL/core/UniverseOfDiscourse.go:1278.19,1280.17 2 0
github.com/pbrown12303/activeCRL/core/UniverseOfDiscourse.go:1283.3,1284.36 2 0
github.com/pbrown12303/activeCRL/core/UniverseOfDiscourse.go:1280.17,1282.4 1 0
github.com/pbrown12303/activeCRL/core/UniverseOfDiscourse.go:1284.36,1286.4 1 0
github.com/pbrown12303/activeCRL/core/UniverseOfDiscourse.go:1288.18,1290.3 1 0
github.com/pbrown12303/activeCRL/core/Utilities.go:19.46,20.15 1 1
github.com/pbrown12303/activeCRL/core/Utilities.go:23.2,23.36 1 1
github.com/pbrown12303/activeCRL/core/Utilities.go:20.15,22.3 1 0
github.com/pbrown12303/activeCRL/core/Utilities.go:29.49,30.30 1 1
github.com/pbrown12303/activeCRL/core/Utilities.go:40.2,42.12 3 0
github.com/pbrown12303/activeCRL/core/Utilities.go:31.16,32.27 1 1
github.com/pbrown12303/activeCRL/core/Utilities.go:33.18,34.27 1 1
github.com/pbrown12303/activeCRL/core/Utilities.go:35.19,36.27 1 1
github.com/pbrown12303/activeCRL/core/Utilities.go:37.16,38.27 1 1
github.com/pbrown12303/activeCRL/core/Utilities.go:46.109,48.30 2 1
github.com/pbrown12303/activeCRL/core/Utilities.go:51.2,51.30 1 1
github.com/pbrown12303/activeCRL/core/Utilities.go:54.2,54.62 1 1
github.com/pbrown12303/activeCRL/core/Utilities.go:57.2,58.16 2 1
github.com/pbrown12303/activeCRL/core/Utilities.go:61.2,61.46 1 1
github.com/pbrown12303/activeCRL/core/Utilities.go:48.30,50.3 1 1
github.com/pbrown12303/activeCRL/core/Utilities.go:51.30,53.3 1 0
github.com/pbrown12303/activeCRL/core/Utilities.go:54.62,56.3 1 0
github.com/pbrown12303/activeCRL/core/Utilities.go:58.16,60.3 1 1
github.com/pbrown12303/activeCRL/core/Utilities.go:65.118,67.31 2 1
github.com/pbrown12303/activeCRL/core/Utilities.go:70.2,70.42 1 1
github.com/pbrown12303/activeCRL/core/Utilities.go:78.2,80.56 3 1
github.com/pbrown12303/activeCRL/core/Utilities.go:89.2,89.33 1 1
github.com/pbrown12303/activeCRL/core/Utilities.go:98.2,99.31 2 1
github.com/pbrown12303/activeCRL/core/Utilities.go:108.2,108.13 1 1
github.com/pbrown12303/activeCRL/core/Utilities.go:67.31,69.3 1 1
github.com/pbrown12303/activeCRL/core/Utilities.go:70.42,71.12 1 0
github.com/pbrown12303/activeCRL/core/Utilities.go:76.3,76.15 1 0
github.com/pbrown12303/activeCRL/core/Utilities.go:71.12,75.4 3 0
github.com/pbrown12303/activeCRL/core/Utilities.go:80.56,81.12 1 0
github.com/pbrown12303/activeCRL/core/Utilities.go:87.3,87.15 1 0
github.com/pbrown12303/activeCRL/core/Utilities.go:81.12,86.4 4 0
github.com/pbrown12303/activeCRL/core/Utilities.go:89.33,90.12 1 0
github.com/pbrown12303/activeCRL/core/Utilities.go:96.3,96.15 1 0
github.com/pbrown12303/activeCRL/core/Utilities.go:90.12,95.4 4 0
github.com/pbrown12303/activeCRL/core/Utilities.go:99.31,103.96 4 1
github.com/pbrown12303/activeCRL/core/Utilities.go:103.96,106.4 2 0
github.com/pbrown12303/activeCRL/core/Utilities.go:111.109,113.30 2 1
github.com/pbrown12303/activeCRL/core/Utilities.go:116.2,116.48 1 1
github.com/pbrown12303/activeCRL/core/Utilities.go:122.2,122.20 1 1
github.com/pbrown12303/activeCRL/core/Utilities.go:137.2,137.14 1 0
github.com/pbrown12303/activeCRL/core/Utilities.go:113.30,115.3 1 1
github.com/pbrown12303/activeCRL/core/Utilities.go:116.48,117.12 1 0
github.com/pbrown12303/activeCRL/core/Utilities.go:120.3,120.15 1 0
github.com/pbrown12303/activeCRL/core/Utilities.go:117.12,119.4 1 0
github.com/pbrown12303/activeCRL/core/Utilities.go:123.16,124.70 1 1
github.com/pbrown12303/activeCRL/core/Utilities.go:125.18,126.74 1 1
github.com/pbrown12303/activeCRL/core/Utilities.go:127.16,128.70 1 1
github.com/pbrown12303/activeCRL/core/Utilities.go:129.19,130.76 1 1
github.com/pbrown12303/activeCRL/core/Utilities.go:133.10,135.25 2 0
github.com/pbrown12303/activeCRL/core/Utilities.go:141.56,143.2 1 0
github.com/pbrown12303/activeCRL/core/Utilities.go:145.63,146.15 1 0
github.com/pbrown12303/activeCRL/core/Utilities.go:149.2,154.23 6 0
github.com/pbrown12303/activeCRL/core/Utilities.go:146.15,148.3 1 0
github.com/pbrown12303/activeCRL/core/Utilities.go:154.23,157.3 2 0
github.com/pbrown12303/activeCRL/core/Utilities.go:161.64,163.2 1 0
github.com/pbrown12303/activeCRL/core/VersionCounter.go:13.42,16.2 2 1
github.com/pbrown12303/activeCRL/core/VersionCounter.go:18.46,22.2 3 1
github.com/pbrown12303/activeCRL/core/VersionCounter.go:24.52,29.2 4 1
github.com/pbrown12303/activeCRL/core/CrlGraph.go:18.46,25.2 6 1
github.com/pbrown12303/activeCRL/core/CrlGraph.go:29.89,31.16 2 1
github.com/pbrown12303/activeCRL/core/CrlGraph.go:34.2,35.35 2 1
github.com/pbrown12303/activeCRL/core/CrlGraph.go:72.2,72.12 1 1
github.com/pbrown12303/activeCRL/core/CrlGraph.go:31.16,33.3 1 0
github.com/pbrown12303/activeCRL/core/CrlGraph.go:35.35,36.31 1 1
github.com/pbrown12303/activeCRL/core/CrlGraph.go:37.19,41.55 4 1
github.com/pbrown12303/activeCRL/core/CrlGraph.go:61.36,63.18 2 1
github.com/pbrown12303/activeCRL/core/CrlGraph.go:66.4,67.18 2 1
github.com/pbrown12303/activeCRL/core/CrlGraph.go:41.55,43.52 2 0
github.com/pbrown12303/activeCRL/core/CrlGraph.go:49.5,50.51 2 0
github.com/pbrown12303/activeCRL/core/CrlGraph.go:56.5,57.19 2 0
github.com/pbrown12303/activeCRL/core/CrlGraph.go:43.52,45.20 2 0
github.com/pbrown12303/activeCRL/core/CrlGraph.go:45.20,47.7 1 0
github.com/pbrown12303/activeCRL/core/CrlGraph.go:50.51,52.20 2 0
github.com/pbrown12303/activeCRL/core/CrlGraph.go:52.20,54.7 1 0
github.com/pbrown12303/activeCRL/core/CrlGraph.go:57.19,59.6 1 0
github.com/pbrown12303/activeCRL/core/CrlGraph.go:63.18,65.5 1 0
github.com/pbrown12303/activeCRL/core/CrlGraph.go:67.18,69.5 1 0
github.com/pbrown12303/activeCRL/core/CrlGraph.go:75.78,76.40 1 1
github.com/pbrown12303/activeCRL/core/CrlGraph.go:151.2,151.12 1 1
github.com/pbrown12303/activeCRL/core/CrlGraph.go:77.18,80.54 3 0
github.com/pbrown12303/activeCRL/core/CrlGraph.go:100.35,104.35 4 1
github.com/pbrown12303/activeCRL/core/CrlGraph.go:80.54,82.51 2 0
github.com/pbrown12303/activeCRL/core/CrlGraph.go:88.4,89.50 2 0
github.com/pbrown12303/activeCRL/core/CrlGraph.go:95.4,96.18 2 0
github.com/pbrown12303/activeCRL/core/CrlGraph.go:82.51,84.19 2 0
github.com/pbrown12303/activeCRL/core/CrlGraph.go:84.19,86.6 1 0
github.com/pbrown12303/activeCRL/core/CrlGraph.go:89.50,91.19 2 0
github.com/pbrown12303/activeCRL/core/CrlGraph.go:91.19,93.6 1 0
github.com/pbrown12303/activeCRL/core/CrlGraph.go:96.18,98.5 1 0
github.com/pbrown12303/activeCRL/core/CrlGraph.go:104.35,108.52 4 1
github.com/pbrown12303/activeCRL/core/CrlGraph.go:112.4,114.18 3 1
github.com/pbrown12303/activeCRL/core/CrlGraph.go:118.4,119.20 2 1
github.com/pbrown12303/activeCRL/core/CrlGraph.go:132.4,132.42 1 1
github.com/pbrown12303/activeCRL/core/CrlGraph.go:109.19,110.119 1 1
github.com/pbrown12303/activeCRL/core/CrlGraph.go:114.18,116.5 1 0
github.com/pbrown12303/activeCRL/core/CrlGraph.go:119.20,121.42 2 1
github.com/pbrown12303/activeCRL/core/CrlGraph.go:121.42,123.20 2 1
github.com/pbrown12303/activeCRL/core/CrlGraph.go:126.6,127.20 2 1
github.com/pbrown12303/activeCRL/core/CrlGraph.go:123.20,125.7 1 0
github.com/pbrown12303/activeCRL/core/CrlGraph.go:127.20,129.7 1 0
github.com/pbrown12303/activeCRL/core/CrlGraph.go:133.19,135.34 2 1
github.com/pbrown12303/activeCRL/core/CrlGraph.go:135.34,137.55 2 0
github.com/pbrown12303/activeCRL/core/CrlGraph.go:143.6,144.20 2 0
github.com/pbrown12303/activeCRL/core/CrlGraph.go:137.55,139.21 2 0
github.com/pbrown12303/activeCRL/core/CrlGraph.go:139.21,141.8 1 0
github.com/pbrown12303/activeCRL/core/CrlGraph.go:144.20,146.7 1 0
github.com/pbrown12303/activeCRL/core/CrlGraph.go:154.94,156.40 2 1
github.com/pbrown12303/activeCRL/core/CrlGraph.go:159.2,160.39 2 1
github.com/pbrown12303/activeCRL/core/CrlGraph.go:163.2,169.16 6 1
github.com/pbrown12303/activeCRL/core/CrlGraph.go:172.2,172.12 1 1
github.com/pbrown12303/activeCRL/core/CrlGraph.go:156.40,158.3 1 0
github.com/pbrown12303/activeCRL/core/CrlGraph.go:160.39,162.3 1 0
github.com/pbrown12303/activeCRL/core/CrlGraph.go:169.16,171.3 1 0
github.com/pbrown12303/activeCRL/core/CrlGraph.go:175.121,177.43 2 0
github.com/pbrown12303/activeCRL/core/CrlGraph.go:180.2,181.51 2 0
github.com/pbrown12303/activeCRL/core/CrlGraph.go:184.2,192.16 8 0
github.com/pbrown12303/activeCRL/core/CrlGraph.go:195.2,195.12 1 0
github.com/pbrown12303/activeCRL/core/CrlGraph.go:177.43,179.3 1 0
github.com/pbrown12303/activeCRL/core/CrlGraph.go:181.51,183.3 1 0
github.com/pbrown12303/activeCRL/core/CrlGraph.go:192.16,194.3 1 0
github.com/pbrown12303/activeCRL/core/CrlGraph.go:198.117,200.49 2 0
github.com/pbrown12303/activeCRL/core/CrlGraph.go:203.2,204.48 2 0
github.com/pbrown12303/activeCRL/core/CrlGraph.go:207.2,215.16 8 0
github.com/pbrown12303/activeCRL/core/CrlGraph.go:218.2,218.12 1 0
github.com/pbrown12303/activeCRL/core/CrlGraph.go:200.49,202.3 1 0
github.com/pbrown12303/activeCRL/core/CrlGraph.go:204.48,206.3 1 0
github.com/pbrown12303/activeCRL/core/CrlGraph.go:215.16,217.3 1 0
github.com/pbrown12303/activeCRL/core/CrlGraph.go:222.77,224.16 2 1
github.com/pbrown12303/activeCRL/core/CrlGraph.go:227.2,230.17 4 1
github.com/pbrown12303/activeCRL/core/CrlGraph.go:233.2,234.16 2 1
github.com/pbrown12303/activeCRL/core/CrlGraph.go:237.2,237.12 1 1
github.com/pbrown12303/activeCRL/core/CrlGraph.go:224.16,226.3 1 0
github.com/pbrown12303/activeCRL/core/CrlGraph.go:230.17,232.3 1 0
github.com/pbrown12303/activeCRL/core/CrlGraph.go:234.16,236.3 1 0
github.com/pbrown12303/activeCRL/core/CrlGraph.go:241.83,244.16 3 1
github.com/pbrown12303/activeCRL/core/CrlGraph.go:247.2,247.18 1 1
github.com/pbrown12303/activeCRL/core/CrlGraph.go:244.16,246.3 1 0
github.com/pbrown12303/activeCRL/core/FunctionCallGraph.go:16.142,32.16 16 1
github.com/pbrown12303/activeCRL/core/FunctionCallGraph.go:36.2,36.49 1 1
github.com/pbrown12303/activeCRL/core/FunctionCallGraph.go:43.2,43.17 1 1
github.com/pbrown12303/activeCRL/core/FunctionCallGraph.go:32.16,35.3 2 0
github.com/pbrown12303/activeCRL/core/FunctionCallGraph.go:36.49,37.42 1 1
github.com/pbrown12303/activeCRL/core/FunctionCallGraph.go:37.42,39.4 1 1
github.com/pbrown12303/activeCRL/core/FunctionCallGraph.go:39.9,41.4 1 0
github.com/pbrown12303/activeCRL/core/NotificationGraph.go:11.97,16.48 5 0
github.com/pbrown12303/activeCRL/core/NotificationGraph.go:19.2,19.16 1 0
github.com/pbrown12303/activeCRL/core/NotificationGraph.go:16.48,18.3 1 0
github.com/pbrown12303/activeCRL/core/Trace.go:34.32,36.2 1 0
github.com/pbrown12303/activeCRL/core/Trace.go:39.32,41.2 1 0
github.com/pbrown12303/activeCRL/core/Trace.go:44.51,46.2 1 0
github.com/pbrown12303/activeCRL/core/Trace.go:49.51,51.2 1 0
