mode: atomic
github.com/pbrown12303/activeCRL/crleditorbrowsergui/browsergui/BrowserGUI.go:45.81,51.2 5 1
github.com/pbrown12303/activeCRL/crleditorbrowsergui/browsergui/BrowserGUI.go:54.89,56.16 2 0
github.com/pbrown12303/activeCRL/crleditorbrowsergui/browsergui/BrowserGUI.go:59.2,59.12 1 0
github.com/pbrown12303/activeCRL/crleditorbrowsergui/browsergui/BrowserGUI.go:56.16,58.3 1 0
github.com/pbrown12303/activeCRL/crleditorbrowsergui/browsergui/BrowserGUI.go:63.56,68.2 4 1
github.com/pbrown12303/activeCRL/crleditorbrowsergui/browsergui/BrowserGUI.go:71.65,77.2 5 1
github.com/pbrown12303/activeCRL/crleditorbrowsergui/browsergui/BrowserGUI.go:80.91,82.16 2 0
github.com/pbrown12303/activeCRL/crleditorbrowsergui/browsergui/BrowserGUI.go:85.2,85.17 1 0
github.com/pbrown12303/activeCRL/crleditorbrowsergui/browsergui/BrowserGUI.go:96.2,97.50 2 0
github.com/pbrown12303/activeCRL/crleditorbrowsergui/browsergui/BrowserGUI.go:101.2,102.30 2 0
github.com/pbrown12303/activeCRL/crleditorbrowsergui/browsergui/BrowserGUI.go:105.2,105.54 1 0
github.com/pbrown12303/activeCRL/crleditorbrowsergui/browsergui/BrowserGUI.go:82.16,84.3 1 0
github.com/pbrown12303/activeCRL/crleditorbrowsergui/browsergui/BrowserGUI.go:85.17,87.66 1 0
github.com/pbrown12303/activeCRL/crleditorbrowsergui/browsergui/BrowserGUI.go:87.66,89.18 2 0
github.com/pbrown12303/activeCRL/crleditorbrowsergui/browsergui/BrowserGUI.go:92.4,92.31 1 0
github.com/pbrown12303/activeCRL/crleditorbrowsergui/browsergui/BrowserGUI.go:89.18,91.5 1 0
github.com/pbrown12303/activeCRL/crleditorbrowsergui/browsergui/BrowserGUI.go:97.50,99.3 1 0
github.com/pbrown12303/activeCRL/crleditorbrowsergui/browsergui/BrowserGUI.go:102.30,104.3 1 0
github.com/pbrown12303/activeCRL/crleditorbrowsergui/browsergui/BrowserGUI.go:109.114,111.18 2 0
github.com/pbrown12303/activeCRL/crleditorbrowsergui/browsergui/BrowserGUI.go:114.2,115.44 2 0
github.com/pbrown12303/activeCRL/crleditorbrowsergui/browsergui/BrowserGUI.go:118.2,119.12 2 0
github.com/pbrown12303/activeCRL/crleditorbrowsergui/browsergui/BrowserGUI.go:111.18,113.3 1 0
github.com/pbrown12303/activeCRL/crleditorbrowsergui/browsergui/BrowserGUI.go:115.44,117.3 1 0
github.com/pbrown12303/activeCRL/crleditorbrowsergui/browsergui/BrowserGUI.go:123.82,125.2 1 0
github.com/pbrown12303/activeCRL/crleditorbrowsergui/browsergui/BrowserGUI.go:129.87,133.15 4 170
github.com/pbrown12303/activeCRL/crleditorbrowsergui/browsergui/BrowserGUI.go:140.2,141.16 2 170
github.com/pbrown12303/activeCRL/crleditorbrowsergui/browsergui/BrowserGUI.go:144.2,144.12 1 170
github.com/pbrown12303/activeCRL/crleditorbrowsergui/browsergui/BrowserGUI.go:133.15,136.17 3 170
github.com/pbrown12303/activeCRL/crleditorbrowsergui/browsergui/BrowserGUI.go:136.17,138.4 1 0
github.com/pbrown12303/activeCRL/crleditorbrowsergui/browsergui/BrowserGUI.go:141.16,143.3 1 0
github.com/pbrown12303/activeCRL/crleditorbrowsergui/browsergui/BrowserGUI.go:148.76,150.2 1 0
github.com/pbrown12303/activeCRL/crleditorbrowsergui/browsergui/BrowserGUI.go:153.47,155.2 1 0
github.com/pbrown12303/activeCRL/crleditorbrowsergui/browsergui/BrowserGUI.go:158.55,160.2 1 0
github.com/pbrown12303/activeCRL/crleditorbrowsergui/browsergui/BrowserGUI.go:163.84,165.2 1 82440
github.com/pbrown12303/activeCRL/crleditorbrowsergui/browsergui/BrowserGUI.go:168.62,170.2 1 152
github.com/pbrown12303/activeCRL/crleditorbrowsergui/browsergui/BrowserGUI.go:173.104,174.32 1 0
github.com/pbrown12303/activeCRL/crleditorbrowsergui/browsergui/BrowserGUI.go:174.32,176.3 1 0
github.com/pbrown12303/activeCRL/crleditorbrowsergui/browsergui/BrowserGUI.go:180.57,182.2 1 0
github.com/pbrown12303/activeCRL/crleditorbrowsergui/browsergui/BrowserGUI.go:185.60,187.2 1 321
github.com/pbrown12303/activeCRL/crleditorbrowsergui/browsergui/BrowserGUI.go:190.58,192.2 1 321
github.com/pbrown12303/activeCRL/crleditorbrowsergui/browsergui/BrowserGUI.go:195.61,197.2 1 321
github.com/pbrown12303/activeCRL/crleditorbrowsergui/browsergui/BrowserGUI.go:200.48,202.2 1 321
github.com/pbrown12303/activeCRL/crleditorbrowsergui/browsergui/BrowserGUI.go:205.64,207.19 2 79488
github.com/pbrown12303/activeCRL/crleditorbrowsergui/browsergui/BrowserGUI.go:220.2,220.11 1 93
github.com/pbrown12303/activeCRL/crleditorbrowsergui/browsergui/BrowserGUI.go:208.22,209.36 1 18030
github.com/pbrown12303/activeCRL/crleditorbrowsergui/browsergui/BrowserGUI.go:210.20,211.34 1 17597
github.com/pbrown12303/activeCRL/crleditorbrowsergui/browsergui/BrowserGUI.go:212.23,213.37 1 31491
github.com/pbrown12303/activeCRL/crleditorbrowsergui/browsergui/BrowserGUI.go:214.20,215.16 1 12277
github.com/pbrown12303/activeCRL/crleditorbrowsergui/browsergui/BrowserGUI.go:218.3,218.34 1 11962
github.com/pbrown12303/activeCRL/crleditorbrowsergui/browsergui/BrowserGUI.go:215.16,217.4 1 315
github.com/pbrown12303/activeCRL/crleditorbrowsergui/browsergui/BrowserGUI.go:224.62,226.2 1 2
github.com/pbrown12303/activeCRL/crleditorbrowsergui/browsergui/BrowserGUI.go:229.78,231.2 1 2
github.com/pbrown12303/activeCRL/crleditorbrowsergui/browsergui/BrowserGUI.go:234.56,236.2 1 321
github.com/pbrown12303/activeCRL/crleditorbrowsergui/browsergui/BrowserGUI.go:239.62,241.2 1 69242
github.com/pbrown12303/activeCRL/crleditorbrowsergui/browsergui/BrowserGUI.go:244.65,245.30 1 77
github.com/pbrown12303/activeCRL/crleditorbrowsergui/browsergui/BrowserGUI.go:248.2,249.16 2 77
github.com/pbrown12303/activeCRL/crleditorbrowsergui/browsergui/BrowserGUI.go:252.2,252.33 1 77
github.com/pbrown12303/activeCRL/crleditorbrowsergui/browsergui/BrowserGUI.go:255.2,256.16 2 77
github.com/pbrown12303/activeCRL/crleditorbrowsergui/browsergui/BrowserGUI.go:259.2,259.44 1 77
github.com/pbrown12303/activeCRL/crleditorbrowsergui/browsergui/BrowserGUI.go:262.2,262.34 1 77
github.com/pbrown12303/activeCRL/crleditorbrowsergui/browsergui/BrowserGUI.go:265.2,266.16 2 77
github.com/pbrown12303/activeCRL/crleditorbrowsergui/browsergui/BrowserGUI.go:269.2,269.12 1 77
github.com/pbrown12303/activeCRL/crleditorbrowsergui/browsergui/BrowserGUI.go:245.30,247.3 1 1
github.com/pbrown12303/activeCRL/crleditorbrowsergui/browsergui/BrowserGUI.go:249.16,251.3 1 0
github.com/pbrown12303/activeCRL/crleditorbrowsergui/browsergui/BrowserGUI.go:252.33,254.3 1 1
github.com/pbrown12303/activeCRL/crleditorbrowsergui/browsergui/BrowserGUI.go:256.16,258.3 1 0
github.com/pbrown12303/activeCRL/crleditorbrowsergui/browsergui/BrowserGUI.go:259.44,261.3 1 1
github.com/pbrown12303/activeCRL/crleditorbrowsergui/browsergui/BrowserGUI.go:262.34,264.3 1 1
github.com/pbrown12303/activeCRL/crleditorbrowsergui/browsergui/BrowserGUI.go:266.16,268.3 1 0
github.com/pbrown12303/activeCRL/crleditorbrowsergui/browsergui/BrowserGUI.go:273.68,274.26 1 321
github.com/pbrown12303/activeCRL/crleditorbrowsergui/browsergui/BrowserGUI.go:281.2,282.16 2 321
github.com/pbrown12303/activeCRL/crleditorbrowsergui/browsergui/BrowserGUI.go:285.2,285.12 1 321
github.com/pbrown12303/activeCRL/crleditorbrowsergui/browsergui/BrowserGUI.go:274.26,276.30 2 1
github.com/pbrown12303/activeCRL/crleditorbrowsergui/browsergui/BrowserGUI.go:279.3,279.29 1 1
github.com/pbrown12303/activeCRL/crleditorbrowsergui/browsergui/BrowserGUI.go:276.30,278.4 1 77
github.com/pbrown12303/activeCRL/crleditorbrowsergui/browsergui/BrowserGUI.go:282.16,284.3 1 0
github.com/pbrown12303/activeCRL/crleditorbrowsergui/browsergui/BrowserGUI.go:289.76,291.16 2 321
github.com/pbrown12303/activeCRL/crleditorbrowsergui/browsergui/BrowserGUI.go:294.2,299.16 6 321
github.com/pbrown12303/activeCRL/crleditorbrowsergui/browsergui/BrowserGUI.go:302.2,303.25 2 321
github.com/pbrown12303/activeCRL/crleditorbrowsergui/browsergui/BrowserGUI.go:306.2,307.17 2 321
github.com/pbrown12303/activeCRL/crleditorbrowsergui/browsergui/BrowserGUI.go:310.2,310.32 1 321
github.com/pbrown12303/activeCRL/crleditorbrowsergui/browsergui/BrowserGUI.go:322.2,323.12 2 321
github.com/pbrown12303/activeCRL/crleditorbrowsergui/browsergui/BrowserGUI.go:291.16,293.3 1 0
github.com/pbrown12303/activeCRL/crleditorbrowsergui/browsergui/BrowserGUI.go:299.16,301.3 1 0
github.com/pbrown12303/activeCRL/crleditorbrowsergui/browsergui/BrowserGUI.go:303.25,305.3 1 0
github.com/pbrown12303/activeCRL/crleditorbrowsergui/browsergui/BrowserGUI.go:307.17,309.3 1 0
github.com/pbrown12303/activeCRL/crleditorbrowsergui/browsergui/BrowserGUI.go:310.32,312.21 2 243
github.com/pbrown12303/activeCRL/crleditorbrowsergui/browsergui/BrowserGUI.go:316.3,317.18 2 243
github.com/pbrown12303/activeCRL/crleditorbrowsergui/browsergui/BrowserGUI.go:320.3,320.95 1 243
github.com/pbrown12303/activeCRL/crleditorbrowsergui/browsergui/BrowserGUI.go:312.21,314.12 2 0
github.com/pbrown12303/activeCRL/crleditorbrowsergui/browsergui/BrowserGUI.go:317.18,319.4 1 0
github.com/pbrown12303/activeCRL/crleditorbrowsergui/browsergui/BrowserGUI.go:327.47,329.2 1 79
github.com/pbrown12303/activeCRL/crleditorbrowsergui/browsergui/BrowserGUI.go:331.93,333.16 2 0
github.com/pbrown12303/activeCRL/crleditorbrowsergui/browsergui/BrowserGUI.go:336.2,337.16 2 0
github.com/pbrown12303/activeCRL/crleditorbrowsergui/browsergui/BrowserGUI.go:340.2,340.12 1 0
github.com/pbrown12303/activeCRL/crleditorbrowsergui/browsergui/BrowserGUI.go:333.16,335.3 1 0
github.com/pbrown12303/activeCRL/crleditorbrowsergui/browsergui/BrowserGUI.go:337.16,339.3 1 0
github.com/pbrown12303/activeCRL/crleditorbrowsergui/browsergui/BrowserGUI.go:382.46,384.2 1 321
github.com/pbrown12303/activeCRL/crleditorbrowsergui/browsergui/BrowserGUI.go:387.61,389.2 1 321
github.com/pbrown12303/activeCRL/crleditorbrowsergui/browsergui/BrowserGUI.go:392.46,399.2 6 321
github.com/pbrown12303/activeCRL/crleditorbrowsergui/browsergui/BrowserGUI.go:402.68,407.2 4 321
github.com/pbrown12303/activeCRL/crleditorbrowsergui/browsergui/BrowserGUI.go:410.185,412.2 1 2242
github.com/pbrown12303/activeCRL/crleditorbrowsergui/browsergui/BrowserGUI.go:415.46,419.2 3 321
github.com/pbrown12303/activeCRL/crleditorbrowsergui/browsergui/BrowserGUI.go:422.53,424.2 1 0
github.com/pbrown12303/activeCRL/crleditorbrowsergui/browsergui/BrowserGUI.go:427.43,429.2 1 1
github.com/pbrown12303/activeCRL/crleditorbrowsergui/browsergui/BrowserGUI.go:432.145,438.2 5 0
github.com/pbrown12303/activeCRL/crleditorbrowsergui/browsergui/BrowserGUI.go:441.60,443.2 1 6
github.com/pbrown12303/activeCRL/crleditorbrowsergui/browsergui/BrowserGUI.go:446.94,447.20 1 0
github.com/pbrown12303/activeCRL/crleditorbrowsergui/browsergui/BrowserGUI.go:450.2,451.16 2 0
github.com/pbrown12303/activeCRL/crleditorbrowsergui/browsergui/BrowserGUI.go:454.2,455.17 2 0
github.com/pbrown12303/activeCRL/crleditorbrowsergui/browsergui/BrowserGUI.go:458.2,458.12 1 0
github.com/pbrown12303/activeCRL/crleditorbrowsergui/browsergui/BrowserGUI.go:447.20,449.3 1 0
github.com/pbrown12303/activeCRL/crleditorbrowsergui/browsergui/BrowserGUI.go:451.16,453.3 1 0
github.com/pbrown12303/activeCRL/crleditorbrowsergui/browsergui/BrowserGUI.go:455.17,457.3 1 0
github.com/pbrown12303/activeCRL/crleditorbrowsergui/browsergui/BrowserGUI.go:462.64,464.16 2 0
github.com/pbrown12303/activeCRL/crleditorbrowsergui/browsergui/BrowserGUI.go:468.2,469.16 2 0
github.com/pbrown12303/activeCRL/crleditorbrowsergui/browsergui/BrowserGUI.go:473.2,474.16 2 0
github.com/pbrown12303/activeCRL/crleditorbrowsergui/browsergui/BrowserGUI.go:478.2,479.16 2 0
github.com/pbrown12303/activeCRL/crleditorbrowsergui/browsergui/BrowserGUI.go:483.2,484.27 2 0
github.com/pbrown12303/activeCRL/crleditorbrowsergui/browsergui/BrowserGUI.go:464.16,467.3 2 0
github.com/pbrown12303/activeCRL/crleditorbrowsergui/browsergui/BrowserGUI.go:469.16,472.3 2 0
github.com/pbrown12303/activeCRL/crleditorbrowsergui/browsergui/BrowserGUI.go:474.16,477.3 2 0
github.com/pbrown12303/activeCRL/crleditorbrowsergui/browsergui/BrowserGUI.go:479.16,482.3 2 0
github.com/pbrown12303/activeCRL/crleditorbrowsergui/browsergui/BrowserGUI.go:488.88,495.2 6 0
github.com/pbrown12303/activeCRL/crleditorbrowsergui/browsergui/BrowserGUIDiagramElementManager.go:26.86,31.2 4 1
github.com/pbrown12303/activeCRL/crleditorbrowsergui/browsergui/BrowserGUIDiagramElementManager.go:33.93,36.78 3 247
github.com/pbrown12303/activeCRL/crleditorbrowsergui/browsergui/BrowserGUIDiagramElementManager.go:55.2,57.23 3 247
github.com/pbrown12303/activeCRL/crleditorbrowsergui/browsergui/BrowserGUIDiagramElementManager.go:60.2,62.23 3 247
github.com/pbrown12303/activeCRL/crleditorbrowsergui/browsergui/BrowserGUIDiagramElementManager.go:65.2,74.29 2 247
github.com/pbrown12303/activeCRL/crleditorbrowsergui/browsergui/BrowserGUIDiagramElementManager.go:36.78,39.3 2 74
github.com/pbrown12303/activeCRL/crleditorbrowsergui/browsergui/BrowserGUIDiagramElementManager.go:39.8,39.84 1 173
github.com/pbrown12303/activeCRL/crleditorbrowsergui/browsergui/BrowserGUIDiagramElementManager.go:39.84,42.3 2 115
github.com/pbrown12303/activeCRL/crleditorbrowsergui/browsergui/BrowserGUIDiagramElementManager.go:42.8,42.83 1 58
github.com/pbrown12303/activeCRL/crleditorbrowsergui/browsergui/BrowserGUIDiagramElementManager.go:42.83,45.3 2 16
github.com/pbrown12303/activeCRL/crleditorbrowsergui/browsergui/BrowserGUIDiagramElementManager.go:45.8,45.85 1 42
github.com/pbrown12303/activeCRL/crleditorbrowsergui/browsergui/BrowserGUIDiagramElementManager.go:45.85,48.3 2 22
github.com/pbrown12303/activeCRL/crleditorbrowsergui/browsergui/BrowserGUIDiagramElementManager.go:48.8,48.86 1 20
github.com/pbrown12303/activeCRL/crleditorbrowsergui/browsergui/BrowserGUIDiagramElementManager.go:48.86,51.3 2 10
github.com/pbrown12303/activeCRL/crleditorbrowsergui/browsergui/BrowserGUIDiagramElementManager.go:51.8,51.85 1 10
github.com/pbrown12303/activeCRL/crleditorbrowsergui/browsergui/BrowserGUIDiagramElementManager.go:51.85,54.3 2 10
github.com/pbrown12303/activeCRL/crleditorbrowsergui/browsergui/BrowserGUIDiagramElementManager.go:57.23,59.3 1 173
github.com/pbrown12303/activeCRL/crleditorbrowsergui/browsergui/BrowserGUIDiagramElementManager.go:62.23,64.3 1 167
github.com/pbrown12303/activeCRL/crleditorbrowsergui/browsergui/BrowserGUIDiagramElementManager.go:77.93,80.35 3 575
github.com/pbrown12303/activeCRL/crleditorbrowsergui/browsergui/BrowserGUIDiagramElementManager.go:92.2,105.29 2 575
github.com/pbrown12303/activeCRL/crleditorbrowsergui/browsergui/BrowserGUIDiagramElementManager.go:80.35,81.40 1 504
github.com/pbrown12303/activeCRL/crleditorbrowsergui/browsergui/BrowserGUIDiagramElementManager.go:82.21,83.26 1 2
github.com/pbrown12303/activeCRL/crleditorbrowsergui/browsergui/BrowserGUIDiagramElementManager.go:84.23,85.28 1 82
github.com/pbrown12303/activeCRL/crleditorbrowsergui/browsergui/BrowserGUIDiagramElementManager.go:86.24,87.29 1 50
github.com/pbrown12303/activeCRL/crleditorbrowsergui/browsergui/BrowserGUIDiagramElementManager.go:88.21,89.26 1 370
github.com/pbrown12303/activeCRL/crleditorbrowsergui/browsergui/BrowserGUIDiagramElementManager.go:109.118,111.22 2 421
github.com/pbrown12303/activeCRL/crleditorbrowsergui/browsergui/BrowserGUIDiagramElementManager.go:116.2,116.58 1 421
github.com/pbrown12303/activeCRL/crleditorbrowsergui/browsergui/BrowserGUIDiagramElementManager.go:119.2,120.27 2 421
github.com/pbrown12303/activeCRL/crleditorbrowsergui/browsergui/BrowserGUIDiagramElementManager.go:123.2,124.55 2 421
github.com/pbrown12303/activeCRL/crleditorbrowsergui/browsergui/BrowserGUIDiagramElementManager.go:135.2,135.56 1 421
github.com/pbrown12303/activeCRL/crleditorbrowsergui/browsergui/BrowserGUIDiagramElementManager.go:199.2,199.12 1 116
github.com/pbrown12303/activeCRL/crleditorbrowsergui/browsergui/BrowserGUIDiagramElementManager.go:111.22,113.3 1 0
github.com/pbrown12303/activeCRL/crleditorbrowsergui/browsergui/BrowserGUIDiagramElementManager.go:116.58,118.3 1 0
github.com/pbrown12303/activeCRL/crleditorbrowsergui/browsergui/BrowserGUIDiagramElementManager.go:120.27,122.3 1 0
github.com/pbrown12303/activeCRL/crleditorbrowsergui/browsergui/BrowserGUIDiagramElementManager.go:124.55,127.24 2 0
github.com/pbrown12303/activeCRL/crleditorbrowsergui/browsergui/BrowserGUIDiagramElementManager.go:131.3,133.13 3 0
github.com/pbrown12303/activeCRL/crleditorbrowsergui/browsergui/BrowserGUIDiagramElementManager.go:127.24,130.4 2 0
github.com/pbrown12303/activeCRL/crleditorbrowsergui/browsergui/BrowserGUIDiagramElementManager.go:135.56,136.49 1 213
github.com/pbrown12303/activeCRL/crleditorbrowsergui/browsergui/BrowserGUIDiagramElementManager.go:159.3,159.13 1 213
github.com/pbrown12303/activeCRL/crleditorbrowsergui/browsergui/BrowserGUIDiagramElementManager.go:137.34,140.18 3 71
github.com/pbrown12303/activeCRL/crleditorbrowsergui/browsergui/BrowserGUIDiagramElementManager.go:143.4,143.107 1 71
github.com/pbrown12303/activeCRL/crleditorbrowsergui/browsergui/BrowserGUIDiagramElementManager.go:144.28,147.98 3 71
github.com/pbrown12303/activeCRL/crleditorbrowsergui/browsergui/BrowserGUIDiagramElementManager.go:140.18,142.5 1 0
github.com/pbrown12303/activeCRL/crleditorbrowsergui/browsergui/BrowserGUIDiagramElementManager.go:147.98,153.19 6 71
github.com/pbrown12303/activeCRL/crleditorbrowsergui/browsergui/BrowserGUIDiagramElementManager.go:156.5,156.111 1 71
github.com/pbrown12303/activeCRL/crleditorbrowsergui/browsergui/BrowserGUIDiagramElementManager.go:153.19,155.6 1 0
github.com/pbrown12303/activeCRL/crleditorbrowsergui/browsergui/BrowserGUIDiagramElementManager.go:160.8,160.63 1 208
github.com/pbrown12303/activeCRL/crleditorbrowsergui/browsergui/BrowserGUIDiagramElementManager.go:160.63,165.17 4 92
github.com/pbrown12303/activeCRL/crleditorbrowsergui/browsergui/BrowserGUIDiagramElementManager.go:168.3,168.37 1 92
github.com/pbrown12303/activeCRL/crleditorbrowsergui/browsergui/BrowserGUIDiagramElementManager.go:174.3,174.49 1 92
github.com/pbrown12303/activeCRL/crleditorbrowsergui/browsergui/BrowserGUIDiagramElementManager.go:197.3,197.13 1 92
github.com/pbrown12303/activeCRL/crleditorbrowsergui/browsergui/BrowserGUIDiagramElementManager.go:165.17,167.4 1 0
github.com/pbrown12303/activeCRL/crleditorbrowsergui/browsergui/BrowserGUIDiagramElementManager.go:168.37,170.18 2 92
github.com/pbrown12303/activeCRL/crleditorbrowsergui/browsergui/BrowserGUIDiagramElementManager.go:170.18,172.5 1 0
github.com/pbrown12303/activeCRL/crleditorbrowsergui/browsergui/BrowserGUIDiagramElementManager.go:175.34,178.18 3 0
github.com/pbrown12303/activeCRL/crleditorbrowsergui/browsergui/BrowserGUIDiagramElementManager.go:181.4,181.107 1 0
github.com/pbrown12303/activeCRL/crleditorbrowsergui/browsergui/BrowserGUIDiagramElementManager.go:182.28,185.98 3 22
github.com/pbrown12303/activeCRL/crleditorbrowsergui/browsergui/BrowserGUIDiagramElementManager.go:178.18,180.5 1 0
github.com/pbrown12303/activeCRL/crleditorbrowsergui/browsergui/BrowserGUIDiagramElementManager.go:185.98,191.19 6 22
github.com/pbrown12303/activeCRL/crleditorbrowsergui/browsergui/BrowserGUIDiagramElementManager.go:194.5,194.111 1 22
github.com/pbrown12303/activeCRL/crleditorbrowsergui/browsergui/BrowserGUIDiagramElementManager.go:191.19,193.6 1 0
github.com/pbrown12303/activeCRL/crleditorbrowsergui/browsergui/BrowsweGUIDiagramManager.go:25.64,31.2 5 1
github.com/pbrown12303/activeCRL/crleditorbrowsergui/browsergui/BrowsweGUIDiagramManager.go:33.140,36.26 3 3
github.com/pbrown12303/activeCRL/crleditorbrowsergui/browsergui/BrowsweGUIDiagramManager.go:39.2,40.24 2 3
github.com/pbrown12303/activeCRL/crleditorbrowsergui/browsergui/BrowsweGUIDiagramManager.go:43.2,44.48 2 3
github.com/pbrown12303/activeCRL/crleditorbrowsergui/browsergui/BrowsweGUIDiagramManager.go:50.2,51.26 2 3
github.com/pbrown12303/activeCRL/crleditorbrowsergui/browsergui/BrowsweGUIDiagramManager.go:54.2,55.24 2 3
github.com/pbrown12303/activeCRL/crleditorbrowsergui/browsergui/BrowsweGUIDiagramManager.go:58.2,60.18 3 3
github.com/pbrown12303/activeCRL/crleditorbrowsergui/browsergui/BrowsweGUIDiagramManager.go:91.2,91.45 1 3
github.com/pbrown12303/activeCRL/crleditorbrowsergui/browsergui/BrowsweGUIDiagramManager.go:36.26,38.3 1 0
github.com/pbrown12303/activeCRL/crleditorbrowsergui/browsergui/BrowsweGUIDiagramManager.go:40.24,42.3 1 0
github.com/pbrown12303/activeCRL/crleditorbrowsergui/browsergui/BrowsweGUIDiagramManager.go:45.23,46.37 1 3
github.com/pbrown12303/activeCRL/crleditorbrowsergui/browsergui/BrowsweGUIDiagramManager.go:47.10,48.107 1 0
github.com/pbrown12303/activeCRL/crleditorbrowsergui/browsergui/BrowsweGUIDiagramManager.go:51.26,53.3 1 0
github.com/pbrown12303/activeCRL/crleditorbrowsergui/browsergui/BrowsweGUIDiagramManager.go:55.24,57.3 1 0
github.com/pbrown12303/activeCRL/crleditorbrowsergui/browsergui/BrowsweGUIDiagramManager.go:60.18,63.17 2 3
github.com/pbrown12303/activeCRL/crleditorbrowsergui/browsergui/BrowsweGUIDiagramManager.go:66.3,71.91 6 3
github.com/pbrown12303/activeCRL/crleditorbrowsergui/browsergui/BrowsweGUIDiagramManager.go:63.17,65.4 1 0
github.com/pbrown12303/activeCRL/crleditorbrowsergui/browsergui/BrowsweGUIDiagramManager.go:72.8,74.28 2 0
github.com/pbrown12303/activeCRL/crleditorbrowsergui/browsergui/BrowsweGUIDiagramManager.go:77.3,77.74 1 0
github.com/pbrown12303/activeCRL/crleditorbrowsergui/browsergui/BrowsweGUIDiagramManager.go:80.3,80.74 1 0
github.com/pbrown12303/activeCRL/crleditorbrowsergui/browsergui/BrowsweGUIDiagramManager.go:83.3,83.84 1 0
github.com/pbrown12303/activeCRL/crleditorbrowsergui/browsergui/BrowsweGUIDiagramManager.go:86.3,86.60 1 0
github.com/pbrown12303/activeCRL/crleditorbrowsergui/browsergui/BrowsweGUIDiagramManager.go:74.28,76.4 1 0
github.com/pbrown12303/activeCRL/crleditorbrowsergui/browsergui/BrowsweGUIDiagramManager.go:77.74,79.4 1 0
github.com/pbrown12303/activeCRL/crleditorbrowsergui/browsergui/BrowsweGUIDiagramManager.go:80.74,82.4 1 0
github.com/pbrown12303/activeCRL/crleditorbrowsergui/browsergui/BrowsweGUIDiagramManager.go:83.84,85.4 1 0
github.com/pbrown12303/activeCRL/crleditorbrowsergui/browsergui/BrowsweGUIDiagramManager.go:86.60,88.4 1 0
github.com/pbrown12303/activeCRL/crleditorbrowsergui/browsergui/BrowsweGUIDiagramManager.go:94.107,99.15 5 2
github.com/pbrown12303/activeCRL/crleditorbrowsergui/browsergui/BrowsweGUIDiagramManager.go:102.2,105.16 4 2
github.com/pbrown12303/activeCRL/crleditorbrowsergui/browsergui/BrowsweGUIDiagramManager.go:108.2,109.16 2 2
github.com/pbrown12303/activeCRL/crleditorbrowsergui/browsergui/BrowsweGUIDiagramManager.go:112.2,112.62 1 2
github.com/pbrown12303/activeCRL/crleditorbrowsergui/browsergui/BrowsweGUIDiagramManager.go:99.15,101.3 1 0
github.com/pbrown12303/activeCRL/crleditorbrowsergui/browsergui/BrowsweGUIDiagramManager.go:105.16,107.3 1 0
github.com/pbrown12303/activeCRL/crleditorbrowsergui/browsergui/BrowsweGUIDiagramManager.go:109.16,111.3 1 0
github.com/pbrown12303/activeCRL/crleditorbrowsergui/browsergui/BrowsweGUIDiagramManager.go:116.186,119.19 2 2
github.com/pbrown12303/activeCRL/crleditorbrowsergui/browsergui/BrowsweGUIDiagramManager.go:126.2,128.18 3 2
github.com/pbrown12303/activeCRL/crleditorbrowsergui/browsergui/BrowsweGUIDiagramManager.go:175.2,176.16 2 2
github.com/pbrown12303/activeCRL/crleditorbrowsergui/browsergui/BrowsweGUIDiagramManager.go:179.2,183.16 4 2
github.com/pbrown12303/activeCRL/crleditorbrowsergui/browsergui/BrowsweGUIDiagramManager.go:186.2,187.16 2 2
github.com/pbrown12303/activeCRL/crleditorbrowsergui/browsergui/BrowsweGUIDiagramManager.go:191.2,191.24 1 2
github.com/pbrown12303/activeCRL/crleditorbrowsergui/browsergui/BrowsweGUIDiagramManager.go:120.22,121.75 1 0
github.com/pbrown12303/activeCRL/crleditorbrowsergui/browsergui/BrowsweGUIDiagramManager.go:122.23,123.76 1 0
github.com/pbrown12303/activeCRL/crleditorbrowsergui/browsergui/BrowsweGUIDiagramManager.go:128.18,131.31 3 0
github.com/pbrown12303/activeCRL/crleditorbrowsergui/browsergui/BrowsweGUIDiagramManager.go:149.3,149.32 1 0
github.com/pbrown12303/activeCRL/crleditorbrowsergui/browsergui/BrowsweGUIDiagramManager.go:152.3,152.32 1 0
github.com/pbrown12303/activeCRL/crleditorbrowsergui/browsergui/BrowsweGUIDiagramManager.go:155.3,156.34 2 0
github.com/pbrown12303/activeCRL/crleditorbrowsergui/browsergui/BrowsweGUIDiagramManager.go:159.3,160.34 2 0
github.com/pbrown12303/activeCRL/crleditorbrowsergui/browsergui/BrowsweGUIDiagramManager.go:163.3,164.71 2 0
github.com/pbrown12303/activeCRL/crleditorbrowsergui/browsergui/BrowsweGUIDiagramManager.go:132.23,134.18 2 0
github.com/pbrown12303/activeCRL/crleditorbrowsergui/browsergui/BrowsweGUIDiagramManager.go:137.4,139.59 3 0
github.com/pbrown12303/activeCRL/crleditorbrowsergui/browsergui/BrowsweGUIDiagramManager.go:140.24,142.18 2 0
github.com/pbrown12303/activeCRL/crleditorbrowsergui/browsergui/BrowsweGUIDiagramManager.go:145.4,147.58 3 0
github.com/pbrown12303/activeCRL/crleditorbrowsergui/browsergui/BrowsweGUIDiagramManager.go:134.18,136.5 1 0
github.com/pbrown12303/activeCRL/crleditorbrowsergui/browsergui/BrowsweGUIDiagramManager.go:142.18,144.5 1 0
github.com/pbrown12303/activeCRL/crleditorbrowsergui/browsergui/BrowsweGUIDiagramManager.go:149.32,151.4 1 0
github.com/pbrown12303/activeCRL/crleditorbrowsergui/browsergui/BrowsweGUIDiagramManager.go:152.32,154.4 1 0
github.com/pbrown12303/activeCRL/crleditorbrowsergui/browsergui/BrowsweGUIDiagramManager.go:156.34,158.4 1 0
github.com/pbrown12303/activeCRL/crleditorbrowsergui/browsergui/BrowsweGUIDiagramManager.go:160.34,162.4 1 0
github.com/pbrown12303/activeCRL/crleditorbrowsergui/browsergui/BrowsweGUIDiagramManager.go:165.8,167.17 2 2
github.com/pbrown12303/activeCRL/crleditorbrowsergui/browsergui/BrowsweGUIDiagramManager.go:170.3,172.59 3 2
github.com/pbrown12303/activeCRL/crleditorbrowsergui/browsergui/BrowsweGUIDiagramManager.go:167.17,169.4 1 0
github.com/pbrown12303/activeCRL/crleditorbrowsergui/browsergui/BrowsweGUIDiagramManager.go:176.16,178.3 1 0
github.com/pbrown12303/activeCRL/crleditorbrowsergui/browsergui/BrowsweGUIDiagramManager.go:183.16,185.3 1 0
github.com/pbrown12303/activeCRL/crleditorbrowsergui/browsergui/BrowsweGUIDiagramManager.go:187.16,189.3 1 0
github.com/pbrown12303/activeCRL/crleditorbrowsergui/browsergui/BrowsweGUIDiagramManager.go:195.114,199.20 4 0
github.com/pbrown12303/activeCRL/crleditorbrowsergui/browsergui/BrowsweGUIDiagramManager.go:202.2,203.15 2 0
github.com/pbrown12303/activeCRL/crleditorbrowsergui/browsergui/BrowsweGUIDiagramManager.go:206.2,209.16 4 0
github.com/pbrown12303/activeCRL/crleditorbrowsergui/browsergui/BrowsweGUIDiagramManager.go:212.2,213.16 2 0
github.com/pbrown12303/activeCRL/crleditorbrowsergui/browsergui/BrowsweGUIDiagramManager.go:216.2,217.16 2 0
github.com/pbrown12303/activeCRL/crleditorbrowsergui/browsergui/BrowsweGUIDiagramManager.go:220.2,222.17 3 0
github.com/pbrown12303/activeCRL/crleditorbrowsergui/browsergui/BrowsweGUIDiagramManager.go:225.2,225.18 1 0
github.com/pbrown12303/activeCRL/crleditorbrowsergui/browsergui/BrowsweGUIDiagramManager.go:199.20,201.3 1 0
github.com/pbrown12303/activeCRL/crleditorbrowsergui/browsergui/BrowsweGUIDiagramManager.go:203.15,205.3 1 0
github.com/pbrown12303/activeCRL/crleditorbrowsergui/browsergui/BrowsweGUIDiagramManager.go:209.16,211.3 1 0
github.com/pbrown12303/activeCRL/crleditorbrowsergui/browsergui/BrowsweGUIDiagramManager.go:213.16,215.3 1 0
github.com/pbrown12303/activeCRL/crleditorbrowsergui/browsergui/BrowsweGUIDiagramManager.go:217.16,219.3 1 0
github.com/pbrown12303/activeCRL/crleditorbrowsergui/browsergui/BrowsweGUIDiagramManager.go:222.17,224.3 1 0
github.com/pbrown12303/activeCRL/crleditorbrowsergui/browsergui/BrowsweGUIDiagramManager.go:228.101,230.16 2 36
github.com/pbrown12303/activeCRL/crleditorbrowsergui/browsergui/BrowsweGUIDiagramManager.go:233.2,234.16 2 36
github.com/pbrown12303/activeCRL/crleditorbrowsergui/browsergui/BrowsweGUIDiagramManager.go:237.2,238.16 2 36
github.com/pbrown12303/activeCRL/crleditorbrowsergui/browsergui/BrowsweGUIDiagramManager.go:241.2,242.16 2 36
github.com/pbrown12303/activeCRL/crleditorbrowsergui/browsergui/BrowsweGUIDiagramManager.go:245.2,245.21 1 36
github.com/pbrown12303/activeCRL/crleditorbrowsergui/browsergui/BrowsweGUIDiagramManager.go:230.16,232.3 1 0
github.com/pbrown12303/activeCRL/crleditorbrowsergui/browsergui/BrowsweGUIDiagramManager.go:234.16,236.3 1 0
github.com/pbrown12303/activeCRL/crleditorbrowsergui/browsergui/BrowsweGUIDiagramManager.go:238.16,240.3 1 0
github.com/pbrown12303/activeCRL/crleditorbrowsergui/browsergui/BrowsweGUIDiagramManager.go:242.16,244.3 1 0
github.com/pbrown12303/activeCRL/crleditorbrowsergui/browsergui/BrowsweGUIDiagramManager.go:248.101,250.27 2 0
github.com/pbrown12303/activeCRL/crleditorbrowsergui/browsergui/BrowsweGUIDiagramManager.go:253.2,254.60 2 0
github.com/pbrown12303/activeCRL/crleditorbrowsergui/browsergui/BrowsweGUIDiagramManager.go:250.27,252.3 1 0
github.com/pbrown12303/activeCRL/crleditorbrowsergui/browsergui/BrowsweGUIDiagramManager.go:258.89,262.20 4 71
github.com/pbrown12303/activeCRL/crleditorbrowsergui/browsergui/BrowsweGUIDiagramManager.go:265.2,268.20 4 71
github.com/pbrown12303/activeCRL/crleditorbrowsergui/browsergui/BrowsweGUIDiagramManager.go:271.2,271.18 1 71
github.com/pbrown12303/activeCRL/crleditorbrowsergui/browsergui/BrowsweGUIDiagramManager.go:288.2,288.16 1 71
github.com/pbrown12303/activeCRL/crleditorbrowsergui/browsergui/BrowsweGUIDiagramManager.go:291.2,297.16 5 71
github.com/pbrown12303/activeCRL/crleditorbrowsergui/browsergui/BrowsweGUIDiagramManager.go:300.2,301.16 2 71
github.com/pbrown12303/activeCRL/crleditorbrowsergui/browsergui/BrowsweGUIDiagramManager.go:304.2,306.16 3 71
github.com/pbrown12303/activeCRL/crleditorbrowsergui/browsergui/BrowsweGUIDiagramManager.go:309.2,317.16 8 71
github.com/pbrown12303/activeCRL/crleditorbrowsergui/browsergui/BrowsweGUIDiagramManager.go:320.2,322.12 2 71
github.com/pbrown12303/activeCRL/crleditorbrowsergui/browsergui/BrowsweGUIDiagramManager.go:262.20,264.3 1 0
github.com/pbrown12303/activeCRL/crleditorbrowsergui/browsergui/BrowsweGUIDiagramManager.go:268.20,270.3 1 0
github.com/pbrown12303/activeCRL/crleditorbrowsergui/browsergui/BrowsweGUIDiagramManager.go:272.17,274.68 2 51
github.com/pbrown12303/activeCRL/crleditorbrowsergui/browsergui/BrowsweGUIDiagramManager.go:275.17,277.68 2 1
github.com/pbrown12303/activeCRL/crleditorbrowsergui/browsergui/BrowsweGUIDiagramManager.go:278.19,280.70 2 10
github.com/pbrown12303/activeCRL/crleditorbrowsergui/browsergui/BrowsweGUIDiagramManager.go:281.20,283.71 2 9
github.com/pbrown12303/activeCRL/crleditorbrowsergui/browsergui/BrowsweGUIDiagramManager.go:284.17,286.68 2 0
github.com/pbrown12303/activeCRL/crleditorbrowsergui/browsergui/BrowsweGUIDiagramManager.go:288.16,290.3 1 0
github.com/pbrown12303/activeCRL/crleditorbrowsergui/browsergui/BrowsweGUIDiagramManager.go:297.16,299.3 1 0
github.com/pbrown12303/activeCRL/crleditorbrowsergui/browsergui/BrowsweGUIDiagramManager.go:301.16,303.3 1 0
github.com/pbrown12303/activeCRL/crleditorbrowsergui/browsergui/BrowsweGUIDiagramManager.go:306.16,308.3 1 0
github.com/pbrown12303/activeCRL/crleditorbrowsergui/browsergui/BrowsweGUIDiagramManager.go:317.16,319.3 1 0
github.com/pbrown12303/activeCRL/crleditorbrowsergui/browsergui/BrowsweGUIDiagramManager.go:326.88,327.54 1 2
github.com/pbrown12303/activeCRL/crleditorbrowsergui/browsergui/BrowsweGUIDiagramManager.go:339.2,340.12 2 2
github.com/pbrown12303/activeCRL/crleditorbrowsergui/browsergui/BrowsweGUIDiagramManager.go:327.54,329.17 2 2
github.com/pbrown12303/activeCRL/crleditorbrowsergui/browsergui/BrowsweGUIDiagramManager.go:332.3,332.44 1 2
github.com/pbrown12303/activeCRL/crleditorbrowsergui/browsergui/BrowsweGUIDiagramManager.go:329.17,331.4 1 0
github.com/pbrown12303/activeCRL/crleditorbrowsergui/browsergui/BrowsweGUIDiagramManager.go:333.8,335.17 2 0
github.com/pbrown12303/activeCRL/crleditorbrowsergui/browsergui/BrowsweGUIDiagramManager.go:335.17,337.4 1 0
github.com/pbrown12303/activeCRL/crleditorbrowsergui/browsergui/BrowsweGUIDiagramManager.go:344.101,345.63 1 0
github.com/pbrown12303/activeCRL/crleditorbrowsergui/browsergui/BrowsweGUIDiagramManager.go:348.2,348.12 1 0
github.com/pbrown12303/activeCRL/crleditorbrowsergui/browsergui/BrowsweGUIDiagramManager.go:345.63,347.3 1 0
github.com/pbrown12303/activeCRL/crleditorbrowsergui/browsergui/BrowsweGUIDiagramManager.go:352.95,354.68 2 279
github.com/pbrown12303/activeCRL/crleditorbrowsergui/browsergui/BrowsweGUIDiagramManager.go:358.2,358.64 1 279
github.com/pbrown12303/activeCRL/crleditorbrowsergui/browsergui/BrowsweGUIDiagramManager.go:365.2,366.16 2 279
github.com/pbrown12303/activeCRL/crleditorbrowsergui/browsergui/BrowsweGUIDiagramManager.go:370.2,371.17 2 279
github.com/pbrown12303/activeCRL/crleditorbrowsergui/browsergui/BrowsweGUIDiagramManager.go:374.2,375.16 2 279
github.com/pbrown12303/activeCRL/crleditorbrowsergui/browsergui/BrowsweGUIDiagramManager.go:378.2,378.33 1 279
github.com/pbrown12303/activeCRL/crleditorbrowsergui/browsergui/BrowsweGUIDiagramManager.go:381.2,381.38 1 279
github.com/pbrown12303/activeCRL/crleditorbrowsergui/browsergui/BrowsweGUIDiagramManager.go:384.2,384.42 1 279
github.com/pbrown12303/activeCRL/crleditorbrowsergui/browsergui/BrowsweGUIDiagramManager.go:354.68,356.3 1 0
github.com/pbrown12303/activeCRL/crleditorbrowsergui/browsergui/BrowsweGUIDiagramManager.go:358.64,360.18 2 36
github.com/pbrown12303/activeCRL/crleditorbrowsergui/browsergui/BrowsweGUIDiagramManager.go:360.18,362.4 1 0
github.com/pbrown12303/activeCRL/crleditorbrowsergui/browsergui/BrowsweGUIDiagramManager.go:366.16,368.3 1 0
github.com/pbrown12303/activeCRL/crleditorbrowsergui/browsergui/BrowsweGUIDiagramManager.go:371.17,373.3 1 0
github.com/pbrown12303/activeCRL/crleditorbrowsergui/browsergui/BrowsweGUIDiagramManager.go:375.16,377.3 1 0
github.com/pbrown12303/activeCRL/crleditorbrowsergui/browsergui/BrowsweGUIDiagramManager.go:378.33,380.3 1 0
github.com/pbrown12303/activeCRL/crleditorbrowsergui/browsergui/BrowsweGUIDiagramManager.go:381.38,383.3 1 0
github.com/pbrown12303/activeCRL/crleditorbrowsergui/browsergui/BrowsweGUIDiagramManager.go:387.135,391.2 3 0
github.com/pbrown12303/activeCRL/crleditorbrowsergui/browsergui/BrowsweGUIDiagramManager.go:393.167,396.26 3 9
github.com/pbrown12303/activeCRL/crleditorbrowsergui/browsergui/BrowsweGUIDiagramManager.go:399.2,400.24 2 9
github.com/pbrown12303/activeCRL/crleditorbrowsergui/browsergui/BrowsweGUIDiagramManager.go:403.2,404.48 2 9
github.com/pbrown12303/activeCRL/crleditorbrowsergui/browsergui/BrowsweGUIDiagramManager.go:410.2,411.26 2 9
github.com/pbrown12303/activeCRL/crleditorbrowsergui/browsergui/BrowsweGUIDiagramManager.go:414.2,415.24 2 9
github.com/pbrown12303/activeCRL/crleditorbrowsergui/browsergui/BrowsweGUIDiagramManager.go:418.2,421.29 4 9
github.com/pbrown12303/activeCRL/crleditorbrowsergui/browsergui/BrowsweGUIDiagramManager.go:431.2,431.18 1 9
github.com/pbrown12303/activeCRL/crleditorbrowsergui/browsergui/BrowsweGUIDiagramManager.go:470.2,470.45 1 9
github.com/pbrown12303/activeCRL/crleditorbrowsergui/browsergui/BrowsweGUIDiagramManager.go:396.26,398.3 1 0
github.com/pbrown12303/activeCRL/crleditorbrowsergui/browsergui/BrowsweGUIDiagramManager.go:400.24,402.3 1 0
github.com/pbrown12303/activeCRL/crleditorbrowsergui/browsergui/BrowsweGUIDiagramManager.go:405.22,406.36 1 9
github.com/pbrown12303/activeCRL/crleditorbrowsergui/browsergui/BrowsweGUIDiagramManager.go:407.10,408.105 1 0
github.com/pbrown12303/activeCRL/crleditorbrowsergui/browsergui/BrowsweGUIDiagramManager.go:411.26,413.3 1 0
github.com/pbrown12303/activeCRL/crleditorbrowsergui/browsergui/BrowsweGUIDiagramManager.go:415.24,417.3 1 0
github.com/pbrown12303/activeCRL/crleditorbrowsergui/browsergui/BrowsweGUIDiagramManager.go:422.25,423.39 1 1
github.com/pbrown12303/activeCRL/crleditorbrowsergui/browsergui/BrowsweGUIDiagramManager.go:424.29,425.43 1 1
github.com/pbrown12303/activeCRL/crleditorbrowsergui/browsergui/BrowsweGUIDiagramManager.go:426.27,427.41 1 1
github.com/pbrown12303/activeCRL/crleditorbrowsergui/browsergui/BrowsweGUIDiagramManager.go:428.26,429.40 1 1
github.com/pbrown12303/activeCRL/crleditorbrowsergui/browsergui/BrowsweGUIDiagramManager.go:431.18,434.17 2 9
github.com/pbrown12303/activeCRL/crleditorbrowsergui/browsergui/BrowsweGUIDiagramManager.go:437.3,442.91 6 9
github.com/pbrown12303/activeCRL/crleditorbrowsergui/browsergui/BrowsweGUIDiagramManager.go:434.17,436.4 1 0
github.com/pbrown12303/activeCRL/crleditorbrowsergui/browsergui/BrowsweGUIDiagramManager.go:443.8,445.28 2 0
github.com/pbrown12303/activeCRL/crleditorbrowsergui/browsergui/BrowsweGUIDiagramManager.go:448.3,448.74 1 0
github.com/pbrown12303/activeCRL/crleditorbrowsergui/browsergui/BrowsweGUIDiagramManager.go:451.3,451.74 1 0
github.com/pbrown12303/activeCRL/crleditorbrowsergui/browsergui/BrowsweGUIDiagramManager.go:454.3,454.84 1 0
github.com/pbrown12303/activeCRL/crleditorbrowsergui/browsergui/BrowsweGUIDiagramManager.go:457.3,457.40 1 0
github.com/pbrown12303/activeCRL/crleditorbrowsergui/browsergui/BrowsweGUIDiagramManager.go:445.28,447.4 1 0
github.com/pbrown12303/activeCRL/crleditorbrowsergui/browsergui/BrowsweGUIDiagramManager.go:448.74,450.4 1 0
github.com/pbrown12303/activeCRL/crleditorbrowsergui/browsergui/BrowsweGUIDiagramManager.go:451.74,453.4 1 0
github.com/pbrown12303/activeCRL/crleditorbrowsergui/browsergui/BrowsweGUIDiagramManager.go:454.84,456.4 1 0
github.com/pbrown12303/activeCRL/crleditorbrowsergui/browsergui/BrowsweGUIDiagramManager.go:457.40,458.62 1 0
github.com/pbrown12303/activeCRL/crleditorbrowsergui/browsergui/BrowsweGUIDiagramManager.go:458.62,460.5 1 0
github.com/pbrown12303/activeCRL/crleditorbrowsergui/browsergui/BrowsweGUIDiagramManager.go:461.9,463.62 1 0
github.com/pbrown12303/activeCRL/crleditorbrowsergui/browsergui/BrowsweGUIDiagramManager.go:463.62,465.5 1 0
github.com/pbrown12303/activeCRL/crleditorbrowsergui/browsergui/BrowsweGUIDiagramManager.go:473.49,476.2 2 77
github.com/pbrown12303/activeCRL/crleditorbrowsergui/browsergui/BrowsweGUIDiagramManager.go:479.85,484.16 4 36
github.com/pbrown12303/activeCRL/crleditorbrowsergui/browsergui/BrowsweGUIDiagramManager.go:487.2,489.16 3 36
github.com/pbrown12303/activeCRL/crleditorbrowsergui/browsergui/BrowsweGUIDiagramManager.go:492.2,493.16 2 36
github.com/pbrown12303/activeCRL/crleditorbrowsergui/browsergui/BrowsweGUIDiagramManager.go:496.2,496.21 1 36
github.com/pbrown12303/activeCRL/crleditorbrowsergui/browsergui/BrowsweGUIDiagramManager.go:484.16,486.3 1 0
github.com/pbrown12303/activeCRL/crleditorbrowsergui/browsergui/BrowsweGUIDiagramManager.go:489.16,491.3 1 0
github.com/pbrown12303/activeCRL/crleditorbrowsergui/browsergui/BrowsweGUIDiagramManager.go:493.16,495.3 1 0
github.com/pbrown12303/activeCRL/crleditorbrowsergui/browsergui/BrowsweGUIDiagramManager.go:499.137,502.26 3 6
github.com/pbrown12303/activeCRL/crleditorbrowsergui/browsergui/BrowsweGUIDiagramManager.go:505.2,506.24 2 6
github.com/pbrown12303/activeCRL/crleditorbrowsergui/browsergui/BrowsweGUIDiagramManager.go:509.2,510.26 2 6
github.com/pbrown12303/activeCRL/crleditorbrowsergui/browsergui/BrowsweGUIDiagramManager.go:513.2,514.24 2 6
github.com/pbrown12303/activeCRL/crleditorbrowsergui/browsergui/BrowsweGUIDiagramManager.go:517.2,519.18 3 6
github.com/pbrown12303/activeCRL/crleditorbrowsergui/browsergui/BrowsweGUIDiagramManager.go:550.2,550.45 1 6
github.com/pbrown12303/activeCRL/crleditorbrowsergui/browsergui/BrowsweGUIDiagramManager.go:502.26,504.3 1 0
github.com/pbrown12303/activeCRL/crleditorbrowsergui/browsergui/BrowsweGUIDiagramManager.go:506.24,508.3 1 0
github.com/pbrown12303/activeCRL/crleditorbrowsergui/browsergui/BrowsweGUIDiagramManager.go:510.26,512.3 1 0
github.com/pbrown12303/activeCRL/crleditorbrowsergui/browsergui/BrowsweGUIDiagramManager.go:514.24,516.3 1 0
github.com/pbrown12303/activeCRL/crleditorbrowsergui/browsergui/BrowsweGUIDiagramManager.go:519.18,522.17 2 6
github.com/pbrown12303/activeCRL/crleditorbrowsergui/browsergui/BrowsweGUIDiagramManager.go:525.3,530.91 6 6
github.com/pbrown12303/activeCRL/crleditorbrowsergui/browsergui/BrowsweGUIDiagramManager.go:522.17,524.4 1 0
github.com/pbrown12303/activeCRL/crleditorbrowsergui/browsergui/BrowsweGUIDiagramManager.go:531.8,533.28 2 0
github.com/pbrown12303/activeCRL/crleditorbrowsergui/browsergui/BrowsweGUIDiagramManager.go:536.3,536.74 1 0
github.com/pbrown12303/activeCRL/crleditorbrowsergui/browsergui/BrowsweGUIDiagramManager.go:539.3,539.74 1 0
github.com/pbrown12303/activeCRL/crleditorbrowsergui/browsergui/BrowsweGUIDiagramManager.go:542.3,542.84 1 0
github.com/pbrown12303/activeCRL/crleditorbrowsergui/browsergui/BrowsweGUIDiagramManager.go:545.3,545.54 1 0
github.com/pbrown12303/activeCRL/crleditorbrowsergui/browsergui/BrowsweGUIDiagramManager.go:533.28,535.4 1 0
github.com/pbrown12303/activeCRL/crleditorbrowsergui/browsergui/BrowsweGUIDiagramManager.go:536.74,538.4 1 0
github.com/pbrown12303/activeCRL/crleditorbrowsergui/browsergui/BrowsweGUIDiagramManager.go:539.74,541.4 1 0
github.com/pbrown12303/activeCRL/crleditorbrowsergui/browsergui/BrowsweGUIDiagramManager.go:542.84,544.4 1 0
github.com/pbrown12303/activeCRL/crleditorbrowsergui/browsergui/BrowsweGUIDiagramManager.go:545.54,547.4 1 0
github.com/pbrown12303/activeCRL/crleditorbrowsergui/browsergui/BrowsweGUIDiagramManager.go:553.139,556.26 3 3
github.com/pbrown12303/activeCRL/crleditorbrowsergui/browsergui/BrowsweGUIDiagramManager.go:559.2,560.24 2 3
github.com/pbrown12303/activeCRL/crleditorbrowsergui/browsergui/BrowsweGUIDiagramManager.go:563.2,564.48 2 3
github.com/pbrown12303/activeCRL/crleditorbrowsergui/browsergui/BrowsweGUIDiagramManager.go:570.2,571.26 2 3
github.com/pbrown12303/activeCRL/crleditorbrowsergui/browsergui/BrowsweGUIDiagramManager.go:574.2,575.24 2 3
github.com/pbrown12303/activeCRL/crleditorbrowsergui/browsergui/BrowsweGUIDiagramManager.go:578.2,580.18 3 3
github.com/pbrown12303/activeCRL/crleditorbrowsergui/browsergui/BrowsweGUIDiagramManager.go:611.2,611.45 1 3
github.com/pbrown12303/activeCRL/crleditorbrowsergui/browsergui/BrowsweGUIDiagramManager.go:556.26,558.3 1 0
github.com/pbrown12303/activeCRL/crleditorbrowsergui/browsergui/BrowsweGUIDiagramManager.go:560.24,562.3 1 0
github.com/pbrown12303/activeCRL/crleditorbrowsergui/browsergui/BrowsweGUIDiagramManager.go:565.23,566.37 1 3
github.com/pbrown12303/activeCRL/crleditorbrowsergui/browsergui/BrowsweGUIDiagramManager.go:567.10,568.106 1 0
github.com/pbrown12303/activeCRL/crleditorbrowsergui/browsergui/BrowsweGUIDiagramManager.go:571.26,573.3 1 0
github.com/pbrown12303/activeCRL/crleditorbrowsergui/browsergui/BrowsweGUIDiagramManager.go:575.24,577.3 1 0
github.com/pbrown12303/activeCRL/crleditorbrowsergui/browsergui/BrowsweGUIDiagramManager.go:580.18,583.17 2 3
github.com/pbrown12303/activeCRL/crleditorbrowsergui/browsergui/BrowsweGUIDiagramManager.go:586.3,591.91 6 3
github.com/pbrown12303/activeCRL/crleditorbrowsergui/browsergui/BrowsweGUIDiagramManager.go:583.17,585.4 1 0
github.com/pbrown12303/activeCRL/crleditorbrowsergui/browsergui/BrowsweGUIDiagramManager.go:592.8,594.28 2 0
github.com/pbrown12303/activeCRL/crleditorbrowsergui/browsergui/BrowsweGUIDiagramManager.go:597.3,597.74 1 0
github.com/pbrown12303/activeCRL/crleditorbrowsergui/browsergui/BrowsweGUIDiagramManager.go:600.3,600.74 1 0
github.com/pbrown12303/activeCRL/crleditorbrowsergui/browsergui/BrowsweGUIDiagramManager.go:603.3,603.84 1 0
github.com/pbrown12303/activeCRL/crleditorbrowsergui/browsergui/BrowsweGUIDiagramManager.go:606.3,606.59 1 0
github.com/pbrown12303/activeCRL/crleditorbrowsergui/browsergui/BrowsweGUIDiagramManager.go:594.28,596.4 1 0
github.com/pbrown12303/activeCRL/crleditorbrowsergui/browsergui/BrowsweGUIDiagramManager.go:597.74,599.4 1 0
github.com/pbrown12303/activeCRL/crleditorbrowsergui/browsergui/BrowsweGUIDiagramManager.go:600.74,602.4 1 0
github.com/pbrown12303/activeCRL/crleditorbrowsergui/browsergui/BrowsweGUIDiagramManager.go:603.84,605.4 1 0
github.com/pbrown12303/activeCRL/crleditorbrowsergui/browsergui/BrowsweGUIDiagramManager.go:606.59,608.4 1 0
github.com/pbrown12303/activeCRL/crleditorbrowsergui/browsergui/BrowsweGUIDiagramManager.go:614.166,617.26 3 14
github.com/pbrown12303/activeCRL/crleditorbrowsergui/browsergui/BrowsweGUIDiagramManager.go:620.2,621.24 2 14
github.com/pbrown12303/activeCRL/crleditorbrowsergui/browsergui/BrowsweGUIDiagramManager.go:624.2,625.26 2 14
github.com/pbrown12303/activeCRL/crleditorbrowsergui/browsergui/BrowsweGUIDiagramManager.go:628.2,629.24 2 14
github.com/pbrown12303/activeCRL/crleditorbrowsergui/browsergui/BrowsweGUIDiagramManager.go:632.2,637.29 6 14
github.com/pbrown12303/activeCRL/crleditorbrowsergui/browsergui/BrowsweGUIDiagramManager.go:647.2,647.18 1 14
github.com/pbrown12303/activeCRL/crleditorbrowsergui/browsergui/BrowsweGUIDiagramManager.go:685.2,687.42 2 14
github.com/pbrown12303/activeCRL/crleditorbrowsergui/browsergui/BrowsweGUIDiagramManager.go:617.26,619.3 1 0
github.com/pbrown12303/activeCRL/crleditorbrowsergui/browsergui/BrowsweGUIDiagramManager.go:621.24,623.3 1 0
github.com/pbrown12303/activeCRL/crleditorbrowsergui/browsergui/BrowsweGUIDiagramManager.go:625.26,627.3 1 0
github.com/pbrown12303/activeCRL/crleditorbrowsergui/browsergui/BrowsweGUIDiagramManager.go:629.24,631.3 1 0
github.com/pbrown12303/activeCRL/crleditorbrowsergui/browsergui/BrowsweGUIDiagramManager.go:638.25,639.39 1 1
github.com/pbrown12303/activeCRL/crleditorbrowsergui/browsergui/BrowsweGUIDiagramManager.go:640.29,641.43 1 1
github.com/pbrown12303/activeCRL/crleditorbrowsergui/browsergui/BrowsweGUIDiagramManager.go:642.27,643.41 1 1
github.com/pbrown12303/activeCRL/crleditorbrowsergui/browsergui/BrowsweGUIDiagramManager.go:644.26,645.40 1 1
github.com/pbrown12303/activeCRL/crleditorbrowsergui/browsergui/BrowsweGUIDiagramManager.go:647.18,653.17 5 14
github.com/pbrown12303/activeCRL/crleditorbrowsergui/browsergui/BrowsweGUIDiagramManager.go:656.3,658.17 3 14
github.com/pbrown12303/activeCRL/crleditorbrowsergui/browsergui/BrowsweGUIDiagramManager.go:661.3,665.91 5 14
github.com/pbrown12303/activeCRL/crleditorbrowsergui/browsergui/BrowsweGUIDiagramManager.go:653.17,655.4 1 0
github.com/pbrown12303/activeCRL/crleditorbrowsergui/browsergui/BrowsweGUIDiagramManager.go:658.17,660.4 1 0
github.com/pbrown12303/activeCRL/crleditorbrowsergui/browsergui/BrowsweGUIDiagramManager.go:666.8,669.26 3 0
github.com/pbrown12303/activeCRL/crleditorbrowsergui/browsergui/BrowsweGUIDiagramManager.go:669.26,670.52 1 0
github.com/pbrown12303/activeCRL/crleditorbrowsergui/browsergui/BrowsweGUIDiagramManager.go:671.24,673.27 2 0
github.com/pbrown12303/activeCRL/crleditorbrowsergui/browsergui/BrowsweGUIDiagramManager.go:676.5,676.54 1 0
github.com/pbrown12303/activeCRL/crleditorbrowsergui/browsergui/BrowsweGUIDiagramManager.go:679.5,679.58 1 0
github.com/pbrown12303/activeCRL/crleditorbrowsergui/browsergui/BrowsweGUIDiagramManager.go:673.27,675.6 1 0
github.com/pbrown12303/activeCRL/crleditorbrowsergui/browsergui/BrowsweGUIDiagramManager.go:676.54,678.6 1 0
github.com/pbrown12303/activeCRL/crleditorbrowsergui/browsergui/BrowsweGUIDiagramManager.go:679.58,681.6 1 0
github.com/pbrown12303/activeCRL/crleditorbrowsergui/browsergui/BrowsweGUIDiagramManager.go:690.139,693.26 3 8
github.com/pbrown12303/activeCRL/crleditorbrowsergui/browsergui/BrowsweGUIDiagramManager.go:696.2,697.24 2 8
github.com/pbrown12303/activeCRL/crleditorbrowsergui/browsergui/BrowsweGUIDiagramManager.go:700.2,701.26 2 8
github.com/pbrown12303/activeCRL/crleditorbrowsergui/browsergui/BrowsweGUIDiagramManager.go:704.2,705.24 2 8
github.com/pbrown12303/activeCRL/crleditorbrowsergui/browsergui/BrowsweGUIDiagramManager.go:708.2,713.18 6 8
github.com/pbrown12303/activeCRL/crleditorbrowsergui/browsergui/BrowsweGUIDiagramManager.go:752.2,754.42 2 8
github.com/pbrown12303/activeCRL/crleditorbrowsergui/browsergui/BrowsweGUIDiagramManager.go:693.26,695.3 1 0
github.com/pbrown12303/activeCRL/crleditorbrowsergui/browsergui/BrowsweGUIDiagramManager.go:697.24,699.3 1 0
github.com/pbrown12303/activeCRL/crleditorbrowsergui/browsergui/BrowsweGUIDiagramManager.go:701.26,703.3 1 0
github.com/pbrown12303/activeCRL/crleditorbrowsergui/browsergui/BrowsweGUIDiagramManager.go:705.24,707.3 1 0
github.com/pbrown12303/activeCRL/crleditorbrowsergui/browsergui/BrowsweGUIDiagramManager.go:713.18,720.17 6 8
github.com/pbrown12303/activeCRL/crleditorbrowsergui/browsergui/BrowsweGUIDiagramManager.go:723.3,725.17 3 8
github.com/pbrown12303/activeCRL/crleditorbrowsergui/browsergui/BrowsweGUIDiagramManager.go:728.3,732.91 5 8
github.com/pbrown12303/activeCRL/crleditorbrowsergui/browsergui/BrowsweGUIDiagramManager.go:720.17,722.4 1 0
github.com/pbrown12303/activeCRL/crleditorbrowsergui/browsergui/BrowsweGUIDiagramManager.go:725.17,727.4 1 0
github.com/pbrown12303/activeCRL/crleditorbrowsergui/browsergui/BrowsweGUIDiagramManager.go:733.8,736.26 3 0
github.com/pbrown12303/activeCRL/crleditorbrowsergui/browsergui/BrowsweGUIDiagramManager.go:736.26,737.52 1 0
github.com/pbrown12303/activeCRL/crleditorbrowsergui/browsergui/BrowsweGUIDiagramManager.go:738.25,740.27 2 0
github.com/pbrown12303/activeCRL/crleditorbrowsergui/browsergui/BrowsweGUIDiagramManager.go:743.5,743.73 1 0
github.com/pbrown12303/activeCRL/crleditorbrowsergui/browsergui/BrowsweGUIDiagramManager.go:746.5,746.73 1 0
github.com/pbrown12303/activeCRL/crleditorbrowsergui/browsergui/BrowsweGUIDiagramManager.go:740.27,742.6 1 0
github.com/pbrown12303/activeCRL/crleditorbrowsergui/browsergui/BrowsweGUIDiagramManager.go:743.73,745.6 1 0
github.com/pbrown12303/activeCRL/crleditorbrowsergui/browsergui/BrowsweGUIDiagramManager.go:746.73,748.6 1 0
github.com/pbrown12303/activeCRL/crleditorbrowsergui/browsergui/BrowsweGUIDiagramManager.go:758.99,760.20 2 0
github.com/pbrown12303/activeCRL/crleditorbrowsergui/browsergui/BrowsweGUIDiagramManager.go:763.2,763.42 1 0
github.com/pbrown12303/activeCRL/crleditorbrowsergui/browsergui/BrowsweGUIDiagramManager.go:760.20,762.3 1 0
github.com/pbrown12303/activeCRL/crleditorbrowsergui/browsergui/BrowsweGUIDiagramManager.go:767.95,769.29 2 279
github.com/pbrown12303/activeCRL/crleditorbrowsergui/browsergui/BrowsweGUIDiagramManager.go:784.2,785.29 2 279
github.com/pbrown12303/activeCRL/crleditorbrowsergui/browsergui/BrowsweGUIDiagramManager.go:800.2,800.12 1 279
github.com/pbrown12303/activeCRL/crleditorbrowsergui/browsergui/BrowsweGUIDiagramManager.go:769.29,772.18 3 433
github.com/pbrown12303/activeCRL/crleditorbrowsergui/browsergui/BrowsweGUIDiagramManager.go:775.3,777.17 3 433
github.com/pbrown12303/activeCRL/crleditorbrowsergui/browsergui/BrowsweGUIDiagramManager.go:780.3,780.39 1 433
github.com/pbrown12303/activeCRL/crleditorbrowsergui/browsergui/BrowsweGUIDiagramManager.go:772.18,774.4 1 0
github.com/pbrown12303/activeCRL/crleditorbrowsergui/browsergui/BrowsweGUIDiagramManager.go:777.17,779.4 1 0
github.com/pbrown12303/activeCRL/crleditorbrowsergui/browsergui/BrowsweGUIDiagramManager.go:780.39,782.4 1 0
github.com/pbrown12303/activeCRL/crleditorbrowsergui/browsergui/BrowsweGUIDiagramManager.go:785.29,788.18 3 90
github.com/pbrown12303/activeCRL/crleditorbrowsergui/browsergui/BrowsweGUIDiagramManager.go:791.3,793.17 3 90
github.com/pbrown12303/activeCRL/crleditorbrowsergui/browsergui/BrowsweGUIDiagramManager.go:796.3,796.39 1 90
github.com/pbrown12303/activeCRL/crleditorbrowsergui/browsergui/BrowsweGUIDiagramManager.go:788.18,790.4 1 0
github.com/pbrown12303/activeCRL/crleditorbrowsergui/browsergui/BrowsweGUIDiagramManager.go:793.17,795.4 1 0
github.com/pbrown12303/activeCRL/crleditorbrowsergui/browsergui/BrowsweGUIDiagramManager.go:796.39,798.4 1 0
github.com/pbrown12303/activeCRL/crleditorbrowsergui/browsergui/BrowsweGUIDiagramManager.go:804.112,806.17 2 0
github.com/pbrown12303/activeCRL/crleditorbrowsergui/browsergui/BrowsweGUIDiagramManager.go:811.2,812.40 2 0
github.com/pbrown12303/activeCRL/crleditorbrowsergui/browsergui/BrowsweGUIDiagramManager.go:806.17,810.3 2 0
github.com/pbrown12303/activeCRL/crleditorbrowsergui/browsergui/BrowsweGUIDiagramManager.go:815.96,817.27 2 0
github.com/pbrown12303/activeCRL/crleditorbrowsergui/browsergui/BrowsweGUIDiagramManager.go:820.2,821.20 2 0
github.com/pbrown12303/activeCRL/crleditorbrowsergui/browsergui/BrowsweGUIDiagramManager.go:824.2,825.25 2 0
github.com/pbrown12303/activeCRL/crleditorbrowsergui/browsergui/BrowsweGUIDiagramManager.go:828.2,829.50 2 0
github.com/pbrown12303/activeCRL/crleditorbrowsergui/browsergui/BrowsweGUIDiagramManager.go:835.2,836.33 2 0
github.com/pbrown12303/activeCRL/crleditorbrowsergui/browsergui/BrowsweGUIDiagramManager.go:839.2,840.35 2 0
github.com/pbrown12303/activeCRL/crleditorbrowsergui/browsergui/BrowsweGUIDiagramManager.go:850.2,851.27 2 0
github.com/pbrown12303/activeCRL/crleditorbrowsergui/browsergui/BrowsweGUIDiagramManager.go:858.2,858.12 1 0
github.com/pbrown12303/activeCRL/crleditorbrowsergui/browsergui/BrowsweGUIDiagramManager.go:817.27,819.3 1 0
github.com/pbrown12303/activeCRL/crleditorbrowsergui/browsergui/BrowsweGUIDiagramManager.go:821.20,823.3 1 0
github.com/pbrown12303/activeCRL/crleditorbrowsergui/browsergui/BrowsweGUIDiagramManager.go:825.25,827.3 1 0
github.com/pbrown12303/activeCRL/crleditorbrowsergui/browsergui/BrowsweGUIDiagramManager.go:830.23,831.38 1 0
github.com/pbrown12303/activeCRL/crleditorbrowsergui/browsergui/BrowsweGUIDiagramManager.go:832.10,833.91 1 0
github.com/pbrown12303/activeCRL/crleditorbrowsergui/browsergui/BrowsweGUIDiagramManager.go:836.33,838.3 1 0
github.com/pbrown12303/activeCRL/crleditorbrowsergui/browsergui/BrowsweGUIDiagramManager.go:840.35,849.3 8 0
github.com/pbrown12303/activeCRL/crleditorbrowsergui/browsergui/BrowsweGUIDiagramManager.go:851.27,857.3 5 0
github.com/pbrown12303/activeCRL/crleditorbrowsergui/browsergui/BrowsweGUIDiagramManager.go:861.94,863.27 2 0
github.com/pbrown12303/activeCRL/crleditorbrowsergui/browsergui/BrowsweGUIDiagramManager.go:866.2,867.20 2 0
github.com/pbrown12303/activeCRL/crleditorbrowsergui/browsergui/BrowsweGUIDiagramManager.go:870.2,871.25 2 0
github.com/pbrown12303/activeCRL/crleditorbrowsergui/browsergui/BrowsweGUIDiagramManager.go:874.2,877.23 4 0
github.com/pbrown12303/activeCRL/crleditorbrowsergui/browsergui/BrowsweGUIDiagramManager.go:903.2,903.12 1 0
github.com/pbrown12303/activeCRL/crleditorbrowsergui/browsergui/BrowsweGUIDiagramManager.go:863.27,865.3 1 0
github.com/pbrown12303/activeCRL/crleditorbrowsergui/browsergui/BrowsweGUIDiagramManager.go:867.20,869.3 1 0
github.com/pbrown12303/activeCRL/crleditorbrowsergui/browsergui/BrowsweGUIDiagramManager.go:871.25,873.3 1 0
github.com/pbrown12303/activeCRL/crleditorbrowsergui/browsergui/BrowsweGUIDiagramManager.go:877.23,879.19 2 0
github.com/pbrown12303/activeCRL/crleditorbrowsergui/browsergui/BrowsweGUIDiagramManager.go:882.3,883.33 2 0
github.com/pbrown12303/activeCRL/crleditorbrowsergui/browsergui/BrowsweGUIDiagramManager.go:893.3,894.26 2 0
github.com/pbrown12303/activeCRL/crleditorbrowsergui/browsergui/BrowsweGUIDiagramManager.go:901.3,901.23 1 0
github.com/pbrown12303/activeCRL/crleditorbrowsergui/browsergui/BrowsweGUIDiagramManager.go:879.19,881.4 1 0
github.com/pbrown12303/activeCRL/crleditorbrowsergui/browsergui/BrowsweGUIDiagramManager.go:883.33,892.4 8 0
github.com/pbrown12303/activeCRL/crleditorbrowsergui/browsergui/BrowsweGUIDiagramManager.go:894.26,900.4 5 0
github.com/pbrown12303/activeCRL/crleditorbrowsergui/browsergui/BrowsweGUIDiagramManager.go:906.86,908.27 2 0
github.com/pbrown12303/activeCRL/crleditorbrowsergui/browsergui/BrowsweGUIDiagramManager.go:911.2,912.20 2 0
github.com/pbrown12303/activeCRL/crleditorbrowsergui/browsergui/BrowsweGUIDiagramManager.go:915.2,916.25 2 0
github.com/pbrown12303/activeCRL/crleditorbrowsergui/browsergui/BrowsweGUIDiagramManager.go:919.2,920.30 2 0
github.com/pbrown12303/activeCRL/crleditorbrowsergui/browsergui/BrowsweGUIDiagramManager.go:923.2,924.32 2 0
github.com/pbrown12303/activeCRL/crleditorbrowsergui/browsergui/BrowsweGUIDiagramManager.go:934.2,935.25 2 0
github.com/pbrown12303/activeCRL/crleditorbrowsergui/browsergui/BrowsweGUIDiagramManager.go:942.2,942.12 1 0
github.com/pbrown12303/activeCRL/crleditorbrowsergui/browsergui/BrowsweGUIDiagramManager.go:908.27,910.3 1 0
github.com/pbrown12303/activeCRL/crleditorbrowsergui/browsergui/BrowsweGUIDiagramManager.go:912.20,914.3 1 0
github.com/pbrown12303/activeCRL/crleditorbrowsergui/browsergui/BrowsweGUIDiagramManager.go:916.25,918.3 1 0
github.com/pbrown12303/activeCRL/crleditorbrowsergui/browsergui/BrowsweGUIDiagramManager.go:920.30,922.3 1 0
github.com/pbrown12303/activeCRL/crleditorbrowsergui/browsergui/BrowsweGUIDiagramManager.go:924.32,933.3 8 0
github.com/pbrown12303/activeCRL/crleditorbrowsergui/browsergui/BrowsweGUIDiagramManager.go:935.25,941.3 5 0
github.com/pbrown12303/activeCRL/crleditorbrowsergui/browsergui/BrowsweGUIDiagramManager.go:945.98,947.27 2 0
github.com/pbrown12303/activeCRL/crleditorbrowsergui/browsergui/BrowsweGUIDiagramManager.go:950.2,951.20 2 0
github.com/pbrown12303/activeCRL/crleditorbrowsergui/browsergui/BrowsweGUIDiagramManager.go:954.2,955.25 2 0
github.com/pbrown12303/activeCRL/crleditorbrowsergui/browsergui/BrowsweGUIDiagramManager.go:958.2,959.50 2 0
github.com/pbrown12303/activeCRL/crleditorbrowsergui/browsergui/BrowsweGUIDiagramManager.go:965.2,966.35 2 0
github.com/pbrown12303/activeCRL/crleditorbrowsergui/browsergui/BrowsweGUIDiagramManager.go:969.2,970.55 2 0
github.com/pbrown12303/activeCRL/crleditorbrowsergui/browsergui/BrowsweGUIDiagramManager.go:1013.2,1014.27 2 0
github.com/pbrown12303/activeCRL/crleditorbrowsergui/browsergui/BrowsweGUIDiagramManager.go:1021.2,1021.12 1 0
github.com/pbrown12303/activeCRL/crleditorbrowsergui/browsergui/BrowsweGUIDiagramManager.go:947.27,949.3 1 0
github.com/pbrown12303/activeCRL/crleditorbrowsergui/browsergui/BrowsweGUIDiagramManager.go:951.20,953.3 1 0
github.com/pbrown12303/activeCRL/crleditorbrowsergui/browsergui/BrowsweGUIDiagramManager.go:955.25,957.3 1 0
github.com/pbrown12303/activeCRL/crleditorbrowsergui/browsergui/BrowsweGUIDiagramManager.go:960.22,961.37 1 0
github.com/pbrown12303/activeCRL/crleditorbrowsergui/browsergui/BrowsweGUIDiagramManager.go:962.10,963.92 1 0
github.com/pbrown12303/activeCRL/crleditorbrowsergui/browsergui/BrowsweGUIDiagramManager.go:966.35,968.3 1 0
github.com/pbrown12303/activeCRL/crleditorbrowsergui/browsergui/BrowsweGUIDiagramManager.go:971.43,973.38 2 0
github.com/pbrown12303/activeCRL/crleditorbrowsergui/browsergui/BrowsweGUIDiagramManager.go:983.28,985.38 2 0
github.com/pbrown12303/activeCRL/crleditorbrowsergui/browsergui/BrowsweGUIDiagramManager.go:988.32,989.71 1 0
github.com/pbrown12303/activeCRL/crleditorbrowsergui/browsergui/BrowsweGUIDiagramManager.go:996.30,997.71 1 0
github.com/pbrown12303/activeCRL/crleditorbrowsergui/browsergui/BrowsweGUIDiagramManager.go:1001.3,1001.38 1 0
github.com/pbrown12303/activeCRL/crleditorbrowsergui/browsergui/BrowsweGUIDiagramManager.go:1004.29,1005.71 1 0
github.com/pbrown12303/activeCRL/crleditorbrowsergui/browsergui/BrowsweGUIDiagramManager.go:973.38,982.4 8 0
github.com/pbrown12303/activeCRL/crleditorbrowsergui/browsergui/BrowsweGUIDiagramManager.go:985.38,987.4 1 0
github.com/pbrown12303/activeCRL/crleditorbrowsergui/browsergui/BrowsweGUIDiagramManager.go:990.23,992.39 2 0
github.com/pbrown12303/activeCRL/crleditorbrowsergui/browsergui/BrowsweGUIDiagramManager.go:992.39,994.5 1 0
github.com/pbrown12303/activeCRL/crleditorbrowsergui/browsergui/BrowsweGUIDiagramManager.go:998.24,999.139 1 0
github.com/pbrown12303/activeCRL/crleditorbrowsergui/browsergui/BrowsweGUIDiagramManager.go:1001.38,1003.4 1 0
github.com/pbrown12303/activeCRL/crleditorbrowsergui/browsergui/BrowsweGUIDiagramManager.go:1006.24,1008.39 2 0
github.com/pbrown12303/activeCRL/crleditorbrowsergui/browsergui/BrowsweGUIDiagramManager.go:1008.39,1010.5 1 0
github.com/pbrown12303/activeCRL/crleditorbrowsergui/browsergui/BrowsweGUIDiagramManager.go:1014.27,1020.3 5 0
github.com/pbrown12303/activeCRL/crleditorbrowsergui/browsergui/BrowsweGUIDiagramManager.go:1024.95,1026.27 2 0
github.com/pbrown12303/activeCRL/crleditorbrowsergui/browsergui/BrowsweGUIDiagramManager.go:1029.2,1030.20 2 0
github.com/pbrown12303/activeCRL/crleditorbrowsergui/browsergui/BrowsweGUIDiagramManager.go:1033.2,1034.25 2 0
github.com/pbrown12303/activeCRL/crleditorbrowsergui/browsergui/BrowsweGUIDiagramManager.go:1037.2,1038.50 2 0
github.com/pbrown12303/activeCRL/crleditorbrowsergui/browsergui/BrowsweGUIDiagramManager.go:1044.2,1045.32 2 0
github.com/pbrown12303/activeCRL/crleditorbrowsergui/browsergui/BrowsweGUIDiagramManager.go:1048.2,1049.34 2 0
github.com/pbrown12303/activeCRL/crleditorbrowsergui/browsergui/BrowsweGUIDiagramManager.go:1059.2,1060.27 2 0
github.com/pbrown12303/activeCRL/crleditorbrowsergui/browsergui/BrowsweGUIDiagramManager.go:1067.2,1067.12 1 0
github.com/pbrown12303/activeCRL/crleditorbrowsergui/browsergui/BrowsweGUIDiagramManager.go:1026.27,1028.3 1 0
github.com/pbrown12303/activeCRL/crleditorbrowsergui/browsergui/BrowsweGUIDiagramManager.go:1030.20,1032.3 1 0
github.com/pbrown12303/activeCRL/crleditorbrowsergui/browsergui/BrowsweGUIDiagramManager.go:1034.25,1036.3 1 0
github.com/pbrown12303/activeCRL/crleditorbrowsergui/browsergui/BrowsweGUIDiagramManager.go:1039.23,1040.38 1 0
github.com/pbrown12303/activeCRL/crleditorbrowsergui/browsergui/BrowsweGUIDiagramManager.go:1041.10,1042.90 1 0
github.com/pbrown12303/activeCRL/crleditorbrowsergui/browsergui/BrowsweGUIDiagramManager.go:1045.32,1047.3 1 0
github.com/pbrown12303/activeCRL/crleditorbrowsergui/browsergui/BrowsweGUIDiagramManager.go:1049.34,1058.3 8 0
github.com/pbrown12303/activeCRL/crleditorbrowsergui/browsergui/BrowsweGUIDiagramManager.go:1060.27,1066.3 5 0
github.com/pbrown12303/activeCRL/crleditorbrowsergui/browsergui/BrowsweGUIDiagramManager.go:1073.104,1075.22 2 152
github.com/pbrown12303/activeCRL/crleditorbrowsergui/browsergui/BrowsweGUIDiagramManager.go:1078.2,1078.42 1 152
github.com/pbrown12303/activeCRL/crleditorbrowsergui/browsergui/BrowsweGUIDiagramManager.go:1140.2,1140.12 1 152
github.com/pbrown12303/activeCRL/crleditorbrowsergui/browsergui/BrowsweGUIDiagramManager.go:1075.22,1077.3 1 0
github.com/pbrown12303/activeCRL/crleditorbrowsergui/browsergui/BrowsweGUIDiagramManager.go:1079.27,1080.50 1 0
github.com/pbrown12303/activeCRL/crleditorbrowsergui/browsergui/BrowsweGUIDiagramManager.go:1088.33,1091.46 3 36
github.com/pbrown12303/activeCRL/crleditorbrowsergui/browsergui/BrowsweGUIDiagramManager.go:1094.3,1096.58 3 36
github.com/pbrown12303/activeCRL/crleditorbrowsergui/browsergui/BrowsweGUIDiagramManager.go:1115.32,1119.46 4 116
github.com/pbrown12303/activeCRL/crleditorbrowsergui/browsergui/BrowsweGUIDiagramManager.go:1080.50,1082.18 2 0
github.com/pbrown12303/activeCRL/crleditorbrowsergui/browsergui/BrowsweGUIDiagramManager.go:1082.18,1084.5 1 0
github.com/pbrown12303/activeCRL/crleditorbrowsergui/browsergui/BrowsweGUIDiagramManager.go:1085.9,1087.4 1 0
github.com/pbrown12303/activeCRL/crleditorbrowsergui/browsergui/BrowsweGUIDiagramManager.go:1091.46,1093.4 1 0
github.com/pbrown12303/activeCRL/crleditorbrowsergui/browsergui/BrowsweGUIDiagramManager.go:1096.58,1100.4 2 0
github.com/pbrown12303/activeCRL/crleditorbrowsergui/browsergui/BrowsweGUIDiagramManager.go:1100.9,1100.65 1 36
github.com/pbrown12303/activeCRL/crleditorbrowsergui/browsergui/BrowsweGUIDiagramManager.go:1100.65,1105.54 3 36
github.com/pbrown12303/activeCRL/crleditorbrowsergui/browsergui/BrowsweGUIDiagramManager.go:1105.54,1109.5 3 0
github.com/pbrown12303/activeCRL/crleditorbrowsergui/browsergui/BrowsweGUIDiagramManager.go:1109.10,1109.61 1 36
github.com/pbrown12303/activeCRL/crleditorbrowsergui/browsergui/BrowsweGUIDiagramManager.go:1109.61,1113.5 3 0
github.com/pbrown12303/activeCRL/crleditorbrowsergui/browsergui/BrowsweGUIDiagramManager.go:1119.46,1121.56 1 116
github.com/pbrown12303/activeCRL/crleditorbrowsergui/browsergui/BrowsweGUIDiagramManager.go:1134.4,1134.45 1 116
github.com/pbrown12303/activeCRL/crleditorbrowsergui/browsergui/BrowsweGUIDiagramManager.go:1121.56,1124.19 3 43
github.com/pbrown12303/activeCRL/crleditorbrowsergui/browsergui/BrowsweGUIDiagramManager.go:1127.5,1127.39 1 43
github.com/pbrown12303/activeCRL/crleditorbrowsergui/browsergui/BrowsweGUIDiagramManager.go:1124.19,1126.6 1 0
github.com/pbrown12303/activeCRL/crleditorbrowsergui/browsergui/BrowsweGUIDiagramManager.go:1127.39,1129.20 2 43
github.com/pbrown12303/activeCRL/crleditorbrowsergui/browsergui/BrowsweGUIDiagramManager.go:1129.20,1131.7 1 0
github.com/pbrown12303/activeCRL/crleditorbrowsergui/browsergui/BrowsweGUIDiagramManager.go:1134.45,1137.5 2 0
github.com/pbrown12303/activeCRL/crleditorbrowsergui/browsergui/ClientNotificationManager.go:22.38,26.2 3 82416
github.com/pbrown12303/activeCRL/crleditorbrowsergui/browsergui/ClientNotificationManager.go:42.64,45.2 2 1
github.com/pbrown12303/activeCRL/crleditorbrowsergui/browsergui/ClientNotificationManager.go:47.77,51.2 3 1
github.com/pbrown12303/activeCRL/crleditorbrowsergui/browsergui/ClientNotificationManager.go:57.142,60.23 3 82439
github.com/pbrown12303/activeCRL/crleditorbrowsergui/browsergui/ClientNotificationManager.go:63.2,66.25 4 82416
github.com/pbrown12303/activeCRL/crleditorbrowsergui/browsergui/ClientNotificationManager.go:69.2,72.16 3 82416
github.com/pbrown12303/activeCRL/crleditorbrowsergui/browsergui/ClientNotificationManager.go:83.2,83.31 1 82416
github.com/pbrown12303/activeCRL/crleditorbrowsergui/browsergui/ClientNotificationManager.go:86.2,89.16 4 82416
github.com/pbrown12303/activeCRL/crleditorbrowsergui/browsergui/ClientNotificationManager.go:100.2,100.31 1 82416
github.com/pbrown12303/activeCRL/crleditorbrowsergui/browsergui/ClientNotificationManager.go:103.2,103.35 1 82416
github.com/pbrown12303/activeCRL/crleditorbrowsergui/browsergui/ClientNotificationManager.go:60.23,62.3 1 23
github.com/pbrown12303/activeCRL/crleditorbrowsergui/browsergui/ClientNotificationManager.go:66.25,68.3 1 80055
github.com/pbrown12303/activeCRL/crleditorbrowsergui/browsergui/ClientNotificationManager.go:72.16,73.21 1 0
github.com/pbrown12303/activeCRL/crleditorbrowsergui/browsergui/ClientNotificationManager.go:74.30,77.86 3 0
github.com/pbrown12303/activeCRL/crleditorbrowsergui/browsergui/ClientNotificationManager.go:78.11,80.19 2 0
github.com/pbrown12303/activeCRL/crleditorbrowsergui/browsergui/ClientNotificationManager.go:83.31,85.3 1 0
github.com/pbrown12303/activeCRL/crleditorbrowsergui/browsergui/ClientNotificationManager.go:89.16,90.21 1 0
github.com/pbrown12303/activeCRL/crleditorbrowsergui/browsergui/ClientNotificationManager.go:91.30,94.94 3 0
github.com/pbrown12303/activeCRL/crleditorbrowsergui/browsergui/ClientNotificationManager.go:95.11,97.116 2 0
github.com/pbrown12303/activeCRL/crleditorbrowsergui/browsergui/ClientNotificationManager.go:100.31,102.3 1 0
github.com/pbrown12303/activeCRL/crleditorbrowsergui/browsergui/ClientNotificationManager.go:107.172,109.2 1 925
github.com/pbrown12303/activeCRL/crleditorbrowsergui/browsergui/PropertyManager.go:17.70,19.16 2 77
github.com/pbrown12303/activeCRL/crleditorbrowsergui/browsergui/PropertyManager.go:22.2,22.12 1 77
github.com/pbrown12303/activeCRL/crleditorbrowsergui/browsergui/PropertyManager.go:19.16,21.3 1 0
github.com/pbrown12303/activeCRL/crleditorbrowsergui/browsergui/PropertyManager.go:26.105,30.21 2 14371
github.com/pbrown12303/activeCRL/crleditorbrowsergui/browsergui/PropertyManager.go:34.2,36.27 3 14371
github.com/pbrown12303/activeCRL/crleditorbrowsergui/browsergui/PropertyManager.go:39.2,41.17 3 14371
github.com/pbrown12303/activeCRL/crleditorbrowsergui/browsergui/PropertyManager.go:44.2,44.128 1 14371
github.com/pbrown12303/activeCRL/crleditorbrowsergui/browsergui/PropertyManager.go:54.2,54.12 1 14371
github.com/pbrown12303/activeCRL/crleditorbrowsergui/browsergui/PropertyManager.go:30.21,32.3 1 0
github.com/pbrown12303/activeCRL/crleditorbrowsergui/browsergui/PropertyManager.go:36.27,38.3 1 0
github.com/pbrown12303/activeCRL/crleditorbrowsergui/browsergui/PropertyManager.go:41.17,43.3 1 0
github.com/pbrown12303/activeCRL/crleditorbrowsergui/browsergui/PropertyManager.go:44.128,46.17 2 6
github.com/pbrown12303/activeCRL/crleditorbrowsergui/browsergui/PropertyManager.go:49.3,49.70 1 6
github.com/pbrown12303/activeCRL/crleditorbrowsergui/browsergui/PropertyManager.go:46.17,48.4 1 0
github.com/pbrown12303/activeCRL/crleditorbrowsergui/browsergui/PropertyManager.go:49.70,51.4 1 0
github.com/pbrown12303/activeCRL/crleditorbrowsergui/browsergui/Server.go:35.28,39.2 3 478
github.com/pbrown12303/activeCRL/crleditorbrowsergui/browsergui/Server.go:50.24,53.2 2 478
github.com/pbrown12303/activeCRL/crleditorbrowsergui/browsergui/Server.go:71.19,74.16 2 0
github.com/pbrown12303/activeCRL/crleditorbrowsergui/browsergui/Server.go:77.2,79.16 3 0
github.com/pbrown12303/activeCRL/crleditorbrowsergui/browsergui/Server.go:82.2,82.12 1 0
github.com/pbrown12303/activeCRL/crleditorbrowsergui/browsergui/Server.go:74.16,76.3 1 0
github.com/pbrown12303/activeCRL/crleditorbrowsergui/browsergui/Server.go:79.16,81.3 1 0
github.com/pbrown12303/activeCRL/crleditorbrowsergui/browsergui/Server.go:86.34,88.2 1 9146
github.com/pbrown12303/activeCRL/crleditorbrowsergui/browsergui/Server.go:90.59,93.2 2 0
github.com/pbrown12303/activeCRL/crleditorbrowsergui/browsergui/Server.go:95.59,98.2 2 1
github.com/pbrown12303/activeCRL/crleditorbrowsergui/browsergui/Server.go:111.35,113.22 2 0
github.com/pbrown12303/activeCRL/crleditorbrowsergui/browsergui/Server.go:121.2,122.27 2 0
github.com/pbrown12303/activeCRL/crleditorbrowsergui/browsergui/Server.go:114.16,115.26 1 0
github.com/pbrown12303/activeCRL/crleditorbrowsergui/browsergui/Server.go:116.17,117.40 1 0
github.com/pbrown12303/activeCRL/crleditorbrowsergui/browsergui/Server.go:118.10,119.30 1 0
github.com/pbrown12303/activeCRL/crleditorbrowsergui/browsergui/Server.go:133.81,138.15 4 478
github.com/pbrown12303/activeCRL/crleditorbrowsergui/browsergui/Server.go:142.2,143.19 2 478
github.com/pbrown12303/activeCRL/crleditorbrowsergui/browsergui/Server.go:148.2,149.16 2 478
github.com/pbrown12303/activeCRL/crleditorbrowsergui/browsergui/Server.go:154.2,156.46 3 478
github.com/pbrown12303/activeCRL/crleditorbrowsergui/browsergui/Server.go:159.2,159.24 1 478
github.com/pbrown12303/activeCRL/crleditorbrowsergui/browsergui/Server.go:138.15,141.3 1 478
github.com/pbrown12303/activeCRL/crleditorbrowsergui/browsergui/Server.go:143.19,147.3 3 0
github.com/pbrown12303/activeCRL/crleditorbrowsergui/browsergui/Server.go:149.16,153.3 3 0
github.com/pbrown12303/activeCRL/crleditorbrowsergui/browsergui/Server.go:156.46,158.3 1 1
github.com/pbrown12303/activeCRL/crleditorbrowsergui/browsergui/Server.go:160.32,164.17 3 3
github.com/pbrown12303/activeCRL/crleditorbrowsergui/browsergui/Server.go:169.25,175.72 6 1
github.com/pbrown12303/activeCRL/crleditorbrowsergui/browsergui/Server.go:176.25,179.17 3 36
github.com/pbrown12303/activeCRL/crleditorbrowsergui/browsergui/Server.go:184.25,190.72 6 1
github.com/pbrown12303/activeCRL/crleditorbrowsergui/browsergui/Server.go:191.27,197.74 6 1
github.com/pbrown12303/activeCRL/crleditorbrowsergui/browsergui/Server.go:198.28,204.75 6 1
github.com/pbrown12303/activeCRL/crleditorbrowsergui/browsergui/Server.go:205.24,207.34 2 38
github.com/pbrown12303/activeCRL/crleditorbrowsergui/browsergui/Server.go:208.24,210.34 2 0
github.com/pbrown12303/activeCRL/crleditorbrowsergui/browsergui/Server.go:211.27,214.16 3 0
github.com/pbrown12303/activeCRL/crleditorbrowsergui/browsergui/Server.go:217.3,217.79 1 0
github.com/pbrown12303/activeCRL/crleditorbrowsergui/browsergui/Server.go:218.34,221.17 3 0
github.com/pbrown12303/activeCRL/crleditorbrowsergui/browsergui/Server.go:226.22,229.17 3 71
github.com/pbrown12303/activeCRL/crleditorbrowsergui/browsergui/Server.go:234.21,237.17 3 2
github.com/pbrown12303/activeCRL/crleditorbrowsergui/browsergui/Server.go:242.32,246.21 4 0
github.com/pbrown12303/activeCRL/crleditorbrowsergui/browsergui/Server.go:250.3,250.118 1 0
github.com/pbrown12303/activeCRL/crleditorbrowsergui/browsergui/Server.go:251.32,254.17 3 0
github.com/pbrown12303/activeCRL/crleditorbrowsergui/browsergui/Server.go:257.3,258.18 2 0
github.com/pbrown12303/activeCRL/crleditorbrowsergui/browsergui/Server.go:264.34,267.44 3 0
github.com/pbrown12303/activeCRL/crleditorbrowsergui/browsergui/Server.go:268.26,271.36 3 0
github.com/pbrown12303/activeCRL/crleditorbrowsergui/browsergui/Server.go:272.32,275.76 3 0
github.com/pbrown12303/activeCRL/crleditorbrowsergui/browsergui/Server.go:279.3,279.84 1 0
github.com/pbrown12303/activeCRL/crleditorbrowsergui/browsergui/Server.go:280.31,287.17 3 9
github.com/pbrown12303/activeCRL/crleditorbrowsergui/browsergui/Server.go:292.14,296.32 4 0
github.com/pbrown12303/activeCRL/crleditorbrowsergui/browsergui/Server.go:300.23,304.28 4 0
github.com/pbrown12303/activeCRL/crleditorbrowsergui/browsergui/Server.go:307.3,307.17 1 0
github.com/pbrown12303/activeCRL/crleditorbrowsergui/browsergui/Server.go:312.26,315.17 3 0
github.com/pbrown12303/activeCRL/crleditorbrowsergui/browsergui/Server.go:318.3,319.17 2 0
github.com/pbrown12303/activeCRL/crleditorbrowsergui/browsergui/Server.go:324.3,325.67 2 0
github.com/pbrown12303/activeCRL/crleditorbrowsergui/browsergui/Server.go:326.22,329.16 3 0
github.com/pbrown12303/activeCRL/crleditorbrowsergui/browsergui/Server.go:332.3,332.74 1 0
github.com/pbrown12303/activeCRL/crleditorbrowsergui/browsergui/Server.go:333.29,336.16 3 0
github.com/pbrown12303/activeCRL/crleditorbrowsergui/browsergui/Server.go:342.3,342.81 1 0
github.com/pbrown12303/activeCRL/crleditorbrowsergui/browsergui/Server.go:343.26,348.73 5 36
github.com/pbrown12303/activeCRL/crleditorbrowsergui/browsergui/Server.go:349.34,352.28 3 0
github.com/pbrown12303/activeCRL/crleditorbrowsergui/browsergui/Server.go:356.3,357.26 2 0
github.com/pbrown12303/activeCRL/crleditorbrowsergui/browsergui/Server.go:361.3,362.44 2 0
github.com/pbrown12303/activeCRL/crleditorbrowsergui/browsergui/Server.go:363.23,365.17 2 0
github.com/pbrown12303/activeCRL/crleditorbrowsergui/browsergui/Server.go:370.29,374.17 3 6
github.com/pbrown12303/activeCRL/crleditorbrowsergui/browsergui/Server.go:379.14,381.24 2 120
github.com/pbrown12303/activeCRL/crleditorbrowsergui/browsergui/Server.go:382.31,386.17 3 3
github.com/pbrown12303/activeCRL/crleditorbrowsergui/browsergui/Server.go:391.30,398.17 3 14
github.com/pbrown12303/activeCRL/crleditorbrowsergui/browsergui/Server.go:403.31,407.17 3 8
github.com/pbrown12303/activeCRL/crleditorbrowsergui/browsergui/Server.go:412.24,414.34 2 0
github.com/pbrown12303/activeCRL/crleditorbrowsergui/browsergui/Server.go:415.35,424.17 9 0
github.com/pbrown12303/activeCRL/crleditorbrowsergui/browsergui/Server.go:427.23,429.17 2 0
github.com/pbrown12303/activeCRL/crleditorbrowsergui/browsergui/Server.go:434.32,436.30 2 0
github.com/pbrown12303/activeCRL/crleditorbrowsergui/browsergui/Server.go:440.3,441.17 2 0
github.com/pbrown12303/activeCRL/crleditorbrowsergui/browsergui/Server.go:446.37,448.28 2 0
github.com/pbrown12303/activeCRL/crleditorbrowsergui/browsergui/Server.go:452.3,453.26 2 0
github.com/pbrown12303/activeCRL/crleditorbrowsergui/browsergui/Server.go:457.3,458.17 2 0
github.com/pbrown12303/activeCRL/crleditorbrowsergui/browsergui/Server.go:463.39,465.28 2 0
github.com/pbrown12303/activeCRL/crleditorbrowsergui/browsergui/Server.go:469.3,470.17 2 0
github.com/pbrown12303/activeCRL/crleditorbrowsergui/browsergui/Server.go:475.30,478.146 3 2
github.com/pbrown12303/activeCRL/crleditorbrowsergui/browsergui/Server.go:479.29,482.39 3 0
github.com/pbrown12303/activeCRL/crleditorbrowsergui/browsergui/Server.go:483.27,486.17 3 0
github.com/pbrown12303/activeCRL/crleditorbrowsergui/browsergui/Server.go:491.19,494.17 3 0
github.com/pbrown12303/activeCRL/crleditorbrowsergui/browsergui/Server.go:499.31,502.41 3 0
github.com/pbrown12303/activeCRL/crleditorbrowsergui/browsergui/Server.go:503.28,506.38 3 0
github.com/pbrown12303/activeCRL/crleditorbrowsergui/browsergui/Server.go:507.24,512.17 4 0
github.com/pbrown12303/activeCRL/crleditorbrowsergui/browsergui/Server.go:517.26,520.32 3 1
github.com/pbrown12303/activeCRL/crleditorbrowsergui/browsergui/Server.go:523.3,524.112 2 1
github.com/pbrown12303/activeCRL/crleditorbrowsergui/browsergui/Server.go:525.14,527.24 2 125
github.com/pbrown12303/activeCRL/crleditorbrowsergui/browsergui/Server.go:528.29,531.60 3 0
github.com/pbrown12303/activeCRL/crleditorbrowsergui/browsergui/Server.go:532.31,535.62 3 0
github.com/pbrown12303/activeCRL/crleditorbrowsergui/browsergui/Server.go:536.20,539.16 3 0
github.com/pbrown12303/activeCRL/crleditorbrowsergui/browsergui/Server.go:542.3,542.73 1 0
github.com/pbrown12303/activeCRL/crleditorbrowsergui/browsergui/Server.go:543.10,545.65 2 0
github.com/pbrown12303/activeCRL/crleditorbrowsergui/browsergui/Server.go:164.17,166.4 1 0
github.com/pbrown12303/activeCRL/crleditorbrowsergui/browsergui/Server.go:166.9,168.4 1 3
github.com/pbrown12303/activeCRL/crleditorbrowsergui/browsergui/Server.go:179.17,181.4 1 0
github.com/pbrown12303/activeCRL/crleditorbrowsergui/browsergui/Server.go:181.9,183.4 1 36
github.com/pbrown12303/activeCRL/crleditorbrowsergui/browsergui/Server.go:214.16,216.4 1 0
github.com/pbrown12303/activeCRL/crleditorbrowsergui/browsergui/Server.go:221.17,223.4 1 0
github.com/pbrown12303/activeCRL/crleditorbrowsergui/browsergui/Server.go:223.9,225.4 1 0
github.com/pbrown12303/activeCRL/crleditorbrowsergui/browsergui/Server.go:229.17,231.4 1 0
github.com/pbrown12303/activeCRL/crleditorbrowsergui/browsergui/Server.go:231.9,233.4 1 71
github.com/pbrown12303/activeCRL/crleditorbrowsergui/browsergui/Server.go:237.17,239.4 1 0
github.com/pbrown12303/activeCRL/crleditorbrowsergui/browsergui/Server.go:239.9,241.4 1 2
github.com/pbrown12303/activeCRL/crleditorbrowsergui/browsergui/Server.go:246.21,249.4 2 0
github.com/pbrown12303/activeCRL/crleditorbrowsergui/browsergui/Server.go:254.17,256.4 1 0
github.com/pbrown12303/activeCRL/crleditorbrowsergui/browsergui/Server.go:258.18,260.4 1 0
github.com/pbrown12303/activeCRL/crleditorbrowsergui/browsergui/Server.go:260.9,263.4 2 0
github.com/pbrown12303/activeCRL/crleditorbrowsergui/browsergui/Server.go:275.76,278.4 2 0
github.com/pbrown12303/activeCRL/crleditorbrowsergui/browsergui/Server.go:287.17,289.4 1 0
github.com/pbrown12303/activeCRL/crleditorbrowsergui/browsergui/Server.go:289.9,291.4 1 9
github.com/pbrown12303/activeCRL/crleditorbrowsergui/browsergui/Server.go:296.32,299.4 1 0
github.com/pbrown12303/activeCRL/crleditorbrowsergui/browsergui/Server.go:304.28,306.4 1 0
github.com/pbrown12303/activeCRL/crleditorbrowsergui/browsergui/Server.go:307.17,309.4 1 0
github.com/pbrown12303/activeCRL/crleditorbrowsergui/browsergui/Server.go:309.9,311.4 1 0
github.com/pbrown12303/activeCRL/crleditorbrowsergui/browsergui/Server.go:315.17,317.4 1 0
github.com/pbrown12303/activeCRL/crleditorbrowsergui/browsergui/Server.go:319.17,321.4 1 0
github.com/pbrown12303/activeCRL/crleditorbrowsergui/browsergui/Server.go:321.9,323.4 1 0
github.com/pbrown12303/activeCRL/crleditorbrowsergui/browsergui/Server.go:329.16,331.4 1 0
github.com/pbrown12303/activeCRL/crleditorbrowsergui/browsergui/Server.go:336.16,337.32 1 0
github.com/pbrown12303/activeCRL/crleditorbrowsergui/browsergui/Server.go:338.22,339.74 1 0
github.com/pbrown12303/activeCRL/crleditorbrowsergui/browsergui/Server.go:352.28,354.9 2 0
github.com/pbrown12303/activeCRL/crleditorbrowsergui/browsergui/Server.go:357.26,359.9 2 0
github.com/pbrown12303/activeCRL/crleditorbrowsergui/browsergui/Server.go:365.17,367.4 1 0
github.com/pbrown12303/activeCRL/crleditorbrowsergui/browsergui/Server.go:367.9,369.4 1 0
github.com/pbrown12303/activeCRL/crleditorbrowsergui/browsergui/Server.go:374.17,376.4 1 0
github.com/pbrown12303/activeCRL/crleditorbrowsergui/browsergui/Server.go:376.9,378.4 1 6
github.com/pbrown12303/activeCRL/crleditorbrowsergui/browsergui/Server.go:386.17,388.4 1 0
github.com/pbrown12303/activeCRL/crleditorbrowsergui/browsergui/Server.go:388.9,390.4 1 3
github.com/pbrown12303/activeCRL/crleditorbrowsergui/browsergui/Server.go:398.17,400.4 1 0
github.com/pbrown12303/activeCRL/crleditorbrowsergui/browsergui/Server.go:400.9,402.4 1 14
github.com/pbrown12303/activeCRL/crleditorbrowsergui/browsergui/Server.go:407.17,409.4 1 0
github.com/pbrown12303/activeCRL/crleditorbrowsergui/browsergui/Server.go:409.9,411.4 1 8
github.com/pbrown12303/activeCRL/crleditorbrowsergui/browsergui/Server.go:424.17,426.4 1 0
github.com/pbrown12303/activeCRL/crleditorbrowsergui/browsergui/Server.go:429.17,431.4 1 0
github.com/pbrown12303/activeCRL/crleditorbrowsergui/browsergui/Server.go:431.9,433.4 1 0
github.com/pbrown12303/activeCRL/crleditorbrowsergui/browsergui/Server.go:436.30,438.9 2 0
github.com/pbrown12303/activeCRL/crleditorbrowsergui/browsergui/Server.go:441.17,443.4 1 0
github.com/pbrown12303/activeCRL/crleditorbrowsergui/browsergui/Server.go:443.9,445.4 1 0
github.com/pbrown12303/activeCRL/crleditorbrowsergui/browsergui/Server.go:448.28,450.9 2 0
github.com/pbrown12303/activeCRL/crleditorbrowsergui/browsergui/Server.go:453.26,455.9 2 0
github.com/pbrown12303/activeCRL/crleditorbrowsergui/browsergui/Server.go:458.17,460.4 1 0
github.com/pbrown12303/activeCRL/crleditorbrowsergui/browsergui/Server.go:460.9,462.4 1 0
github.com/pbrown12303/activeCRL/crleditorbrowsergui/browsergui/Server.go:465.28,467.9 2 0
github.com/pbrown12303/activeCRL/crleditorbrowsergui/browsergui/Server.go:470.17,472.4 1 0
github.com/pbrown12303/activeCRL/crleditorbrowsergui/browsergui/Server.go:472.9,474.4 1 0
github.com/pbrown12303/activeCRL/crleditorbrowsergui/browsergui/Server.go:486.17,488.4 1 0
github.com/pbrown12303/activeCRL/crleditorbrowsergui/browsergui/Server.go:488.9,490.4 1 0
github.com/pbrown12303/activeCRL/crleditorbrowsergui/browsergui/Server.go:494.17,496.4 1 0
github.com/pbrown12303/activeCRL/crleditorbrowsergui/browsergui/Server.go:496.9,498.4 1 0
github.com/pbrown12303/activeCRL/crleditorbrowsergui/browsergui/Server.go:512.17,514.4 1 0
github.com/pbrown12303/activeCRL/crleditorbrowsergui/browsergui/Server.go:514.9,516.4 1 0
github.com/pbrown12303/activeCRL/crleditorbrowsergui/browsergui/Server.go:520.32,522.4 1 0
github.com/pbrown12303/activeCRL/crleditorbrowsergui/browsergui/Server.go:539.16,541.4 1 0
github.com/pbrown12303/activeCRL/crleditorbrowsergui/browsergui/Server.go:549.66,550.16 1 283
github.com/pbrown12303/activeCRL/crleditorbrowsergui/browsergui/Server.go:550.16,552.3 1 1
github.com/pbrown12303/activeCRL/crleditorbrowsergui/browsergui/Server.go:552.8,554.3 1 282
github.com/pbrown12303/activeCRL/crleditorbrowsergui/browsergui/Server.go:557.117,564.16 7 478
github.com/pbrown12303/activeCRL/crleditorbrowsergui/browsergui/Server.go:567.2,567.26 1 478
github.com/pbrown12303/activeCRL/crleditorbrowsergui/browsergui/Server.go:564.16,566.3 1 0
github.com/pbrown12303/activeCRL/crleditorbrowsergui/browsergui/Server.go:567.26,569.3 1 1
github.com/pbrown12303/activeCRL/crleditorbrowsergui/browsergui/Server.go:573.40,615.24 9 1
github.com/pbrown12303/activeCRL/crleditorbrowsergui/browsergui/Server.go:619.2,623.25 3 1
github.com/pbrown12303/activeCRL/crleditorbrowsergui/browsergui/Server.go:615.24,617.3 1 0
github.com/pbrown12303/activeCRL/crleditorbrowsergui/browsergui/Server.go:626.19,629.2 2 1
github.com/pbrown12303/activeCRL/crleditorbrowsergui/browsergui/Server.go:631.22,633.21 1 1
github.com/pbrown12303/activeCRL/crleditorbrowsergui/browsergui/Server.go:633.21,638.3 4 1
github.com/pbrown12303/activeCRL/crleditorbrowsergui/browsergui/Server.go:641.66,643.16 2 1
github.com/pbrown12303/activeCRL/crleditorbrowsergui/browsergui/Server.go:643.16,645.3 1 0
github.com/pbrown12303/activeCRL/crleditorbrowsergui/browsergui/Server.go:651.56,655.52 3 1
github.com/pbrown12303/activeCRL/crleditorbrowsergui/browsergui/Server.go:656.2,657.16 2 1
github.com/pbrown12303/activeCRL/crleditorbrowsergui/browsergui/Server.go:661.2,663.24 3 1
github.com/pbrown12303/activeCRL/crleditorbrowsergui/browsergui/Server.go:655.52,655.67 1 1
github.com/pbrown12303/activeCRL/crleditorbrowsergui/browsergui/Server.go:657.16,660.3 2 0
github.com/pbrown12303/activeCRL/crleditorbrowsergui/browsergui/TreeManager.go:20.84,24.23 4 67857
github.com/pbrown12303/activeCRL/crleditorbrowsergui/browsergui/TreeManager.go:38.2,38.12 1 67857
github.com/pbrown12303/activeCRL/crleditorbrowsergui/browsergui/TreeManager.go:24.23,26.19 2 65366
github.com/pbrown12303/activeCRL/crleditorbrowsergui/browsergui/TreeManager.go:29.3,30.17 2 65366
github.com/pbrown12303/activeCRL/crleditorbrowsergui/browsergui/TreeManager.go:33.3,34.17 2 65366
github.com/pbrown12303/activeCRL/crleditorbrowsergui/browsergui/TreeManager.go:26.19,28.4 1 0
github.com/pbrown12303/activeCRL/crleditorbrowsergui/browsergui/TreeManager.go:30.17,32.4 1 0
github.com/pbrown12303/activeCRL/crleditorbrowsergui/browsergui/TreeManager.go:34.17,36.4 1 0
github.com/pbrown12303/activeCRL/crleditorbrowsergui/browsergui/TreeManager.go:42.80,43.15 1 71233
github.com/pbrown12303/activeCRL/crleditorbrowsergui/browsergui/TreeManager.go:46.2,51.17 4 71233
github.com/pbrown12303/activeCRL/crleditorbrowsergui/browsergui/TreeManager.go:54.2,55.17 2 71233
github.com/pbrown12303/activeCRL/crleditorbrowsergui/browsergui/TreeManager.go:58.2,58.69 1 71233
github.com/pbrown12303/activeCRL/crleditorbrowsergui/browsergui/TreeManager.go:61.2,61.12 1 71233
github.com/pbrown12303/activeCRL/crleditorbrowsergui/browsergui/TreeManager.go:43.15,45.3 1 0
github.com/pbrown12303/activeCRL/crleditorbrowsergui/browsergui/TreeManager.go:51.17,53.3 1 0
github.com/pbrown12303/activeCRL/crleditorbrowsergui/browsergui/TreeManager.go:55.17,57.3 1 0
github.com/pbrown12303/activeCRL/crleditorbrowsergui/browsergui/TreeManager.go:58.69,60.3 1 0
github.com/pbrown12303/activeCRL/crleditorbrowsergui/browsergui/TreeManager.go:65.91,67.16 2 0
github.com/pbrown12303/activeCRL/crleditorbrowsergui/browsergui/TreeManager.go:70.2,73.23 4 0
github.com/pbrown12303/activeCRL/crleditorbrowsergui/browsergui/TreeManager.go:83.2,83.12 1 0
github.com/pbrown12303/activeCRL/crleditorbrowsergui/browsergui/TreeManager.go:67.16,69.3 1 0
github.com/pbrown12303/activeCRL/crleditorbrowsergui/browsergui/TreeManager.go:73.23,75.19 2 0
github.com/pbrown12303/activeCRL/crleditorbrowsergui/browsergui/TreeManager.go:78.3,79.17 2 0
github.com/pbrown12303/activeCRL/crleditorbrowsergui/browsergui/TreeManager.go:75.19,77.4 1 0
github.com/pbrown12303/activeCRL/crleditorbrowsergui/browsergui/TreeManager.go:79.17,81.4 1 0
github.com/pbrown12303/activeCRL/crleditorbrowsergui/browsergui/TreeManager.go:87.83,88.15 1 7433
github.com/pbrown12303/activeCRL/crleditorbrowsergui/browsergui/TreeManager.go:91.2,96.17 4 7433
github.com/pbrown12303/activeCRL/crleditorbrowsergui/browsergui/TreeManager.go:99.2,100.16 2 7433
github.com/pbrown12303/activeCRL/crleditorbrowsergui/browsergui/TreeManager.go:103.2,103.69 1 7433
github.com/pbrown12303/activeCRL/crleditorbrowsergui/browsergui/TreeManager.go:107.2,107.12 1 7433
github.com/pbrown12303/activeCRL/crleditorbrowsergui/browsergui/TreeManager.go:88.15,90.3 1 0
github.com/pbrown12303/activeCRL/crleditorbrowsergui/browsergui/TreeManager.go:96.17,98.3 1 0
github.com/pbrown12303/activeCRL/crleditorbrowsergui/browsergui/TreeManager.go:100.16,102.3 1 0
github.com/pbrown12303/activeCRL/crleditorbrowsergui/browsergui/TreeManager.go:103.69,105.3 1 0
github.com/pbrown12303/activeCRL/crleditorbrowsergui/browsergui/TreeManager.go:111.79,112.16 1 0
github.com/pbrown12303/activeCRL/crleditorbrowsergui/browsergui/TreeManager.go:115.2,116.16 2 0
github.com/pbrown12303/activeCRL/crleditorbrowsergui/browsergui/TreeManager.go:119.2,119.38 1 0
github.com/pbrown12303/activeCRL/crleditorbrowsergui/browsergui/TreeManager.go:122.2,122.12 1 0
github.com/pbrown12303/activeCRL/crleditorbrowsergui/browsergui/TreeManager.go:112.16,114.3 1 0
github.com/pbrown12303/activeCRL/crleditorbrowsergui/browsergui/TreeManager.go:116.16,118.3 1 0
github.com/pbrown12303/activeCRL/crleditorbrowsergui/browsergui/TreeManager.go:119.38,121.3 1 0
github.com/pbrown12303/activeCRL/crleditorbrowsergui/browsergui/TreeManager.go:135.66,137.16 2 77
github.com/pbrown12303/activeCRL/crleditorbrowsergui/browsergui/TreeManager.go:140.2,140.12 1 77
github.com/pbrown12303/activeCRL/crleditorbrowsergui/browsergui/TreeManager.go:137.16,139.3 1 0
github.com/pbrown12303/activeCRL/crleditorbrowsergui/browsergui/TreeManager.go:144.70,146.16 2 321
github.com/pbrown12303/activeCRL/crleditorbrowsergui/browsergui/TreeManager.go:149.2,149.33 1 321
github.com/pbrown12303/activeCRL/crleditorbrowsergui/browsergui/TreeManager.go:152.2,152.38 1 321
github.com/pbrown12303/activeCRL/crleditorbrowsergui/browsergui/TreeManager.go:155.2,155.62 1 321
github.com/pbrown12303/activeCRL/crleditorbrowsergui/browsergui/TreeManager.go:167.2,167.12 1 321
github.com/pbrown12303/activeCRL/crleditorbrowsergui/browsergui/TreeManager.go:146.16,148.3 1 0
github.com/pbrown12303/activeCRL/crleditorbrowsergui/browsergui/TreeManager.go:149.33,151.3 1 0
github.com/pbrown12303/activeCRL/crleditorbrowsergui/browsergui/TreeManager.go:152.38,154.3 1 0
github.com/pbrown12303/activeCRL/crleditorbrowsergui/browsergui/TreeManager.go:155.62,156.37 1 67857
github.com/pbrown12303/activeCRL/crleditorbrowsergui/browsergui/TreeManager.go:156.37,158.18 2 2491
github.com/pbrown12303/activeCRL/crleditorbrowsergui/browsergui/TreeManager.go:161.4,162.18 2 2491
github.com/pbrown12303/activeCRL/crleditorbrowsergui/browsergui/TreeManager.go:158.18,160.5 1 0
github.com/pbrown12303/activeCRL/crleditorbrowsergui/browsergui/TreeManager.go:162.18,164.5 1 0
github.com/pbrown12303/activeCRL/crleditorbrowsergui/browsergui/TreeManager.go:172.101,176.21 2 14371
github.com/pbrown12303/activeCRL/crleditorbrowsergui/browsergui/TreeManager.go:180.2,182.42 3 14371
github.com/pbrown12303/activeCRL/crleditorbrowsergui/browsergui/TreeManager.go:191.2,191.12 1 14371
github.com/pbrown12303/activeCRL/crleditorbrowsergui/browsergui/TreeManager.go:176.21,178.3 1 0
github.com/pbrown12303/activeCRL/crleditorbrowsergui/browsergui/TreeManager.go:183.25,184.36 1 3376
github.com/pbrown12303/activeCRL/crleditorbrowsergui/browsergui/TreeManager.go:185.54,186.39 1 7433
github.com/pbrown12303/activeCRL/crleditorbrowsergui/browsergui/TreeManager.go:187.27,188.41 1 0
